'https://QoHash/Neo4j/DemoDB/domain'
'https://QoHash/Neo4j/DemoDB/domain'
'https://QoHash/Neo4j/DemoDB/domain'
'https://QoHash/Neo4j/DemoDB/domain'
'https://QoHash/Neo4j/DemoDB/domain'
'https://QoHash/Neo4j/DemoDB/domain'
'https://QoHash/Neo4j/DemoDB/firstSeen'
'https://QoHash/Neo4j/DemoDB/firstSeen'
'https://QoHash/Neo4j/DemoDB/firstSeen'
'https://QoHash/Neo4j/DemoDB/firstSeen'
'https://QoHash/Neo4j/DemoDB/firstSeen'
'https://QoHash/Neo4j/DemoDB/firstSeen'
'https://QoHash/Neo4j/DemoDB/firstSeen'
'https://QoHash/Neo4j/DemoDB/lastSeen'
'https://QoHash/Neo4j/DemoDB/lastSeen'
'https://QoHash/Neo4j/DemoDB/lastSeen'
'https://QoHash/Neo4j/DemoDB/lastSeen'
'https://QoHash/Neo4j/DemoDB/lastSeen'
'https://QoHash/Neo4j/DemoDB/lastSeen'
'https://QoHash/Neo4j/DemoDB/lastSeen'
'https://QoHash/Neo4j/DemoDB/upn'
'https://QoHash/Neo4j/DemoDB/upn'
'https://QoHash/Neo4j/DemoDB/upn'
'https://QoHash/Neo4j/DemoDB/upn'
'https://QoHash/Neo4j/DemoDB/upn'
'https://QoHash/Neo4j/DemoDB/username'
'https://QoHash/Neo4j/DemoDB/username'
'https://QoHash/Neo4j/DemoDB/username'
'https://QoHash/Neo4j/DemoDB/username'
'https://QoHash/Neo4j/DemoDB/username'
'https://QoHash/Neo4j/DemoDB/username'
'https://QoHash/Neo4j/DemoDB/HAS_ACCOUNT'
'https://QoHash/Neo4j/DemoDB/HAS_ACCOUNT'
'https://QoHash/Neo4j/DemoDB/HAS_ACCOUNT'
'https://QoHash/Neo4j/DemoDB/HAS_ACCOUNT'
'https://QoHash/Neo4j/DemoDB/IS_ON_DATA_SOURCE'
'https://QoHash/Neo4j/DemoDB/IS_ON_DATA_SOURCE'
'https://QoHash/Neo4j/DemoDB/IS_ON_DATA_SOURCE'
'https://QoHash/Neo4j/DemoDB/HAS_ACCOUNT'
'https://QoHash/Neo4j/DemoDB/HAS_ACCOUNT'
'https://QoHash/Neo4j/DemoDB/HAS_ACCOUNT'
'https://QoHash/Neo4j/DemoDB/HAS_ACCOUNT'
'https://QoHash/Neo4j/DemoDB/IS_ON_DATA_SOURCE'
'https://QoHash/Neo4j/DemoDB/IS_ON_DATA_SOURCE'
'https://QoHash/Neo4j/DemoDB/IS_ON_DATA_SOURCE'
'https://QoHash/Neo4j/DemoDB/IS_ON_DATA_SOURCE'
'https://QoHash/Neo4j/DemoDB/IS_ON_DATA_SOURCE'
'https://QoHash/Neo4j/DemoDB/IS_ON_DATA_SOURCE'
'https://QoHash/Neo4j/DemoDB/IS_ON_DATA_SOURCE'
'https://QoHash/Neo4j/DemoDB/IS_ON_DATA_SOURCE'
'https://QoHash/Neo4j/DemoDB/IS_ON_DATA_SOURCE'
'https://QoHash/Neo4j/DemoDB/IS_ON_DATA_SOURCE'
'https://QoHash/Neo4j/DemoDB/IS_ON_DATA_SOURCE'
'https://QoHash/Neo4j/DemoDB/IS_ON_DATA_SOURCE'
'https://QoHash/Neo4j/DemoDB/IS_ON_DATA_SOURCE'
'https://QoHash/Neo4j/DemoDB/IS_ON_DATA_SOURCE'
'https://QoHash/Neo4j/DemoDB/IS_ON_DATA_SOURCE'
'https://QoHash/Neo4j/DemoDB/IS_ON_DATA_SOURCE'
'https://QoHash/Neo4j/DemoDB/IS_ON_DATA_SOURCE'
'https://QoHash/Neo4j/DemoDB/IS_ON_DATA_SOURCE'
'https://QoHash/Neo4j/DemoDB/IS_ON_DATA_SOURCE'
'https://QoHash/Neo4j/DemoDB/IS_ON_DATA_SOURCE'
'https://QoHash/Neo4j/DemoDB/INVOLVES_ACCOUNT'
'https://QoHash/Neo4j/DemoDB/INVOLVES_ACCOUNT'
'https://QoHash/Neo4j/DemoDB/INVOLVES_ACCOUNT'
'https://QoHash/Neo4j/DemoDB/INVOLVES_ACCOUNT'
'https://QoHash/Neo4j/DemoDB/INVOLVES_ACCOUNT'
'https://QoHash/Neo4j/DemoDB/INVOLVES_ACCOUNT'
'https://QoHash/Neo4j/DemoDB/INVOLVES_ACCOUNT'
'https://QoHash/Neo4j/DemoDB/INVOLVES_ACCOUNT'
'https://QoHash/Neo4j/DemoDB/INVOLVES_ACCOUNT'
'https://QoHash/Neo4j/DemoDB/INVOLVES_ACCOUNT'
'https://QoHash/Neo4j/DemoDB/INVOLVES_ACCOUNT'
'https://QoHash/Neo4j/DemoDB/INVOLVES_ACCOUNT'
'https://QoHash/Neo4j/DemoDB/INVOLVES_ACCOUNT'
'https://QoHash/Neo4j/DemoDB/INVOLVES_ACCOUNT'
'https://QoHash/Neo4j/DemoDB/INVOLVES_ACCOUNT'
'https://QoHash/Neo4j/DemoDB/INVOLVES_ACCOUNT'
'https://QoHash/Neo4j/DemoDB/INVOLVES_ACCOUNT'
'https://QoHash/Neo4j/DemoDB/INVOLVES_ACCOUNT'
'https://QoHash/Neo4j/DemoDB/INVOLVES_ACCOUNT'
'https://QoHash/Neo4j/DemoDB/INVOLVES_ACCOUNT'
'https://QoHash/Neo4j/DemoDB/INVOLVES_ACCOUNT'
'https://QoHash/Neo4j/DemoDB/INVOLVES_ACCOUNT'
'https://QoHash/Neo4j/DemoDB/INVOLVES_ACCOUNT'
'https://QoHash/Neo4j/DemoDB/INVOLVES_ACCOUNT'
'https://QoHash/Neo4j/DemoDB/INVOLVES_ACCOUNT'
'https://QoHash/Neo4j/DemoDB/INVOLVES_ACCOUNT'
'https://QoHash/Neo4j/DemoDB/INVOLVES_ACCOUNT'
'https://QoHash/Neo4j/DemoDB/INVOLVES_ACCOUNT'
'https://QoHash/Neo4j/DemoDB/INVOLVES_ACCOUNT'
'https://QoHash/Neo4j/DemoDB/INVOLVES_ACCOUNT'
'https://QoHash/Neo4j/DemoDB/INVOLVES_ACCOUNT'
'https://QoHash/Neo4j/DemoDB/INVOLVES_ACCOUNT'
'https://QoHash/Neo4j/DemoDB/INVOLVES_ACCOUNT'
'https://QoHash/Neo4j/DemoDB/INVOLVES_ACCOUNT'
'https://QoHash/Neo4j/DemoDB/INVOLVES_ACCOUNT'
'https://QoHash/Neo4j/DemoDB/INVOLVES_ACCOUNT'
'https://QoHash/Neo4j/DemoDB/INVOLVES_ACCOUNT'
'https://QoHash/Neo4j/DemoDB/INVOLVES_ACCOUNT'
'https://QoHash/Neo4j/DemoDB/INVOLVES_ACCOUNT'
'https://QoHash/Neo4j/DemoDB/INVOLVES_ACCOUNT'
'https://QoHash/Neo4j/DemoDB/INVOLVES_ACCOUNT'
'https://QoHash/Neo4j/DemoDB/INVOLVES_ACCOUNT'
'https://QoHash/Neo4j/DemoDB/INVOLVES_ACCOUNT'
'https://QoHash/Neo4j/DemoDB/INVOLVES_ACCOUNT'
'https://QoHash/Neo4j/DemoDB/INVOLVES_ACCOUNT'
'https://QoHash/Neo4j/DemoDB/INVOLVES_ACCOUNT'
'https://QoHash/Neo4j/DemoDB/INVOLVES_ACCOUNT'
'https://QoHash/Neo4j/DemoDB/INVOLVES_ACCOUNT'
'https://QoHash/Neo4j/DemoDB/INVOLVES_ACCOUNT'
'https://QoHash/Neo4j/DemoDB/INVOLVES_ACCOUNT'
'https://QoHash/Neo4j/DemoDB/INVOLVES_ACCOUNT'
'https://QoHash/Neo4j/DemoDB/INVOLVES_ACCOUNT'
'https://QoHash/Neo4j/DemoDB/INVOLVES_ACCOUNT'
'https://QoHash/Neo4j/DemoDB/INVOLVES_ACCOUNT'
'https://QoHash/Neo4j/DemoDB/INVOLVES_ACCOUNT'
'https://QoHash/Neo4j/DemoDB/INVOLVES_ACCOUNT'
'https://QoHash/Neo4j/DemoDB/INVOLVES_ACCOUNT'
'https://QoHash/Neo4j/DemoDB/INVOLVES_ACCOUNT'
'https://QoHash/Neo4j/DemoDB/INVOLVES_ACCOUNT'
'https://QoHash/Neo4j/DemoDB/INVOLVES_ACCOUNT'
'https://QoHash/Neo4j/DemoDB/INVOLVES_ACCOUNT'
'https://QoHash/Neo4j/DemoDB/INVOLVES_ACCOUNT'
'https://QoHash/Neo4j/DemoDB/INVOLVES_ACCOUNT'
'https://QoHash/Neo4j/DemoDB/INVOLVES_ACCOUNT'
'https://QoHash/Neo4j/DemoDB/INVOLVES_ACCOUNT'
'https://QoHash/Neo4j/DemoDB/INVOLVES_ACCOUNT'
'https://QoHash/Neo4j/DemoDB/INVOLVES_ACCOUNT'
'https://QoHash/Neo4j/DemoDB/INVOLVES_ACCOUNT'
'https://QoHash/Neo4j/DemoDB/INVOLVES_ACCOUNT'
'https://QoHash/Neo4j/DemoDB/INVOLVES_ACCOUNT'
'https://QoHash/Neo4j/DemoDB/INVOLVES_ACCOUNT'
'https://QoHash/Neo4j/DemoDB/INVOLVES_ACCOUNT'
'https://QoHash/Neo4j/DemoDB/INVOLVES_ACCOUNT'
'https://QoHash/Neo4j/DemoDB/INVOLVES_ACCOUNT'
'https://QoHash/Neo4j/DemoDB/INVOLVES_ACCOUNT'
'https://QoHash/Neo4j/DemoDB/INVOLVES_ACCOUNT'
'https://QoHash/Neo4j/DemoDB/INVOLVES_ACCOUNT'
'https://QoHash/Neo4j/DemoDB/INVOLVES_ACCOUNT'
'https://QoHash/Neo4j/DemoDB/INVOLVES_ACCOUNT'
'https://QoHash/Neo4j/DemoDB/INVOLVES_ACCOUNT'
'https://QoHash/Neo4j/DemoDB/INVOLVES_ACCOUNT'
'https://QoHash/Neo4j/DemoDB/INVOLVES_ACCOUNT'
'https://QoHash/Neo4j/DemoDB/INVOLVES_ACCOUNT'
'https://QoHash/Neo4j/DemoDB/INVOLVES_ACCOUNT'
'https://QoHash/Neo4j/DemoDB/INVOLVES_ACCOUNT'
'https://QoHash/Neo4j/DemoDB/INVOLVES_ACCOUNT'
'https://QoHash/Neo4j/DemoDB/INVOLVES_ACCOUNT'
'https://QoHash/Neo4j/DemoDB/INVOLVES_ACCOUNT'
'https://QoHash/Neo4j/DemoDB/INVOLVES_ACCOUNT'
'https://QoHash/Neo4j/DemoDB/INVOLVES_ACCOUNT'
'https://QoHash/Neo4j/DemoDB/INVOLVES_ACCOUNT'
'https://QoHash/Neo4j/DemoDB/INVOLVES_ACCOUNT'
'https://QoHash/Neo4j/DemoDB/INVOLVES_ACCOUNT'
'https://QoHash/Neo4j/DemoDB/INVOLVES_ACCOUNT'
'https://QoHash/Neo4j/DemoDB/INVOLVES_ACCOUNT'
'https://QoHash/Neo4j/DemoDB/INVOLVES_ACCOUNT'
'https://QoHash/Neo4j/DemoDB/INVOLVES_ACCOUNT'
'https://QoHash/Neo4j/DemoDB/INVOLVES_ACCOUNT'
'https://QoHash/Neo4j/DemoDB/INVOLVES_ACCOUNT'
'https://QoHash/Neo4j/DemoDB/INVOLVES_ACCOUNT'
'https://QoHash/Neo4j/DemoDB/INVOLVES_ACCOUNT'
'https://QoHash/Neo4j/DemoDB/INVOLVES_ACCOUNT'
'https://QoHash/Neo4j/DemoDB/INVOLVES_ACCOUNT'
'https://QoHash/Neo4j/DemoDB/INVOLVES_ACCOUNT'
'https://QoHash/Neo4j/DemoDB/INVOLVES_ACCOUNT'
'https://QoHash/Neo4j/DemoDB/INVOLVES_ACCOUNT'
'https://QoHash/Neo4j/DemoDB/INVOLVES_ACCOUNT'
'https://QoHash/Neo4j/DemoDB/INVOLVES_ACCOUNT'
'https://QoHash/Neo4j/DemoDB/INVOLVES_ACCOUNT'
'https://QoHash/Neo4j/DemoDB/INVOLVES_ACCOUNT'
'https://QoHash/Neo4j/DemoDB/INVOLVES_ACCOUNT'
'https://QoHash/Neo4j/DemoDB/INVOLVES_ACCOUNT'
'https://QoHash/Neo4j/DemoDB/INVOLVES_ACCOUNT'
'https://QoHash/Neo4j/DemoDB/INVOLVES_ACCOUNT'
'https://QoHash/Neo4j/DemoDB/INVOLVES_ACCOUNT'
'https://QoHash/Neo4j/DemoDB/INVOLVES_ACCOUNT'
'https://QoHash/Neo4j/DemoDB/INVOLVES_ACCOUNT'
'https://QoHash/Neo4j/DemoDB/INVOLVES_ACCOUNT'
'https://QoHash/Neo4j/DemoDB/INVOLVES_ACCOUNT'
'https://QoHash/Neo4j/DemoDB/INVOLVES_ACCOUNT'
'https://QoHash/Neo4j/DemoDB/INVOLVES_ACCOUNT'
'https://QoHash/Neo4j/DemoDB/INVOLVES_ACCOUNT'
'https://QoHash/Neo4j/DemoDB/INVOLVES_ACCOUNT'
'https://QoHash/Neo4j/DemoDB/INVOLVES_ACCOUNT'
'https://QoHash/Neo4j/DemoDB/INVOLVES_ACCOUNT'
'https://QoHash/Neo4j/DemoDB/INVOLVES_ACCOUNT'
'https://QoHash/Neo4j/DemoDB/INVOLVES_ACCOUNT'
'https://QoHash/Neo4j/DemoDB/INVOLVES_ACCOUNT'
'https://QoHash/Neo4j/DemoDB/INVOLVES_ACCOUNT'
'https://QoHash/Neo4j/DemoDB/INVOLVES_ACCOUNT'
'https://QoHash/Neo4j/DemoDB/INVOLVES_ACCOUNT'
'https://QoHash/Neo4j/DemoDB/INVOLVES_ACCOUNT'
'https://QoHash/Neo4j/DemoDB/INVOLVES_ACCOUNT'
'https://QoHash/Neo4j/DemoDB/INVOLVES_ACCOUNT'
'https://QoHash/Neo4j/DemoDB/INVOLVES_ACCOUNT'
'https://QoHash/Neo4j/DemoDB/INVOLVES_ACCOUNT'
'https://QoHash/Neo4j/DemoDB/INVOLVES_ACCOUNT'
'https://QoHash/Neo4j/DemoDB/INVOLVES_ACCOUNT'
'https://QoHash/Neo4j/DemoDB/INVOLVES_ACCOUNT'
'https://QoHash/Neo4j/DemoDB/INVOLVES_ACCOUNT'
'https://QoHash/Neo4j/DemoDB/INVOLVES_ACCOUNT'
'https://QoHash/Neo4j/DemoDB/INVOLVES_ACCOUNT'
'https://QoHash/Neo4j/DemoDB/INVOLVES_ACCOUNT'
'https://QoHash/Neo4j/DemoDB/INVOLVES_ACCOUNT'
'https://QoHash/Neo4j/DemoDB/INVOLVES_ACCOUNT'
'https://QoHash/Neo4j/DemoDB/INVOLVES_ACCOUNT'
'https://QoHash/Neo4j/DemoDB/INVOLVES_ACCOUNT'
'https://QoHash/Neo4j/DemoDB/INVOLVES_ACCOUNT'
'https://QoHash/Neo4j/DemoDB/INVOLVES_ACCOUNT'
'https://QoHash/Neo4j/DemoDB/INVOLVES_ACCOUNT'
'https://QoHash/Neo4j/DemoDB/INVOLVES_ACCOUNT'
'https://QoHash/Neo4j/DemoDB/INVOLVES_ACCOUNT'
'https://QoHash/Neo4j/DemoDB/INVOLVES_ACCOUNT'
'https://QoHash/Neo4j/DemoDB/INVOLVES_ACCOUNT'
'https://QoHash/Neo4j/DemoDB/INVOLVES_ACCOUNT'
'https://QoHash/Neo4j/DemoDB/INVOLVES_ACCOUNT'
'https://QoHash/Neo4j/DemoDB/INVOLVES_ACCOUNT'
'https://QoHash/Neo4j/DemoDB/INVOLVES_ACCOUNT'
'https://QoHash/Neo4j/DemoDB/INVOLVES_ACCOUNT'
'https://QoHash/Neo4j/DemoDB/INVOLVES_ACCOUNT'
'https://QoHash/Neo4j/DemoDB/INVOLVES_ACCOUNT'
'https://QoHash/Neo4j/DemoDB/INVOLVES_ACCOUNT'
'https://QoHash/Neo4j/DemoDB/INVOLVES_ACCOUNT'
'https://QoHash/Neo4j/DemoDB/INVOLVES_ACCOUNT'
'https://QoHash/Neo4j/DemoDB/INVOLVES_ACCOUNT'
'https://QoHash/Neo4j/DemoDB/INVOLVES_ACCOUNT'
'https://QoHash/Neo4j/DemoDB/INVOLVES_ACCOUNT'
'https://QoHash/Neo4j/DemoDB/INVOLVES_ACCOUNT'
'https://QoHash/Neo4j/DemoDB/INVOLVES_ACCOUNT'
'https://QoHash/Neo4j/DemoDB/INVOLVES_ACCOUNT'
'https://QoHash/Neo4j/DemoDB/INVOLVES_ACCOUNT'
'https://QoHash/Neo4j/DemoDB/INVOLVES_ACCOUNT'
'https://QoHash/Neo4j/DemoDB/INVOLVES_ACCOUNT'
'https://QoHash/Neo4j/DemoDB/INVOLVES_ACCOUNT'
'https://QoHash/Neo4j/DemoDB/INVOLVES_ACCOUNT'
'https://QoHash/Neo4j/DemoDB/INVOLVES_ACCOUNT'
'https://QoHash/Neo4j/DemoDB/INVOLVES_ACCOUNT'
'https://QoHash/Neo4j/DemoDB/INVOLVES_ACCOUNT'
'https://QoHash/Neo4j/DemoDB/INVOLVES_ACCOUNT'
'https://QoHash/Neo4j/DemoDB/INVOLVES_ACCOUNT'
'https://QoHash/Neo4j/DemoDB/INVOLVES_ACCOUNT'
'https://QoHash/Neo4j/DemoDB/INVOLVES_ACCOUNT'
'https://QoHash/Neo4j/DemoDB/INVOLVES_ACCOUNT'
'https://QoHash/Neo4j/DemoDB/INVOLVES_ACCOUNT'
'https://QoHash/Neo4j/DemoDB/INVOLVES_ACCOUNT'
'https://QoHash/Neo4j/DemoDB/INVOLVES_ACCOUNT'
'https://QoHash/Neo4j/DemoDB/INVOLVES_ACCOUNT'
'https://QoHash/Neo4j/DemoDB/INVOLVES_ACCOUNT'
'https://QoHash/Neo4j/DemoDB/INVOLVES_ACCOUNT'
'https://QoHash/Neo4j/DemoDB/INVOLVES_ACCOUNT'
'https://QoHash/Neo4j/DemoDB/INVOLVES_ACCOUNT'
'https://QoHash/Neo4j/DemoDB/INVOLVES_ACCOUNT'
'https://QoHash/Neo4j/DemoDB/INVOLVES_ACCOUNT'
'https://QoHash/Neo4j/DemoDB/INVOLVES_ACCOUNT'
'https://QoHash/Neo4j/DemoDB/INVOLVES_ACCOUNT'
'https://QoHash/Neo4j/DemoDB/INVOLVES_ACCOUNT'
'https://QoHash/Neo4j/DemoDB/INVOLVES_ACCOUNT'
'https://QoHash/Neo4j/DemoDB/INVOLVES_ACCOUNT'
'https://QoHash/Neo4j/DemoDB/INVOLVES_ACCOUNT'
'https://QoHash/Neo4j/DemoDB/INVOLVES_ACCOUNT'
'https://QoHash/Neo4j/DemoDB/INVOLVES_ACCOUNT'
'https://QoHash/Neo4j/DemoDB/node-id/9080'
'https://QoHash/Neo4j/DemoDB/node-id/9080'
'https://QoHash/Neo4j/DemoDB/node-id/9305'
'https://QoHash/Neo4j/DemoDB/node-id/9305'
'https://QoHash/Neo4j/DemoDB/INVOLVES_ACCOUNT'
'https://QoHash/Neo4j/DemoDB/INVOLVES_ACCOUNT'
'https://QoHash/Neo4j/DemoDB/INVOLVES_ACCOUNT'
'https://QoHash/Neo4j/DemoDB/INVOLVES_ACCOUNT'
'https://QoHash/Neo4j/DemoDB/INVOLVES_ACCOUNT'
'https://QoHash/Neo4j/DemoDB/INVOLVES_ACCOUNT'
'https://QoHash/Neo4j/DemoDB/INVOLVES_ACCOUNT'
'https://QoHash/Neo4j/DemoDB/INVOLVES_ACCOUNT'
'https://QoHash/Neo4j/DemoDB/INVOLVES_ACCOUNT'
'https://QoHash/Neo4j/DemoDB/INVOLVES_ACCOUNT'
'https://QoHash/Neo4j/DemoDB/INVOLVES_ACCOUNT'
'https://QoHash/Neo4j/DemoDB/INVOLVES_ACCOUNT'
'https://QoHash/Neo4j/DemoDB/INVOLVES_ACCOUNT'
'https://QoHash/Neo4j/DemoDB/INVOLVES_ACCOUNT'
'https://QoHash/Neo4j/DemoDB/INVOLVES_ACCOUNT'
'https://QoHash/Neo4j/DemoDB/INVOLVES_ACCOUNT'
'https://QoHash/Neo4j/DemoDB/node-id/8716'
'https://QoHash/Neo4j/DemoDB/node-id/8716'
'https://QoHash/Neo4j/DemoDB/node-id/8716'
'https://QoHash/Neo4j/DemoDB/INVOLVES_ACCOUNT'
'https://QoHash/Neo4j/DemoDB/INVOLVES_ACCOUNT'
'https://QoHash/Neo4j/DemoDB/INVOLVES_ACCOUNT'
'https://QoHash/Neo4j/DemoDB/INVOLVES_ACCOUNT'
'https://QoHash/Neo4j/DemoDB/INVOLVES_ACCOUNT'
'https://QoHash/Neo4j/DemoDB/INVOLVES_ACCOUNT'
'https://QoHash/Neo4j/DemoDB/INVOLVES_ACCOUNT'
'https://QoHash/Neo4j/DemoDB/INVOLVES_ACCOUNT'
'https://QoHash/Neo4j/DemoDB/INVOLVES_ACCOUNT'
'https://QoHash/Neo4j/DemoDB/INVOLVES_ACCOUNT'
'https://QoHash/Neo4j/DemoDB/INVOLVES_ACCOUNT'
'https://QoHash/Neo4j/DemoDB/INVOLVES_ACCOUNT'
'https://QoHash/Neo4j/DemoDB/INVOLVES_ACCOUNT'
'https://QoHash/Neo4j/DemoDB/INVOLVES_ACCOUNT'
'https://QoHash/Neo4j/DemoDB/INVOLVES_ACCOUNT'
'https://QoHash/Neo4j/DemoDB/INVOLVES_ACCOUNT'
'https://QoHash/Neo4j/DemoDB/INVOLVES_ACCOUNT'
'https://QoHash/Neo4j/DemoDB/INVOLVES_ACCOUNT'
'https://QoHash/Neo4j/DemoDB/INVOLVES_ACCOUNT'
'https://QoHash/Neo4j/DemoDB/INVOLVES_ACCOUNT'
'https://QoHash/Neo4j/DemoDB/INVOLVES_ACCOUNT'
'https://QoHash/Neo4j/DemoDB/INVOLVES_ACCOUNT'
'https://QoHash/Neo4j/DemoDB/INVOLVES_ACCOUNT'
'https://QoHash/Neo4j/DemoDB/INVOLVES_ACCOUNT'
'https://QoHash/Neo4j/DemoDB/INVOLVES_ACCOUNT'
'https://QoHash/Neo4j/DemoDB/node-id/4575'
'https://QoHash/Neo4j/DemoDB/INVOLVES_ACCOUNT'
'https://QoHash/Neo4j/DemoDB/INVOLVES_ACCOUNT'
'https://QoHash/Neo4j/DemoDB/INVOLVES_ACCOUNT'
'https://QoHash/Neo4j/DemoDB/INVOLVES_ACCOUNT'
'https://QoHash/Neo4j/DemoDB/INVOLVES_ACCOUNT'
'https://QoHash/Neo4j/DemoDB/INVOLVES_ACCOUNT'
'https://QoHash/Neo4j/DemoDB/INVOLVES_ACCOUNT'
'https://QoHash/Neo4j/DemoDB/INVOLVES_ACCOUNT'
'https://QoHash/Neo4j/DemoDB/INVOLVES_ACCOUNT'
'https://QoHash/Neo4j/DemoDB/INVOLVES_ACCOUNT'
'https://QoHash/Neo4j/DemoDB/INVOLVES_ACCOUNT'
'https://QoHash/Neo4j/DemoDB/INVOLVES_ACCOUNT'
'https://QoHash/Neo4j/DemoDB/INVOLVES_ACCOUNT'
'https://QoHash/Neo4j/DemoDB/INVOLVES_ACCOUNT'
'https://QoHash/Neo4j/DemoDB/INVOLVES_ACCOUNT'
'https://QoHash/Neo4j/DemoDB/INVOLVES_ACCOUNT'
'https://QoHash/Neo4j/DemoDB/INVOLVES_ACCOUNT'
'https://QoHash/Neo4j/DemoDB/INVOLVES_ACCOUNT'
'https://QoHash/Neo4j/DemoDB/INVOLVES_ACCOUNT'
'https://QoHash/Neo4j/DemoDB/INVOLVES_ACCOUNT'
'https://QoHash/Neo4j/DemoDB/node-id/9091'
'https://QoHash/Neo4j/DemoDB/node-id/9091'
'https://QoHash/Neo4j/DemoDB/node-id/9091'
'https://QoHash/Neo4j/DemoDB/node-id/9095'
'https://QoHash/Neo4j/DemoDB/node-id/9095'
'https://QoHash/Neo4j/DemoDB/node-id/9095'
'https://QoHash/Neo4j/DemoDB/INVOLVES_ACCOUNT'
'https://QoHash/Neo4j/DemoDB/INVOLVES_ACCOUNT'
'https://QoHash/Neo4j/DemoDB/INVOLVES_ACCOUNT'
'https://QoHash/Neo4j/DemoDB/INVOLVES_ACCOUNT'
'https://QoHash/Neo4j/DemoDB/INVOLVES_ACCOUNT'
'https://QoHash/Neo4j/DemoDB/INVOLVES_ACCOUNT'
'https://QoHash/Neo4j/DemoDB/INVOLVES_ACCOUNT'
'https://QoHash/Neo4j/DemoDB/INVOLVES_ACCOUNT'
'https://QoHash/Neo4j/DemoDB/INVOLVES_ACCOUNT'
'https://QoHash/Neo4j/DemoDB/INVOLVES_ACCOUNT'
'https://QoHash/Neo4j/DemoDB/INVOLVES_ACCOUNT'
'https://QoHash/Neo4j/DemoDB/node-id/7691'
'https://QoHash/Neo4j/DemoDB/node-id/7691'
'https://QoHash/Neo4j/DemoDB/INVOLVES_ACCOUNT'
'https://QoHash/Neo4j/DemoDB/INVOLVES_ACCOUNT'
'https://QoHash/Neo4j/DemoDB/INVOLVES_ACCOUNT'
'https://QoHash/Neo4j/DemoDB/node-id/8377'
'https://QoHash/Neo4j/DemoDB/node-id/8377'
'https://QoHash/Neo4j/DemoDB/node-id/9280'
'https://QoHash/Neo4j/DemoDB/node-id/9280'
'https://QoHash/Neo4j/DemoDB/INVOLVES_ACCOUNT'
'https://QoHash/Neo4j/DemoDB/INVOLVES_ACCOUNT'
'https://QoHash/Neo4j/DemoDB/INVOLVES_ACCOUNT'
'https://QoHash/Neo4j/DemoDB/INVOLVES_ACCOUNT'
'https://QoHash/Neo4j/DemoDB/node-id/9080'
'https://QoHash/Neo4j/DemoDB/node-id/9080'
'https://QoHash/Neo4j/DemoDB/node-id/9305'
'https://QoHash/Neo4j/DemoDB/node-id/9305'
'https://QoHash/Neo4j/DemoDB/INVOLVES_ACCOUNT'
'https://QoHash/Neo4j/DemoDB/INVOLVES_ACCOUNT'
'https://QoHash/Neo4j/DemoDB/INVOLVES_ACCOUNT'
'https://QoHash/Neo4j/DemoDB/INVOLVES_ACCOUNT'
'https://QoHash/Neo4j/DemoDB/INVOLVES_ACCOUNT'
'https://QoHash/Neo4j/DemoDB/INVOLVES_ACCOUNT'
'https://QoHash/Neo4j/DemoDB/INVOLVES_ACCOUNT'
'https://QoHash/Neo4j/DemoDB/INVOLVES_ACCOUNT'
'https://QoHash/Neo4j/DemoDB/INVOLVES_ACCOUNT'
'https://QoHash/Neo4j/DemoDB/INVOLVES_ACCOUNT'
'https://QoHash/Neo4j/DemoDB/INVOLVES_ACCOUNT'
'https://QoHash/Neo4j/DemoDB/INVOLVES_ACCOUNT'
'https://QoHash/Neo4j/DemoDB/INVOLVES_ACCOUNT'
'https://QoHash/Neo4j/DemoDB/INVOLVES_ACCOUNT'
'https://QoHash/Neo4j/DemoDB/INVOLVES_ACCOUNT'
'https://QoHash/Neo4j/DemoDB/INVOLVES_ACCOUNT'
'https://QoHash/Neo4j/DemoDB/INVOLVES_ACCOUNT'
'https://QoHash/Neo4j/DemoDB/INVOLVES_ACCOUNT'
'https://QoHash/Neo4j/DemoDB/node-id/8716'
'https://QoHash/Neo4j/DemoDB/node-id/8716'
'https://QoHash/Neo4j/DemoDB/node-id/8716'
'https://QoHash/Neo4j/DemoDB/INVOLVES_ACCOUNT'
'https://QoHash/Neo4j/DemoDB/INVOLVES_ACCOUNT'
'https://QoHash/Neo4j/DemoDB/INVOLVES_ACCOUNT'
'https://QoHash/Neo4j/DemoDB/INVOLVES_ACCOUNT'
'https://QoHash/Neo4j/DemoDB/INVOLVES_ACCOUNT'
'https://QoHash/Neo4j/DemoDB/INVOLVES_ACCOUNT'
'https://QoHash/Neo4j/DemoDB/INVOLVES_ACCOUNT'
'https://QoHash/Neo4j/DemoDB/INVOLVES_ACCOUNT'
'https://QoHash/Neo4j/DemoDB/INVOLVES_ACCOUNT'
'https://QoHash/Neo4j/DemoDB/INVOLVES_ACCOUNT'
'https://QoHash/Neo4j/DemoDB/INVOLVES_ACCOUNT'
'https://QoHash/Neo4j/DemoDB/INVOLVES_ACCOUNT'
'https://QoHash/Neo4j/DemoDB/INVOLVES_ACCOUNT'
'https://QoHash/Neo4j/DemoDB/INVOLVES_ACCOUNT'
'https://QoHash/Neo4j/DemoDB/INVOLVES_ACCOUNT'
'https://QoHash/Neo4j/DemoDB/INVOLVES_ACCOUNT'
'https://QoHash/Neo4j/DemoDB/INVOLVES_ACCOUNT'
'https://QoHash/Neo4j/DemoDB/INVOLVES_ACCOUNT'
'https://QoHash/Neo4j/DemoDB/INVOLVES_ACCOUNT'
'https://QoHash/Neo4j/DemoDB/INVOLVES_ACCOUNT'
'https://QoHash/Neo4j/DemoDB/node-id/8962'
'https://QoHash/Neo4j/DemoDB/node-id/8962'
'https://QoHash/Neo4j/DemoDB/node-id/8962'
'https://QoHash/Neo4j/DemoDB/INVOLVES_ACCOUNT'
'https://QoHash/Neo4j/DemoDB/INVOLVES_ACCOUNT'
'https://QoHash/Neo4j/DemoDB/INVOLVES_ACCOUNT'
'https://QoHash/Neo4j/DemoDB/INVOLVES_ACCOUNT'
'https://QoHash/Neo4j/DemoDB/INVOLVES_ACCOUNT'
'https://QoHash/Neo4j/DemoDB/INVOLVES_ACCOUNT'
'https://QoHash/Neo4j/DemoDB/INVOLVES_ACCOUNT'
'https://QoHash/Neo4j/DemoDB/INVOLVES_ACCOUNT'
'https://QoHash/Neo4j/DemoDB/INVOLVES_ACCOUNT'
'https://QoHash/Neo4j/DemoDB/INVOLVES_ACCOUNT'
'https://QoHash/Neo4j/DemoDB/INVOLVES_ACCOUNT'
'https://QoHash/Neo4j/DemoDB/INVOLVES_ACCOUNT'
'https://QoHash/Neo4j/DemoDB/INVOLVES_ACCOUNT'
'https://QoHash/Neo4j/DemoDB/INVOLVES_ACCOUNT'
'https://QoHash/Neo4j/DemoDB/INVOLVES_ACCOUNT'
'https://QoHash/Neo4j/DemoDB/node-id/9091'
'https://QoHash/Neo4j/DemoDB/node-id/9091'
'https://QoHash/Neo4j/DemoDB/node-id/9091'
'https://QoHash/Neo4j/DemoDB/node-id/9095'
'https://QoHash/Neo4j/DemoDB/node-id/9095'
'https://QoHash/Neo4j/DemoDB/node-id/9095'
'https://QoHash/Neo4j/DemoDB/node-id/5655'
'https://QoHash/Neo4j/DemoDB/INVOLVES_ACCOUNT'
'https://QoHash/Neo4j/DemoDB/INVOLVES_ACCOUNT'
'https://QoHash/Neo4j/DemoDB/INVOLVES_ACCOUNT'
'https://QoHash/Neo4j/DemoDB/INVOLVES_ACCOUNT'
'https://QoHash/Neo4j/DemoDB/INVOLVES_ACCOUNT'
'https://QoHash/Neo4j/DemoDB/INVOLVES_ACCOUNT'
'https://QoHash/Neo4j/DemoDB/INVOLVES_ACCOUNT'
'https://QoHash/Neo4j/DemoDB/INVOLVES_ACCOUNT'
'https://QoHash/Neo4j/DemoDB/INVOLVES_ACCOUNT'
'https://QoHash/Neo4j/DemoDB/INVOLVES_ACCOUNT'
'https://QoHash/Neo4j/DemoDB/INVOLVES_ACCOUNT'
'https://QoHash/Neo4j/DemoDB/INVOLVES_ACCOUNT'
'https://QoHash/Neo4j/DemoDB/node-id/7691'
'https://QoHash/Neo4j/DemoDB/node-id/7691'
'https://QoHash/Neo4j/DemoDB/INVOLVES_ACCOUNT'
'https://QoHash/Neo4j/DemoDB/INVOLVES_ACCOUNT'
'https://QoHash/Neo4j/DemoDB/INVOLVES_ACCOUNT'
'https://QoHash/Neo4j/DemoDB/INVOLVES_ACCOUNT'
'https://QoHash/Neo4j/DemoDB/INVOLVES_ACCOUNT'
'https://QoHash/Neo4j/DemoDB/INVOLVES_ACCOUNT'
'https://QoHash/Neo4j/DemoDB/INVOLVES_ACCOUNT'
'https://QoHash/Neo4j/DemoDB/INVOLVES_ACCOUNT'
'https://QoHash/Neo4j/DemoDB/INVOLVES_ACCOUNT'
'https://QoHash/Neo4j/DemoDB/node-id/8377'
'https://QoHash/Neo4j/DemoDB/node-id/8377'
-----There is no sub-graphs for QoHashDemoDB, so start generating sub-graphs before meta-training!-----
