'https://www.biokg.org/protien/Q9ZUM0'
'https://www.biokg.org/protien/Q9NYY3'
'https://www.biokg.org/protien/Q9NXL2'
'https://www.biokg.org/protien/P40458'
'https://www.biokg.org/protien/Q96LM9'
'https://www.biokg.org/protien/Q9Y6V7'
'https://www.biokg.org/protien/Q9H1P3'
'https://www.biokg.org/protien/Q1H595'
'https://www.biokg.org/protien/Q86UQ8'
'https://www.biokg.org/protien/Q9SLL2'
'https://www.biokg.org/protien/Q9HD23'
'https://www.biokg.org/protien/Q9Y4E5'
'https://www.biokg.org/protien/Q9NRJ4'
'https://www.biokg.org/protien/Q9GZR7'
'https://www.biokg.org/protien/Q96A11'
'https://www.biokg.org/protien/P36037'
'https://www.biokg.org/protien/Q96NL6'
'https://www.biokg.org/protien/Q9Y535'
'https://www.biokg.org/protien/P48415'
'https://www.biokg.org/protien/Q01432'
'https://www.biokg.org/protien/Q9P1Y5'
'https://www.biokg.org/protien/Q24JQ0'
'https://www.biokg.org/protien/Q765P7'
'https://www.biokg.org/protien/Q99JY9'
'https://www.biokg.org/protien/Q5VV42'
'https://www.biokg.org/protien/Q8VDD9'
'https://www.biokg.org/protien/Q6P050'
'https://www.biokg.org/protien/Q9LPT1'
'https://www.biokg.org/protien/P02666'
'https://www.biokg.org/protien/Q9NYJ7'
'https://www.biokg.org/protien/P35442'
'https://www.biokg.org/protien/P38768'
'https://www.biokg.org/protien/Q95QA6'
'https://www.biokg.org/protien/Q12502'
'https://www.biokg.org/protien/Q15532'
'https://www.biokg.org/protien/P37023'
'https://www.biokg.org/protien/Q9LW29'
'https://www.biokg.org/protien/Q96DU7'
'https://www.biokg.org/protien/Q07813'
'https://www.biokg.org/protien/Q9NXL2'
'https://www.biokg.org/protien/Q9WV60'
'https://www.biokg.org/protien/Q9Y222'
'https://www.biokg.org/protien/Q6S5L8'
'https://www.biokg.org/protien/Q6ZUT3'
'https://www.biokg.org/protien/Q9Y2L5'
'https://www.biokg.org/protien/Q6PI98'
'https://www.biokg.org/protien/Q99380'
'https://www.biokg.org/protien/P78549'
'https://www.biokg.org/protien/P52927'
'https://www.biokg.org/protien/P0AC53'
'https://www.biokg.org/protien/Q6AZW8'
'https://www.biokg.org/protien/Q8N3X1'
'https://www.biokg.org/protien/P53261'
'https://www.biokg.org/protien/Q8TEQ8'
'https://www.biokg.org/protien/Q9P0M6'
'https://www.biokg.org/protien/Q96M34'
'https://www.biokg.org/protien/P43307'
'https://www.biokg.org/protien/Q99946'
'https://www.biokg.org/protien/Q3TCX3'
'https://www.biokg.org/protien/P32248'
'https://www.biokg.org/protien/Q6ULP2'
'https://www.biokg.org/protien/Q8N7G0'
'https://www.biokg.org/protien/Q63053'
'https://www.biokg.org/protien/Q8N127'
'https://www.biokg.org/protien/P70424'
'https://www.biokg.org/protien/Q9NXL2'
'https://www.biokg.org/protien/P54277'
'https://www.biokg.org/protien/P35442'
'https://www.biokg.org/protien/Q9NYY3'
'https://www.biokg.org/protien/Q01813'
'https://www.biokg.org/protien/Q8W234'
'https://www.biokg.org/protien/Q86VQ3'
'https://www.biokg.org/protien/Q8IV56'
'https://www.biokg.org/protien/Q9SLL2'
'https://www.biokg.org/protien/Q7Z7B0'
'https://www.biokg.org/protien/P32597'
'https://www.biokg.org/protien/Q9UIC8'
'https://www.biokg.org/protien/P0A9P0'
'https://www.biokg.org/protien/Q495W5'
'https://www.biokg.org/protien/Q9ULQ1'
'https://www.biokg.org/protien/P97288'
'https://www.biokg.org/protien/Q80UW2'
'https://www.biokg.org/protien/Q9S841'
'https://www.biokg.org/protien/P0AAI5'
'https://www.biokg.org/protien/P34230'
'https://www.biokg.org/protien/P39732'
'https://www.biokg.org/protien/Q14444'
'https://www.biokg.org/protien/Q9NYY3'
'https://www.biokg.org/protien/Q5HYA8'
'https://www.biokg.org/protien/Q5JQC9'
'https://www.biokg.org/protien/Q96T55'
'https://www.biokg.org/protien/Q96NS5'
'https://www.biokg.org/protien/Q5VV42'
'https://www.biokg.org/protien/Q8VD65'
'https://www.biokg.org/protien/Q8N7U6'
'https://www.biokg.org/protien/Q96BF6'
'https://www.biokg.org/protien/P54750'
'https://www.biokg.org/protien/Q9H765'
'https://www.biokg.org/protien/Q9HCZ1'
'https://www.biokg.org/protien/Q8N9F0'
'https://www.biokg.org/protien/Q86XI8'
'https://www.biokg.org/protien/Q9NXL2'
'https://www.biokg.org/protien/Q9H078'
'https://www.biokg.org/protien/Q9Y4X3'
'https://www.biokg.org/protien/Q8IWK6'
'https://www.biokg.org/protien/Q9BYG3'
'https://www.biokg.org/protien/Q61097'
'https://www.biokg.org/protien/Q92581'
'https://www.biokg.org/protien/Q12965'
'https://www.biokg.org/protien/P76524'
'https://www.biokg.org/protien/P27870'
'https://www.biokg.org/protien/Q04511'
'https://www.biokg.org/protien/Q61473'
'https://www.biokg.org/protien/P20052'
'https://www.biokg.org/protien/Q05930'
'https://www.biokg.org/protien/Q9ZQ12'
'https://www.biokg.org/protien/Q96JY6'
'https://www.biokg.org/protien/P46602'
'https://www.biokg.org/protien/P41808'
'https://www.biokg.org/protien/P32333'
'https://www.biokg.org/protien/Q43125'
'https://www.biokg.org/protien/P41376'
'https://www.biokg.org/protien/Q96CF2'
'https://www.biokg.org/protien/P31941'
'https://www.biokg.org/protien/P50225'
'https://www.biokg.org/protien/Q9NZ53'
'https://www.biokg.org/protien/Q8L8T7'
'https://www.biokg.org/protien/Q96PE2'
'https://www.biokg.org/protien/Q03761'
'https://www.biokg.org/protien/Q8N434'
'https://www.biokg.org/protien/Q9QX74'
'https://www.biokg.org/protien/Q67Y93'
'https://www.biokg.org/protien/Q6PRD1'
'https://www.biokg.org/protien/Q8VHW5'
'https://www.biokg.org/protien/Q9BRA0'
'https://www.biokg.org/protien/Q93WT0'
'https://www.biokg.org/protien/Q13639'
'https://www.biokg.org/protien/Q96T75'
'https://www.biokg.org/protien/Q80U62'
'https://www.biokg.org/protien/Q9P1Y5'
'https://www.biokg.org/protien/Q14C87'
'https://www.biokg.org/protien/Q8NEM2'
'https://www.biokg.org/protien/Q71LX4'
'https://www.biokg.org/protien/Q03407'
'https://www.biokg.org/protien/Q60996'
'https://www.biokg.org/protien/Q9M9B3'
'https://www.biokg.org/protien/Q96GP6'
'https://www.biokg.org/protien/Q9BSA4'
'https://www.biokg.org/protien/Q9H246'
'https://www.biokg.org/protien/Q8NBL1'
'https://www.biokg.org/protien/P97792'
'https://www.biokg.org/protien/Q8IWD4'
'https://www.biokg.org/protien/Q00577'
'https://www.biokg.org/protien/Q9ESU6'
'https://www.biokg.org/protien/P54786'
'https://www.biokg.org/protien/Q9EQG6'
'https://www.biokg.org/protien/Q9LVJ7'
'https://www.biokg.org/protien/Q8NCK3'
'https://www.biokg.org/protien/Q9P2X3'
'https://www.biokg.org/protien/Q24008'
'https://www.biokg.org/protien/P48731'
'https://www.biokg.org/protien/Q9BV35'
'https://www.biokg.org/protien/Q8N9H8'
'https://www.biokg.org/protien/Q7L592'
'https://www.biokg.org/protien/P28159'
'https://www.biokg.org/protien/Q8BSK8'
'https://www.biokg.org/protien/Q15170'
'https://www.biokg.org/protien/P62263'
'https://www.biokg.org/protien/P14735'
'https://www.biokg.org/protien/Q9Y215'
'https://www.biokg.org/protien/P35190'
'https://www.biokg.org/protien/Q9LTV3'
'https://www.biokg.org/protien/Q9UDY4'
'https://www.biokg.org/protien/P77329'
'https://www.biokg.org/protien/P29120'
'https://www.biokg.org/protien/Q8NCW0'
'https://www.biokg.org/protien/Q8R5A0'
'https://www.biokg.org/protien/P35190'
'https://www.biokg.org/protien/Q8WWW8'
'https://www.biokg.org/protien/P40969'
'https://www.biokg.org/protien/Q9Y5Y3'
'https://www.biokg.org/protien/Q6P6B1'
'https://www.biokg.org/protien/Q12134'
'https://www.biokg.org/protien/P21730'
'https://www.biokg.org/protien/P36094'
'https://www.biokg.org/protien/Q6EVK6'
'https://www.biokg.org/protien/Q7Z4N2'
'https://www.biokg.org/protien/Q53H12'
'https://www.biokg.org/protien/Q8CIP5'
'https://www.biokg.org/protien/Q9BTF0'
'https://www.biokg.org/protien/Q93079'
'https://www.biokg.org/protien/P14735'
'https://www.biokg.org/protien/Q96N03'
'https://www.biokg.org/protien/Q12050'
'https://www.biokg.org/protien/P0AC38'
'https://www.biokg.org/protien/Q92817'
'https://www.biokg.org/protien/Q8N184'
'https://www.biokg.org/protien/Q96AT1'
'https://www.biokg.org/protien/Q6ZV65'
'https://www.biokg.org/protien/P57716'
'https://www.biokg.org/protien/Q9NWH9'
'https://www.biokg.org/protien/Q9H2A3'
'https://www.biokg.org/protien/Q9ZVM9'
'https://www.biokg.org/protien/P59666'
'https://www.biokg.org/protien/Q9EPV5'
'https://www.biokg.org/protien/O88939'
'https://www.biokg.org/protien/Q9SSE5'
'https://www.biokg.org/protien/Q8NDB2'
'https://www.biokg.org/protien/O53692'
'https://www.biokg.org/protien/Q9NV92'
'https://www.biokg.org/protien/P15086'
'https://www.biokg.org/protien/Q9HCX4'
'https://www.biokg.org/protien/Q9TYU9'
'https://www.biokg.org/protien/P08651'
'https://www.biokg.org/protien/Q8IWA4'
'https://www.biokg.org/protien/Q6UXB3'
'https://www.biokg.org/protien/P77173'
'https://www.biokg.org/protien/Q9EQ14'
'https://www.biokg.org/protien/Q8WV07'
'https://www.biokg.org/protien/Q9BZH6'
'https://www.biokg.org/protien/Q99943'
'https://www.biokg.org/protien/Q90738'
'https://www.biokg.org/protien/Q9UKA4'
'https://www.biokg.org/protien/Q9Y2H9'
'https://www.biokg.org/protien/Q61036'
'https://www.biokg.org/protien/Q9NQV6'
'https://www.biokg.org/protien/P14555'
'https://www.biokg.org/protien/Q86UA6'
'https://www.biokg.org/protien/Q6ICG8'
'https://www.biokg.org/protien/Q9H7D7'
'https://www.biokg.org/protien/Q9BQE4'
'https://www.biokg.org/protien/Q96N96'
'https://www.biokg.org/protien/Q8IWD4'
'https://www.biokg.org/protien/P32867'
'https://www.biokg.org/protien/Q9NZQ9'
'https://www.biokg.org/protien/Q9C5Z3'
'https://www.biokg.org/protien/Q8VBX6'
'https://www.biokg.org/protien/Q9P1Y5'
'https://www.biokg.org/protien/Q9UKL6'
'https://www.biokg.org/protien/Q9Y4D8'
'https://www.biokg.org/protien/P20438'
'https://www.biokg.org/protien/Q9NY93'
'https://www.biokg.org/protien/Q9NXL2'
'https://www.biokg.org/protien/Q14126'
'https://www.biokg.org/protien/Q96M69'
'https://www.biokg.org/protien/P01222'
'https://www.biokg.org/protien/Q9WVH3'
'https://www.biokg.org/protien/Q6ZTI6'
'https://www.biokg.org/protien/P14714'
'https://www.biokg.org/protien/Q12472'
'https://www.biokg.org/protien/P80386'
'https://www.biokg.org/protien/Q9BRA0'
'https://www.biokg.org/protien/P24347'
'https://www.biokg.org/protien/P49758'
'https://www.biokg.org/protien/P40494'
'https://www.biokg.org/protien/Q9BWJ2'
'https://www.biokg.org/protien/Q8C5D8'
'https://www.biokg.org/protien/P29376'
'https://www.biokg.org/protien/P53044'
'https://www.biokg.org/protien/Q9H2S1'
'https://www.biokg.org/protien/Q02818'
'https://www.biokg.org/protien/Q8VZ40'
'https://www.biokg.org/protien/Q9LJ44'
'https://www.biokg.org/protien/Q9LZM8'
'https://www.biokg.org/protien/Q9SSF8'
'https://www.biokg.org/protien/Q9BW83'
'https://www.biokg.org/protien/Q8WXC6'
'https://www.biokg.org/protien/Q9NP81'
'https://www.biokg.org/protien/Q86VH2'
'https://www.biokg.org/protien/Q9GZP1'
'https://www.biokg.org/protien/P53124'
'https://www.biokg.org/protien/Q9BX69'
'https://www.biokg.org/protien/Q9H2Z4'
'https://www.biokg.org/protien/Q9M9S0'
'https://www.biokg.org/protien/Q63664'
'https://www.biokg.org/protien/P23708'
'https://www.biokg.org/protien/P47093'
'https://www.biokg.org/protien/P75874'
'https://www.biokg.org/protien/P52332'
'https://www.biokg.org/protien/Q96N66'
'https://www.biokg.org/protien/P19492'
'https://www.biokg.org/protien/Q92911'
'https://www.biokg.org/protien/Q3KQZ1'
'https://www.biokg.org/protien/Q7Z624'
'https://www.biokg.org/protien/Q99JZ7'
'https://www.biokg.org/protien/P01920'
'https://www.biokg.org/protien/Q04589'
'https://www.biokg.org/protien/Q8GUP1'
'https://www.biokg.org/protien/Q9UF47'
'https://www.biokg.org/protien/P32233'
'https://www.biokg.org/protien/Q9BXL5'
'https://www.biokg.org/protien/P43602'
'https://www.biokg.org/protien/Q9UQ03'
'https://www.biokg.org/protien/Q8IX18'
'https://www.biokg.org/protien/Q8NCE2'
'https://www.biokg.org/protien/Q9NZC3'
'https://www.biokg.org/protien/P55258'
'https://www.biokg.org/protien/Q8N7N6'
'https://www.biokg.org/protien/P53955'
'https://www.biokg.org/protien/O18734'
'https://www.biokg.org/protien/Q96ER9'
'https://www.biokg.org/protien/Q5JSH3'
'https://www.biokg.org/protien/Q9FYE6'
'https://www.biokg.org/protien/P21695'
'https://www.biokg.org/protien/Q12080'
'https://www.biokg.org/protien/Q8RV83'
'https://www.biokg.org/protien/Q8N0T1'
'https://www.biokg.org/protien/P40164'
'https://www.biokg.org/protien/Q9SUC0'
'https://www.biokg.org/protien/O81439'
'https://www.biokg.org/protien/Q9HCY8'
'https://www.biokg.org/protien/Q9NYU1'
'https://www.biokg.org/protien/Q9NU23'
'https://www.biokg.org/protien/P00514'
'https://www.biokg.org/protien/P42073'
'https://www.biokg.org/protien/Q14153'
'https://www.biokg.org/protien/P19120'
'https://www.biokg.org/protien/Q96PE1'
'https://www.biokg.org/protien/Q91YE8'
'https://www.biokg.org/protien/Q07813'
'https://www.biokg.org/protien/P10279'
'https://www.biokg.org/protien/Q9WTK7'
'https://www.biokg.org/protien/Q9NZD2'
'https://www.biokg.org/protien/Q8NEP7'
'https://www.biokg.org/protien/P63059'
'https://www.biokg.org/protien/Q03446'
'https://www.biokg.org/protien/Q96PM9'
'https://www.biokg.org/protien/Q8LBK6'
'https://www.biokg.org/protien/P61517'
'https://www.biokg.org/protien/Q96EK5'
'https://www.biokg.org/protien/Q8CGZ0'
'https://www.biokg.org/protien/Q92879'
'https://www.biokg.org/protien/P49918'
'https://www.biokg.org/protien/Q8WXS3'
'https://www.biokg.org/protien/Q8IWA6'
'https://www.biokg.org/protien/Q94A97'
'https://www.biokg.org/protien/Q86VH2'
'https://www.biokg.org/protien/Q9BTU6'
'https://www.biokg.org/protien/P36124'
'https://www.biokg.org/protien/P36104'
'https://www.biokg.org/protien/Q69YN2'
'https://www.biokg.org/protien/O82318'
'https://www.biokg.org/protien/Q9BRJ9'
'https://www.biokg.org/protien/Q9LNP6'
'https://www.biokg.org/protien/P59215'
'https://www.biokg.org/protien/Q6PI98'
'https://www.biokg.org/protien/Q9NV06'
'https://www.biokg.org/protien/Q495W5'
'https://www.biokg.org/protien/Q9NRW7'
'https://www.biokg.org/protien/Q9NRW7'
'https://www.biokg.org/protien/Q9P2N7'
'https://www.biokg.org/protien/Q61140'
'https://www.biokg.org/protien/P30874'
'https://www.biokg.org/protien/Q9VK33'
'https://www.biokg.org/protien/Q6UWP8'
'https://www.biokg.org/protien/Q5TZ20'
'https://www.biokg.org/protien/Q7Z2H8'
'https://www.biokg.org/protien/Q06159'
'https://www.biokg.org/protien/Q8N5P1'
'https://www.biokg.org/protien/Q84MD6'
'https://www.biokg.org/protien/Q9HDC9'
'https://www.biokg.org/protien/Q9SZ75'
'https://www.biokg.org/protien/Q76LX8'
'https://www.biokg.org/protien/Q6P3X3'
'https://www.biokg.org/protien/Q9QUK6'
'https://www.biokg.org/protien/Q8L5U0'
'https://www.biokg.org/protien/Q96SE0'
'https://www.biokg.org/protien/Q9Y6V7'
'https://www.biokg.org/protien/P70347'
'https://www.biokg.org/protien/Q86SQ0'
'https://www.biokg.org/protien/Q6ZT98'
'https://www.biokg.org/protien/Q9ESN9'
'https://www.biokg.org/protien/Q9ULB1'
'https://www.biokg.org/protien/Q9Y6A1'
'https://www.biokg.org/protien/Q6S5L8'
'https://www.biokg.org/protien/O23252'
'https://www.biokg.org/protien/Q60760'
'https://www.biokg.org/protien/Q9QX47'
'https://www.biokg.org/protien/Q99176'
'https://www.biokg.org/protien/Q9UMY1'
'https://www.biokg.org/protien/Q9UDY4'
'https://www.biokg.org/protien/Q5HYK9'
'https://www.biokg.org/protien/P27038'
'https://www.biokg.org/protien/Q8WV37'
'https://www.biokg.org/protien/Q8TC21'
'https://www.biokg.org/protien/Q9BRA0'
'https://www.biokg.org/protien/Q5TB80'
'https://www.biokg.org/protien/P40555'
'https://www.biokg.org/protien/P39007'
'https://www.biokg.org/protien/Q8WWV6'
'https://www.biokg.org/protien/Q5H8A4'
'https://www.biokg.org/protien/Q3UJD6'
'https://www.biokg.org/protien/Q62101'
'https://www.biokg.org/protien/Q96KV7'
'https://www.biokg.org/protien/Q9LVW2'
'https://www.biokg.org/protien/Q96NJ6'
'https://www.biokg.org/protien/Q9UL63'
'https://www.biokg.org/protien/Q96PE1'
'https://www.biokg.org/protien/P0AED9'
'https://www.biokg.org/protien/Q92485'
'https://www.biokg.org/protien/Q8BG87'
'https://www.biokg.org/protien/Q00772'
'https://www.biokg.org/protien/Q6ZWS8'
'https://www.biokg.org/protien/Q60987'
'https://www.biokg.org/protien/Q9LYQ8'
'https://www.biokg.org/protien/P92937'
'https://www.biokg.org/protien/Q9NXL2'
'https://www.biokg.org/protien/Q9H6B4'
'https://www.biokg.org/protien/P11801'
'https://www.biokg.org/protien/Q61545'
'https://www.biokg.org/protien/Q9UIV8'
'https://www.biokg.org/protien/P31213'
'https://www.biokg.org/protien/Q9LKF9'
'https://www.biokg.org/protien/Q9NU53'
'https://www.biokg.org/protien/Q9LRY0'
'https://www.biokg.org/protien/Q9BQ75'
'https://www.biokg.org/protien/Q96JH7'
'https://www.biokg.org/protien/Q09442'
'https://www.biokg.org/protien/Q13253'
'https://www.biokg.org/protien/Q99K41'
'https://www.biokg.org/protien/Q9H7B2'
'https://www.biokg.org/protien/Q5JTZ5'
'https://www.biokg.org/protien/P54753'
'https://www.biokg.org/protien/Q9BSG0'
'https://www.biokg.org/protien/Q9NRA0'
'https://www.biokg.org/protien/Q9HCJ6'
'https://www.biokg.org/protien/Q04912'
'https://www.biokg.org/protien/Q01892'
'https://www.biokg.org/protien/Q07549'
'https://www.biokg.org/protien/Q6AZW8'
'https://www.biokg.org/protien/Q93079'
'https://www.biokg.org/protien/P58876'
'https://www.biokg.org/protien/Q659A1'
'https://www.biokg.org/protien/Q9LN63'
'https://www.biokg.org/protien/P80303'
'https://www.biokg.org/protien/Q6P1S2'
'https://www.biokg.org/protien/Q7L8W6'
'https://www.biokg.org/protien/Q5QJU3'
'https://www.biokg.org/protien/Q68DY9'
'https://www.biokg.org/protien/Q12495'
'https://www.biokg.org/protien/Q9UN81'
'https://www.biokg.org/protien/Q9ZUM0'
'https://www.biokg.org/protien/Q9UBR5'
'https://www.biokg.org/protien/Q9Y2I1'
'https://www.biokg.org/protien/Q9BWU0'
'https://www.biokg.org/protien/Q9H069'
'https://www.biokg.org/protien/Q12451'
'https://www.biokg.org/protien/Q9NRP0'
'https://www.biokg.org/protien/Q8TEY5'
'https://www.biokg.org/protien/Q6NUS6'
'https://www.biokg.org/protien/Q92911'
'https://www.biokg.org/protien/Q61097'
'https://www.biokg.org/protien/Q9H4W6'
'https://www.biokg.org/protien/P0A7H0'
'https://www.biokg.org/protien/Q9D7R2'
'https://www.biokg.org/protien/Q9UHG3'
'https://www.biokg.org/protien/Q96EK5'
'https://www.biokg.org/protien/Q5VV42'
'https://www.biokg.org/protien/P02283'
'https://www.biokg.org/protien/Q8IZY2'
'https://www.biokg.org/protien/Q810U4'
'https://www.biokg.org/protien/Q8R5M8'
'https://www.biokg.org/protien/P49138'
'https://www.biokg.org/protien/Q6AZW8'
'https://www.biokg.org/protien/P20486'
'https://www.biokg.org/protien/Q8WWX8'
'https://www.biokg.org/protien/Q8NG11'
'https://www.biokg.org/protien/Q9WVH3'
'https://www.biokg.org/protien/P0A6F9'
'https://www.biokg.org/protien/P29120'
'https://www.biokg.org/protien/Q6S5L8'
'https://www.biokg.org/protien/Q9H0C2'
'https://www.biokg.org/protien/P53317'
'https://www.biokg.org/protien/Q9NUV7'
'https://www.biokg.org/protien/Q8N813'
'https://www.biokg.org/protien/Q92817'
'https://www.biokg.org/protien/P32189'
'https://www.biokg.org/protien/P10441'
'https://www.biokg.org/protien/Q9VK33'
'https://www.biokg.org/protien/Q05996'
'https://www.biokg.org/protien/Q9LVS0'
'https://www.biokg.org/protien/Q9UKJ3'
'https://www.biokg.org/protien/Q9Y5P2'
'https://www.biokg.org/protien/P54753'
'https://www.biokg.org/protien/Q9WTK5'
'https://www.biokg.org/protien/Q61327'
'https://www.biokg.org/protien/Q76KX8'
'https://www.biokg.org/protien/Q8TF30'
'https://www.biokg.org/protien/Q9Y314'
'https://www.biokg.org/protien/Q6P9B6'
'https://www.biokg.org/protien/P25638'
'https://www.biokg.org/protien/Q46906'
'https://www.biokg.org/protien/P50453'
'https://www.biokg.org/protien/P35052'
'https://www.biokg.org/protien/Q9BXL5'
'https://www.biokg.org/protien/Q9P2T1'
'https://www.biokg.org/protien/Q9WU42'
'https://www.biokg.org/protien/P28231'
'https://www.biokg.org/protien/Q96JA3'
'https://www.biokg.org/protien/Q61166'
'https://www.biokg.org/protien/Q12292'
'https://www.biokg.org/protien/P36979'
'https://www.biokg.org/protien/Q8IYX4'
'https://www.biokg.org/protien/Q9LU86'
'https://www.biokg.org/protien/Q9BWU0'
'https://www.biokg.org/protien/P20606'
'https://www.biokg.org/protien/Q7Z3Q1'
'https://www.biokg.org/protien/Q8N3Z0'
'https://www.biokg.org/protien/Q9FJ98'
'https://www.biokg.org/protien/Q9UBS4'
'https://www.biokg.org/protien/Q9Y6C9'
'https://www.biokg.org/protien/Q9Y4L1'
'https://www.biokg.org/protien/P52946'
'https://www.biokg.org/protien/P53859'
'https://www.biokg.org/protien/Q02809'
'https://www.biokg.org/protien/Q9SAC6'
'https://www.biokg.org/protien/Q7Z7B8'
'https://www.biokg.org/protien/Q9NV92'
'https://www.biokg.org/protien/Q27968'
'https://www.biokg.org/protien/Q9NYV4'
'https://www.biokg.org/protien/Q8TDI0'
'https://www.biokg.org/protien/Q8NDB2'
-----There is no sub-graphs for biokg_PPI_lp, so start generating sub-graphs before meta-training!-----
