2023-12-13 14:04:40 | wn18rr_inf | df_test_g_train len=854
2023-12-13 14:04:40 | wn18rr_inf | df_train_g_test len=14724
2023-12-13 14:04:40 | wn18rr_inf | df_train_g_train len=71257
2023-12-13 14:04:40 | wn18rr_inf | df_train_g_valid len=3010
2023-12-13 14:04:40 | wn18rr_inf | df_test_g_valid len=24
2023-12-13 14:05:10 | wn18rr_inf | df_test_g_train len=854
2023-12-13 14:05:10 | wn18rr_inf | df_train_g_test len=14759
2023-12-13 14:05:10 | wn18rr_inf | df_train_g_train len=71222
2023-12-13 14:05:10 | wn18rr_inf | df_train_g_valid len=3010
2023-12-13 14:05:10 | wn18rr_inf | df_test_g_valid len=24
2023-12-13 14:05:14 | wn18rr_inf | Sampling Time Sec=6.024576
2023-12-13 14:12:07 | wn18rr_inf | {"dataset_name": "wn18rr_inf", "name": "wn18rr_inf", "root_path": "/home/afandi/GitRepos/KGNET/Datasets/", "loadTrainedModel": 1, "modelID": "wn18rr.model", "step": "meta_train", "metatrain_state": "/home/afandi/GitRepos/KGNET/Datasets/trained_models/MorSE.best", "state_dir": "/home/afandi/GitRepos/KGNET/Datasets/trained_models/MorSE", "log_dir": "./log", "tb_log_dir": "./tb_log", "num_train_subgraph": 10000, "num_valid_subgraph": 200, "num_sample_for_estimate_size": 50, "rw_0": 10, "rw_1": 10, "rw_2": 5, "num_sample_cand": 5, "metatrain_num_neg": 64, "metatrain_num_epoch": 1, "metatrain_bs": 64, "metatrain_lr": 0.01, "metatrain_check_per_step": 5, "indtest_eval_bs": 512, "posttrain_num_neg": 64, "posttrain_bs": 512, "posttrain_lr": 0.001, "posttrain_num_epoch": 10, "posttrain_check_per_epoch": 1, "num_layers": 3, "num_bases": 4, "emb_dim": 32, "kge": "TransE", "gamma": 10, "adv_temp": 1, "gpu": "cpu", "seed": 1234, "ent_dim": 32, "rel_dim": 32, "data_path": "/home/afandi/GitRepos/KGNET/Datasets/wn18rr_inf/wn18rr_inf.pkl", "db_path": "/home/afandi/GitRepos/KGNET/Datasets/wn18rr_inf_subgraph", "num_rel": 11}
2023-12-13 14:42:36 | wn18rr_inf | df_test_g_train len=854
2023-12-13 14:42:36 | wn18rr_inf | df_train_g_test len=14824
2023-12-13 14:42:36 | wn18rr_inf | df_train_g_train len=71157
2023-12-13 14:42:36 | wn18rr_inf | df_train_g_valid len=3010
2023-12-13 14:42:36 | wn18rr_inf | df_test_g_valid len=24
2023-12-13 14:42:40 | wn18rr_inf | Sampling Time Sec=4.800239
2023-12-13 14:47:22 | wn18rr_inf | {"dataset_name": "wn18rr_inf", "name": "wn18rr_inf", "root_path": "/home/afandi/GitRepos/KGNET/Datasets/", "loadTrainedModel": 1, "modelID": "wn18rr.model", "step": "meta_train", "metatrain_state": "/home/afandi/GitRepos/KGNET/Datasets/trained_models/MorSE.best", "state_dir": "/home/afandi/GitRepos/KGNET/Datasets/trained_models/MorSE", "log_dir": "./log", "tb_log_dir": "./tb_log", "num_train_subgraph": 10000, "num_valid_subgraph": 200, "num_sample_for_estimate_size": 50, "rw_0": 10, "rw_1": 10, "rw_2": 5, "num_sample_cand": 5, "metatrain_num_neg": 64, "metatrain_num_epoch": 1, "metatrain_bs": 64, "metatrain_lr": 0.01, "metatrain_check_per_step": 5, "indtest_eval_bs": 512, "posttrain_num_neg": 64, "posttrain_bs": 512, "posttrain_lr": 0.001, "posttrain_num_epoch": 10, "posttrain_check_per_epoch": 1, "num_layers": 3, "num_bases": 4, "emb_dim": 32, "kge": "TransE", "gamma": 10, "adv_temp": 1, "gpu": "cpu", "seed": 1234, "ent_dim": 32, "rel_dim": 32, "data_path": "/home/afandi/GitRepos/KGNET/Datasets/wn18rr_inf/wn18rr_inf.pkl", "db_path": "/home/afandi/GitRepos/KGNET/Datasets/wn18rr_inf_subgraph", "num_rel": 11}
2023-12-13 14:52:06 | wn18rr_inf | df_test_g_train len=854
2023-12-13 14:52:06 | wn18rr_inf | df_train_g_test len=14880
2023-12-13 14:52:06 | wn18rr_inf | df_train_g_train len=71101
2023-12-13 14:52:06 | wn18rr_inf | df_train_g_valid len=3010
2023-12-13 14:52:06 | wn18rr_inf | df_test_g_valid len=24
2023-12-13 14:52:10 | wn18rr_inf | Sampling Time Sec=5.087815
2023-12-13 14:55:55 | wn18rr_inf | {"dataset_name": "wn18rr_inf", "name": "wn18rr_inf", "root_path": "/home/afandi/GitRepos/KGNET/Datasets/", "loadTrainedModel": 1, "modelID": "wn18rr.model", "step": "meta_train", "metatrain_state": "/home/afandi/GitRepos/KGNET/Datasets/trained_models/MorSE.best", "state_dir": "/home/afandi/GitRepos/KGNET/Datasets/trained_models/MorSE", "log_dir": "./log", "tb_log_dir": "./tb_log", "num_train_subgraph": 10000, "num_valid_subgraph": 200, "num_sample_for_estimate_size": 50, "rw_0": 10, "rw_1": 10, "rw_2": 5, "num_sample_cand": 5, "metatrain_num_neg": 64, "metatrain_num_epoch": 1, "metatrain_bs": 64, "metatrain_lr": 0.01, "metatrain_check_per_step": 5, "indtest_eval_bs": 512, "posttrain_num_neg": 64, "posttrain_bs": 512, "posttrain_lr": 0.001, "posttrain_num_epoch": 10, "posttrain_check_per_epoch": 1, "num_layers": 3, "num_bases": 4, "emb_dim": 32, "kge": "TransE", "gamma": 10, "adv_temp": 1, "gpu": "cpu", "seed": 1234, "ent_dim": 32, "rel_dim": 32, "data_path": "/home/afandi/GitRepos/KGNET/Datasets/wn18rr_inf/wn18rr_inf.pkl", "db_path": "/home/afandi/GitRepos/KGNET/Datasets/wn18rr_inf_subgraph", "num_rel": 11}
2023-12-14 10:20:25 | wn18rr_inf | df_test_g_train len=854
2023-12-14 10:20:25 | wn18rr_inf | df_train_g_test len=14776
2023-12-14 10:20:25 | wn18rr_inf | df_train_g_train len=71205
2023-12-14 10:20:25 | wn18rr_inf | df_train_g_valid len=3010
2023-12-14 10:20:25 | wn18rr_inf | df_test_g_valid len=24
2023-12-14 10:20:49 | wn18rr_inf | df_test_g_train len=854
2023-12-14 10:20:49 | wn18rr_inf | df_train_g_test len=14744
2023-12-14 10:20:49 | wn18rr_inf | df_train_g_train len=71237
2023-12-14 10:20:49 | wn18rr_inf | df_train_g_valid len=3010
2023-12-14 10:20:49 | wn18rr_inf | df_test_g_valid len=24
2023-12-14 10:20:52 | wn18rr_inf | Sampling Time Sec=4.33557
2023-12-14 10:25:56 | wn18rr_inf | {"dataset_name": "wn18rr_inf", "name": "wn18rr_inf", "root_path": "/home/afandi/GitRepos/KGNET/Datasets/", "loadTrainedModel": 1, "modelID": "wn18rr.model", "step": "meta_train", "metatrain_state": "/home/afandi/GitRepos/KGNET/Datasets/trained_models/MorSE.best", "state_dir": "/home/afandi/GitRepos/KGNET/Datasets/trained_models/MorSE", "log_dir": "./log", "tb_log_dir": "./tb_log", "num_train_subgraph": 10000, "num_valid_subgraph": 200, "num_sample_for_estimate_size": 50, "rw_0": 10, "rw_1": 10, "rw_2": 5, "num_sample_cand": 5, "metatrain_num_neg": 64, "metatrain_num_epoch": 1, "metatrain_bs": 64, "metatrain_lr": 0.01, "metatrain_check_per_step": 5, "indtest_eval_bs": 512, "posttrain_num_neg": 64, "posttrain_bs": 512, "posttrain_lr": 0.001, "posttrain_num_epoch": 10, "posttrain_check_per_epoch": 1, "num_layers": 3, "num_bases": 4, "emb_dim": 32, "kge": "TransE", "gamma": 10, "adv_temp": 1, "gpu": "cpu", "seed": 1234, "ent_dim": 32, "rel_dim": 32, "data_path": "/home/afandi/GitRepos/KGNET/Datasets/wn18rr_inf/wn18rr_inf.pkl", "db_path": "/home/afandi/GitRepos/KGNET/Datasets/wn18rr_inf_subgraph", "num_rel": 11}
2023-12-14 10:32:04 | wn18rr_inf | test on ind-test-graph, sample all
2023-12-14 10:32:11 | wn18rr_inf | mrr: 0.1812, hits@1: 0.1500, hits@5: 0.2000, hits@10: 0.2500
2023-12-14 10:32:38 | wn18rr_inf | df_test_g_train len=854
2023-12-14 10:32:38 | wn18rr_inf | df_train_g_test len=14718
2023-12-14 10:32:38 | wn18rr_inf | df_train_g_train len=71263
2023-12-14 10:32:38 | wn18rr_inf | df_train_g_valid len=3010
2023-12-14 10:32:38 | wn18rr_inf | df_test_g_valid len=24
2023-12-14 10:32:40 | wn18rr_inf | Sampling Time Sec=3.119232
2023-12-14 10:37:27 | wn18rr_inf | {"dataset_name": "wn18rr_inf", "name": "wn18rr_inf", "root_path": "/home/afandi/GitRepos/KGNET/Datasets/", "loadTrainedModel": 1, "modelID": "wn18rr.model", "step": "meta_train", "metatrain_state": "/home/afandi/GitRepos/KGNET/Datasets/trained_models/MorSE.best", "state_dir": "/home/afandi/GitRepos/KGNET/Datasets/trained_models/MorSE", "log_dir": "./log", "tb_log_dir": "./tb_log", "num_train_subgraph": 10000, "num_valid_subgraph": 200, "num_sample_for_estimate_size": 50, "rw_0": 10, "rw_1": 10, "rw_2": 5, "num_sample_cand": 5, "metatrain_num_neg": 64, "metatrain_num_epoch": 1, "metatrain_bs": 64, "metatrain_lr": 0.01, "metatrain_check_per_step": 5, "indtest_eval_bs": 512, "posttrain_num_neg": 64, "posttrain_bs": 512, "posttrain_lr": 0.001, "posttrain_num_epoch": 10, "posttrain_check_per_epoch": 1, "num_layers": 3, "num_bases": 4, "emb_dim": 32, "kge": "TransE", "gamma": 10, "adv_temp": 1, "gpu": "cpu", "seed": 1234, "ent_dim": 32, "rel_dim": 32, "data_path": "/home/afandi/GitRepos/KGNET/Datasets/wn18rr_inf/wn18rr_inf.pkl", "db_path": "/home/afandi/GitRepos/KGNET/Datasets/wn18rr_inf_subgraph", "num_rel": 11}
2023-12-14 14:40:55 | wn18rr_inf | df_test_g_train len=742
2023-12-14 14:40:55 | wn18rr_inf | df_train_g_test len=14864
2023-12-14 14:40:55 | wn18rr_inf | df_train_g_train len=71229
2023-12-14 14:40:55 | wn18rr_inf | df_train_g_valid len=3012
2023-12-14 14:40:55 | wn18rr_inf | df_test_g_valid len=22
2023-12-14 14:40:55 | wn18rr_inf | Sampling Time Sec=0.303427
2023-12-14 14:45:11 | wn18rr_inf | {"dataset_name": "wn18rr_inf", "name": "wn18rr_inf", "root_path": "/home/afandi/GitRepos/KGNET/Datasets/", "loadTrainedModel": 1, "modelID": "wn18rr.model", "step": "meta_train", "metatrain_state": "/home/afandi/GitRepos/KGNET/Datasets/trained_models/MorSE.best", "state_dir": "/home/afandi/GitRepos/KGNET/Datasets/trained_models/MorSE", "log_dir": "./log", "tb_log_dir": "./tb_log", "num_train_subgraph": 10000, "num_valid_subgraph": 200, "num_sample_for_estimate_size": 50, "rw_0": 10, "rw_1": 10, "rw_2": 5, "num_sample_cand": 5, "metatrain_num_neg": 64, "metatrain_num_epoch": 1, "metatrain_bs": 64, "metatrain_lr": 0.01, "metatrain_check_per_step": 5, "indtest_eval_bs": 512, "posttrain_num_neg": 64, "posttrain_bs": 512, "posttrain_lr": 0.001, "posttrain_num_epoch": 10, "posttrain_check_per_epoch": 1, "num_layers": 3, "num_bases": 4, "emb_dim": 32, "kge": "TransE", "gamma": 10, "adv_temp": 1, "gpu": "cpu", "seed": 1234, "ent_dim": 32, "rel_dim": 32, "data_path": "/home/afandi/GitRepos/KGNET/Datasets/wn18rr_inf/wn18rr_inf.pkl", "db_path": "/home/afandi/GitRepos/KGNET/Datasets/wn18rr_inf_subgraph", "num_rel": 11}
2023-12-14 14:45:11 | wn18rr_inf | test on ind-test-graph, sample all
2023-12-14 14:45:11 | wn18rr_inf | mrr: 0.0000, hits@1: 0.0000, hits@5: 0.0000, hits@10: 0.0000
2023-12-14 14:55:58 | wn18rr_inf | df_test_g_train len=742
2023-12-14 14:55:58 | wn18rr_inf | df_train_g_test len=14785
2023-12-14 14:55:58 | wn18rr_inf | df_train_g_train len=71308
2023-12-14 14:55:58 | wn18rr_inf | df_train_g_valid len=3012
2023-12-14 14:55:58 | wn18rr_inf | df_test_g_valid len=22
2023-12-14 14:56:01 | wn18rr_inf | Sampling Time Sec=3.961106
2023-12-14 15:00:59 | wn18rr_inf | {"dataset_name": "wn18rr_inf", "name": "wn18rr_inf", "root_path": "/home/afandi/GitRepos/KGNET/Datasets/", "loadTrainedModel": 1, "modelID": "wn18rr.model", "step": "meta_train", "metatrain_state": "/home/afandi/GitRepos/KGNET/Datasets/trained_models/MorSE.best", "state_dir": "/home/afandi/GitRepos/KGNET/Datasets/trained_models/MorSE", "log_dir": "./log", "tb_log_dir": "./tb_log", "num_train_subgraph": 10000, "num_valid_subgraph": 200, "num_sample_for_estimate_size": 50, "rw_0": 10, "rw_1": 10, "rw_2": 5, "num_sample_cand": 5, "metatrain_num_neg": 64, "metatrain_num_epoch": 1, "metatrain_bs": 64, "metatrain_lr": 0.01, "metatrain_check_per_step": 5, "indtest_eval_bs": 512, "posttrain_num_neg": 64, "posttrain_bs": 512, "posttrain_lr": 0.001, "posttrain_num_epoch": 10, "posttrain_check_per_epoch": 1, "num_layers": 3, "num_bases": 4, "emb_dim": 32, "kge": "TransE", "gamma": 10, "adv_temp": 1, "gpu": "cpu", "seed": 1234, "ent_dim": 32, "rel_dim": 32, "data_path": "/home/afandi/GitRepos/KGNET/Datasets/wn18rr_inf/wn18rr_inf.pkl", "db_path": "/home/afandi/GitRepos/KGNET/Datasets/wn18rr_inf_subgraph", "num_rel": 11}
2023-12-14 15:01:50 | wn18rr_inf | df_test_g_train len=742
2023-12-14 15:01:50 | wn18rr_inf | df_train_g_test len=14807
2023-12-14 15:01:50 | wn18rr_inf | df_train_g_train len=71286
2023-12-14 15:01:50 | wn18rr_inf | df_train_g_valid len=3012
2023-12-14 15:01:50 | wn18rr_inf | df_test_g_valid len=22
2023-12-14 15:01:54 | wn18rr_inf | Sampling Time Sec=4.445783
2023-12-14 15:06:37 | wn18rr_inf | {"dataset_name": "wn18rr_inf", "name": "wn18rr_inf", "root_path": "/home/afandi/GitRepos/KGNET/Datasets/", "loadTrainedModel": 1, "modelID": "wn18rr.model", "step": "meta_train", "metatrain_state": "/home/afandi/GitRepos/KGNET/Datasets/trained_models/MorSE.best", "state_dir": "/home/afandi/GitRepos/KGNET/Datasets/trained_models/MorSE", "log_dir": "./log", "tb_log_dir": "./tb_log", "num_train_subgraph": 10000, "num_valid_subgraph": 200, "num_sample_for_estimate_size": 50, "rw_0": 10, "rw_1": 10, "rw_2": 5, "num_sample_cand": 5, "metatrain_num_neg": 64, "metatrain_num_epoch": 1, "metatrain_bs": 64, "metatrain_lr": 0.01, "metatrain_check_per_step": 5, "indtest_eval_bs": 512, "posttrain_num_neg": 64, "posttrain_bs": 512, "posttrain_lr": 0.001, "posttrain_num_epoch": 10, "posttrain_check_per_epoch": 1, "num_layers": 3, "num_bases": 4, "emb_dim": 32, "kge": "TransE", "gamma": 10, "adv_temp": 1, "gpu": "cpu", "seed": 1234, "ent_dim": 32, "rel_dim": 32, "data_path": "/home/afandi/GitRepos/KGNET/Datasets/wn18rr_inf/wn18rr_inf.pkl", "db_path": "/home/afandi/GitRepos/KGNET/Datasets/wn18rr_inf_subgraph", "num_rel": 11}
2023-12-14 15:07:43 | wn18rr_inf | df_test_g_train len=742
2023-12-14 15:07:43 | wn18rr_inf | df_train_g_test len=14788
2023-12-14 15:07:43 | wn18rr_inf | df_train_g_train len=71305
2023-12-14 15:07:43 | wn18rr_inf | df_train_g_valid len=3012
2023-12-14 15:07:43 | wn18rr_inf | df_test_g_valid len=22
2023-12-14 15:07:47 | wn18rr_inf | Sampling Time Sec=4.57915
2023-12-14 15:12:44 | wn18rr_inf | {"dataset_name": "wn18rr_inf", "name": "wn18rr_inf", "root_path": "/home/afandi/GitRepos/KGNET/Datasets/", "loadTrainedModel": 1, "modelID": "wn18rr.model", "step": "meta_train", "metatrain_state": "/home/afandi/GitRepos/KGNET/Datasets/trained_models/MorSE.best", "state_dir": "/home/afandi/GitRepos/KGNET/Datasets/trained_models/MorSE", "log_dir": "./log", "tb_log_dir": "./tb_log", "num_train_subgraph": 10000, "num_valid_subgraph": 200, "num_sample_for_estimate_size": 50, "rw_0": 10, "rw_1": 10, "rw_2": 5, "num_sample_cand": 5, "metatrain_num_neg": 64, "metatrain_num_epoch": 1, "metatrain_bs": 64, "metatrain_lr": 0.01, "metatrain_check_per_step": 5, "indtest_eval_bs": 512, "posttrain_num_neg": 64, "posttrain_bs": 512, "posttrain_lr": 0.001, "posttrain_num_epoch": 10, "posttrain_check_per_epoch": 1, "num_layers": 3, "num_bases": 4, "emb_dim": 32, "kge": "TransE", "gamma": 10, "adv_temp": 1, "gpu": "cpu", "seed": 1234, "ent_dim": 32, "rel_dim": 32, "data_path": "/home/afandi/GitRepos/KGNET/Datasets/wn18rr_inf/wn18rr_inf.pkl", "db_path": "/home/afandi/GitRepos/KGNET/Datasets/wn18rr_inf_subgraph", "num_rel": 11}
2023-12-14 15:14:34 | wn18rr_inf | df_test_g_train len=742
2023-12-14 15:14:35 | wn18rr_inf | df_train_g_test len=14855
2023-12-14 15:14:35 | wn18rr_inf | df_train_g_train len=71238
2023-12-14 15:14:35 | wn18rr_inf | df_train_g_valid len=3012
2023-12-14 15:14:35 | wn18rr_inf | df_test_g_valid len=22
2023-12-14 15:14:36 | wn18rr_inf | Sampling Time Sec=2.507646
2023-12-14 15:14:36 | wn18rr_inf | {"dataset_name": "wn18rr_inf", "name": "wn18rr_inf", "root_path": "/home/afandi/GitRepos/KGNET/Datasets/", "loadTrainedModel": 1, "modelID": "wn18rr.model", "step": "meta_train", "metatrain_state": "/home/afandi/GitRepos/KGNET/Datasets/trained_models/MorSE.best", "state_dir": "/home/afandi/GitRepos/KGNET/Datasets/trained_models/MorSE", "log_dir": "./log", "tb_log_dir": "./tb_log", "num_train_subgraph": 10000, "num_valid_subgraph": 200, "num_sample_for_estimate_size": 50, "rw_0": 10, "rw_1": 10, "rw_2": 5, "num_sample_cand": 5, "metatrain_num_neg": 64, "metatrain_num_epoch": 1, "metatrain_bs": 64, "metatrain_lr": 0.01, "metatrain_check_per_step": 5, "indtest_eval_bs": 512, "posttrain_num_neg": 64, "posttrain_bs": 512, "posttrain_lr": 0.001, "posttrain_num_epoch": 10, "posttrain_check_per_epoch": 1, "num_layers": 3, "num_bases": 4, "emb_dim": 32, "kge": "TransE", "gamma": 10, "adv_temp": 1, "gpu": "cpu", "seed": 1234, "ent_dim": 32, "rel_dim": 32, "data_path": "/home/afandi/GitRepos/KGNET/Datasets/wn18rr_inf/wn18rr_inf.pkl", "db_path": "/home/afandi/GitRepos/KGNET/Datasets/wn18rr_inf_subgraph", "num_rel": 11}
2023-12-14 15:15:57 | wn18rr_inf | df_test_g_train len=742
2023-12-14 15:15:57 | wn18rr_inf | df_train_g_test len=14742
2023-12-14 15:15:57 | wn18rr_inf | df_train_g_train len=71351
2023-12-14 15:15:57 | wn18rr_inf | df_train_g_valid len=3012
2023-12-14 15:15:57 | wn18rr_inf | df_test_g_valid len=22
2023-12-14 15:16:00 | wn18rr_inf | Sampling Time Sec=6.30541
2023-12-14 15:16:00 | wn18rr_inf | {"dataset_name": "wn18rr_inf", "name": "wn18rr_inf", "root_path": "/home/afandi/GitRepos/KGNET/Datasets/", "loadTrainedModel": 1, "modelID": "wn18rr.model", "step": "meta_train", "metatrain_state": "/home/afandi/GitRepos/KGNET/Datasets/trained_models/MorSE.best", "state_dir": "/home/afandi/GitRepos/KGNET/Datasets/trained_models/MorSE", "log_dir": "./log", "tb_log_dir": "./tb_log", "num_train_subgraph": 10000, "num_valid_subgraph": 200, "num_sample_for_estimate_size": 50, "rw_0": 10, "rw_1": 10, "rw_2": 5, "num_sample_cand": 5, "metatrain_num_neg": 64, "metatrain_num_epoch": 1, "metatrain_bs": 64, "metatrain_lr": 0.01, "metatrain_check_per_step": 5, "indtest_eval_bs": 512, "posttrain_num_neg": 64, "posttrain_bs": 512, "posttrain_lr": 0.001, "posttrain_num_epoch": 10, "posttrain_check_per_epoch": 1, "num_layers": 3, "num_bases": 4, "emb_dim": 32, "kge": "TransE", "gamma": 10, "adv_temp": 1, "gpu": "cpu", "seed": 1234, "ent_dim": 32, "rel_dim": 32, "data_path": "/home/afandi/GitRepos/KGNET/Datasets/wn18rr_inf/wn18rr_inf.pkl", "db_path": "/home/afandi/GitRepos/KGNET/Datasets/wn18rr_inf_subgraph", "num_rel": 11}
2023-12-14 15:17:03 | wn18rr_inf | df_test_g_train len=742
2023-12-14 15:17:03 | wn18rr_inf | df_train_g_test len=14771
2023-12-14 15:17:03 | wn18rr_inf | df_train_g_train len=71322
2023-12-14 15:17:03 | wn18rr_inf | df_train_g_valid len=3012
2023-12-14 15:17:03 | wn18rr_inf | df_test_g_valid len=22
2023-12-14 15:17:06 | wn18rr_inf | Sampling Time Sec=3.201413
2023-12-14 15:17:07 | wn18rr_inf | {"dataset_name": "wn18rr_inf", "name": "wn18rr_inf", "root_path": "/home/afandi/GitRepos/KGNET/Datasets/", "loadTrainedModel": 1, "modelID": "wn18rr.model", "step": "meta_train", "metatrain_state": "/home/afandi/GitRepos/KGNET/Datasets/trained_models/MorSE.best", "state_dir": "/home/afandi/GitRepos/KGNET/Datasets/trained_models/MorSE", "log_dir": "./log", "tb_log_dir": "./tb_log", "num_train_subgraph": 10000, "num_valid_subgraph": 200, "num_sample_for_estimate_size": 50, "rw_0": 10, "rw_1": 10, "rw_2": 5, "num_sample_cand": 5, "metatrain_num_neg": 64, "metatrain_num_epoch": 1, "metatrain_bs": 64, "metatrain_lr": 0.01, "metatrain_check_per_step": 5, "indtest_eval_bs": 512, "posttrain_num_neg": 64, "posttrain_bs": 512, "posttrain_lr": 0.001, "posttrain_num_epoch": 10, "posttrain_check_per_epoch": 1, "num_layers": 3, "num_bases": 4, "emb_dim": 32, "kge": "TransE", "gamma": 10, "adv_temp": 1, "gpu": "cpu", "seed": 1234, "ent_dim": 32, "rel_dim": 32, "data_path": "/home/afandi/GitRepos/KGNET/Datasets/wn18rr_inf/wn18rr_inf.pkl", "db_path": "/home/afandi/GitRepos/KGNET/Datasets/wn18rr_inf_subgraph", "num_rel": 11}
2023-12-14 15:17:32 | wn18rr_inf | df_test_g_train len=742
2023-12-14 15:17:32 | wn18rr_inf | df_train_g_test len=14782
2023-12-14 15:17:32 | wn18rr_inf | df_train_g_train len=71311
2023-12-14 15:17:32 | wn18rr_inf | df_train_g_valid len=3012
2023-12-14 15:17:32 | wn18rr_inf | df_test_g_valid len=22
2023-12-14 15:17:35 | wn18rr_inf | Sampling Time Sec=2.816626
2023-12-14 15:17:35 | wn18rr_inf | {"dataset_name": "wn18rr_inf", "name": "wn18rr_inf", "root_path": "/home/afandi/GitRepos/KGNET/Datasets/", "loadTrainedModel": 1, "modelID": "wn18rr.model", "step": "meta_train", "metatrain_state": "/home/afandi/GitRepos/KGNET/Datasets/trained_models/MorSE.best", "state_dir": "/home/afandi/GitRepos/KGNET/Datasets/trained_models/MorSE", "log_dir": "./log", "tb_log_dir": "./tb_log", "num_train_subgraph": 10000, "num_valid_subgraph": 200, "num_sample_for_estimate_size": 50, "rw_0": 10, "rw_1": 10, "rw_2": 5, "num_sample_cand": 5, "metatrain_num_neg": 64, "metatrain_num_epoch": 1, "metatrain_bs": 64, "metatrain_lr": 0.01, "metatrain_check_per_step": 5, "indtest_eval_bs": 512, "posttrain_num_neg": 64, "posttrain_bs": 512, "posttrain_lr": 0.001, "posttrain_num_epoch": 10, "posttrain_check_per_epoch": 1, "num_layers": 3, "num_bases": 4, "emb_dim": 32, "kge": "TransE", "gamma": 10, "adv_temp": 1, "gpu": "cpu", "seed": 1234, "ent_dim": 32, "rel_dim": 32, "data_path": "/home/afandi/GitRepos/KGNET/Datasets/wn18rr_inf/wn18rr_inf.pkl", "db_path": "/home/afandi/GitRepos/KGNET/Datasets/wn18rr_inf_subgraph", "num_rel": 11}
2023-12-14 15:18:06 | wn18rr_inf | test on ind-test-graph, sample all
2023-12-14 15:18:08 | wn18rr_inf | mrr: 0.0000, hits@1: 0.0000, hits@5: 0.0000, hits@10: 0.0000
2023-12-14 15:20:28 | wn18rr_inf | df_test_g_train len=742
2023-12-14 15:20:28 | wn18rr_inf | df_train_g_test len=14929
2023-12-14 15:20:28 | wn18rr_inf | df_train_g_train len=71164
2023-12-14 15:20:28 | wn18rr_inf | df_train_g_valid len=3012
2023-12-14 15:20:28 | wn18rr_inf | df_test_g_valid len=22
2023-12-14 15:20:33 | wn18rr_inf | Sampling Time Sec=5.014126
2023-12-14 15:25:15 | wn18rr_inf | {"dataset_name": "wn18rr_inf", "name": "wn18rr_inf", "root_path": "/home/afandi/GitRepos/KGNET/Datasets/", "loadTrainedModel": 1, "modelID": "wn18rr.model", "step": "meta_train", "metatrain_state": "/home/afandi/GitRepos/KGNET/Datasets/trained_models/MorSE.best", "state_dir": "/home/afandi/GitRepos/KGNET/Datasets/trained_models/MorSE", "log_dir": "./log", "tb_log_dir": "./tb_log", "num_train_subgraph": 10000, "num_valid_subgraph": 200, "num_sample_for_estimate_size": 50, "rw_0": 10, "rw_1": 10, "rw_2": 5, "num_sample_cand": 5, "metatrain_num_neg": 64, "metatrain_num_epoch": 1, "metatrain_bs": 64, "metatrain_lr": 0.01, "metatrain_check_per_step": 5, "indtest_eval_bs": 512, "posttrain_num_neg": 64, "posttrain_bs": 512, "posttrain_lr": 0.001, "posttrain_num_epoch": 10, "posttrain_check_per_epoch": 1, "num_layers": 3, "num_bases": 4, "emb_dim": 32, "kge": "TransE", "gamma": 10, "adv_temp": 1, "gpu": "cpu", "seed": 1234, "ent_dim": 32, "rel_dim": 32, "data_path": "/home/afandi/GitRepos/KGNET/Datasets/wn18rr_inf/wn18rr_inf.pkl", "db_path": "/home/afandi/GitRepos/KGNET/Datasets/wn18rr_inf_subgraph", "num_rel": 11}
2023-12-14 15:27:53 | wn18rr_inf | df_test_g_train len=742
2023-12-14 15:27:53 | wn18rr_inf | df_train_g_test len=14795
2023-12-14 15:27:53 | wn18rr_inf | df_train_g_train len=71298
2023-12-14 15:27:53 | wn18rr_inf | df_train_g_valid len=3012
2023-12-14 15:27:53 | wn18rr_inf | df_test_g_valid len=22
2023-12-14 15:27:56 | wn18rr_inf | Sampling Time Sec=3.098404
2023-12-14 15:32:47 | wn18rr_inf | {"dataset_name": "wn18rr_inf", "name": "wn18rr_inf", "root_path": "/home/afandi/GitRepos/KGNET/Datasets/", "loadTrainedModel": 1, "modelID": "wn18rr.model", "step": "meta_train", "metatrain_state": "/home/afandi/GitRepos/KGNET/Datasets/trained_models/MorSE.best", "state_dir": "/home/afandi/GitRepos/KGNET/Datasets/trained_models/MorSE", "log_dir": "./log", "tb_log_dir": "./tb_log", "num_train_subgraph": 10000, "num_valid_subgraph": 200, "num_sample_for_estimate_size": 50, "rw_0": 10, "rw_1": 10, "rw_2": 5, "num_sample_cand": 5, "metatrain_num_neg": 64, "metatrain_num_epoch": 1, "metatrain_bs": 64, "metatrain_lr": 0.01, "metatrain_check_per_step": 5, "indtest_eval_bs": 512, "posttrain_num_neg": 64, "posttrain_bs": 512, "posttrain_lr": 0.001, "posttrain_num_epoch": 10, "posttrain_check_per_epoch": 1, "num_layers": 3, "num_bases": 4, "emb_dim": 32, "kge": "TransE", "gamma": 10, "adv_temp": 1, "gpu": "cpu", "seed": 1234, "ent_dim": 32, "rel_dim": 32, "data_path": "/home/afandi/GitRepos/KGNET/Datasets/wn18rr_inf/wn18rr_inf.pkl", "db_path": "/home/afandi/GitRepos/KGNET/Datasets/wn18rr_inf_subgraph", "num_rel": 11}
2023-12-15 12:45:03 | wn18rr_inf | df_test_g_train len=742
2023-12-15 12:45:03 | wn18rr_inf | df_train_g_test len=14871
2023-12-15 12:45:03 | wn18rr_inf | df_train_g_train len=71222
2023-12-15 12:45:03 | wn18rr_inf | df_train_g_valid len=3012
2023-12-15 12:45:03 | wn18rr_inf | df_test_g_valid len=22
2023-12-15 12:45:12 | wn18rr_inf | Sampling Time Sec=9.1442
2023-12-15 12:50:08 | wn18rr_inf | {"dataset_name": "wn18rr_inf", "name": "wn18rr_inf", "root_path": "/home/afandi/GitRepos/KGNET/Datasets/", "loadTrainedModel": 1, "modelID": "wn18rr.model", "step": "meta_train", "metatrain_state": "/home/afandi/GitRepos/KGNET/Datasets/trained_models/MorSE.best", "state_dir": "/home/afandi/GitRepos/KGNET/Datasets/trained_models/MorSE", "log_dir": "./log", "tb_log_dir": "./tb_log", "num_train_subgraph": 10000, "num_valid_subgraph": 200, "num_sample_for_estimate_size": 50, "rw_0": 10, "rw_1": 10, "rw_2": 5, "num_sample_cand": 5, "metatrain_num_neg": 64, "metatrain_num_epoch": 1, "metatrain_bs": 64, "metatrain_lr": 0.01, "metatrain_check_per_step": 5, "indtest_eval_bs": 512, "posttrain_num_neg": 64, "posttrain_bs": 512, "posttrain_lr": 0.001, "posttrain_num_epoch": 10, "posttrain_check_per_epoch": 1, "num_layers": 3, "num_bases": 4, "emb_dim": 32, "kge": "TransE", "gamma": 10, "adv_temp": 1, "gpu": "cpu", "seed": 1234, "ent_dim": 32, "rel_dim": 32, "data_path": "/home/afandi/GitRepos/KGNET/Datasets/wn18rr_inf/wn18rr_inf.pkl", "db_path": "/home/afandi/GitRepos/KGNET/Datasets/wn18rr_inf_subgraph", "num_rel": 11}
2023-12-15 14:42:13 | wn18rr_inf | df_test_g_train len=742
2023-12-15 14:42:13 | wn18rr_inf | df_train_g_test len=14811
2023-12-15 14:42:13 | wn18rr_inf | df_train_g_train len=71282
2023-12-15 14:42:13 | wn18rr_inf | df_train_g_valid len=3012
2023-12-15 14:42:13 | wn18rr_inf | df_test_g_valid len=22
2023-12-15 14:42:18 | wn18rr_inf | Sampling Time Sec=4.415113
2023-12-15 14:42:18 | wn18rr_inf | {"dataset_name": "wn18rr_inf", "name": "wn18rr_inf", "root_path": "/home/afandi/GitRepos/KGNET/Datasets/", "loadTrainedModel": 1, "modelID": "wn18rr.model", "step": "meta_train", "metatrain_state": "/home/afandi/GitRepos/KGNET/Datasets/trained_models/MorSE.best", "state_dir": "/home/afandi/GitRepos/KGNET/Datasets/trained_models/MorSE", "log_dir": "./log", "tb_log_dir": "./tb_log", "num_train_subgraph": 10000, "num_valid_subgraph": 200, "num_sample_for_estimate_size": 50, "rw_0": 10, "rw_1": 10, "rw_2": 5, "num_sample_cand": 5, "metatrain_num_neg": 64, "metatrain_num_epoch": 1, "metatrain_bs": 64, "metatrain_lr": 0.01, "metatrain_check_per_step": 5, "indtest_eval_bs": 512, "posttrain_num_neg": 64, "posttrain_bs": 512, "posttrain_lr": 0.001, "posttrain_num_epoch": 10, "posttrain_check_per_epoch": 1, "num_layers": 3, "num_bases": 4, "emb_dim": 32, "kge": "TransE", "gamma": 10, "adv_temp": 1, "gpu": "cpu", "seed": 1234, "ent_dim": 32, "rel_dim": 32, "data_path": "/home/afandi/GitRepos/KGNET/Datasets/wn18rr_inf/wn18rr_inf.pkl", "db_path": "/home/afandi/GitRepos/KGNET/Datasets/wn18rr_inf_subgraph", "num_rel": 11}
2023-12-15 15:48:43 | wn18rr_inf | df_test_g_train len=742
2023-12-15 15:48:43 | wn18rr_inf | df_train_g_test len=14762
2023-12-15 15:48:43 | wn18rr_inf | df_train_g_train len=71331
2023-12-15 15:48:43 | wn18rr_inf | df_train_g_valid len=3012
2023-12-15 15:48:43 | wn18rr_inf | df_test_g_valid len=22
2023-12-15 15:48:46 | wn18rr_inf | Sampling Time Sec=3.395537
2023-12-15 15:48:46 | wn18rr_inf | {"dataset_name": "wn18rr_inf", "name": "wn18rr_inf", "root_path": "/home/afandi/GitRepos/KGNET/Datasets/", "loadTrainedModel": 1, "modelID": "wn18rr.model", "step": "meta_train", "metatrain_state": "/home/afandi/GitRepos/KGNET/Datasets/trained_models/MorSE.best", "state_dir": "/home/afandi/GitRepos/KGNET/Datasets/trained_models/MorSE", "log_dir": "./log", "tb_log_dir": "./tb_log", "num_train_subgraph": 10000, "num_valid_subgraph": 200, "num_sample_for_estimate_size": 50, "rw_0": 10, "rw_1": 10, "rw_2": 5, "num_sample_cand": 5, "metatrain_num_neg": 64, "metatrain_num_epoch": 1, "metatrain_bs": 64, "metatrain_lr": 0.01, "metatrain_check_per_step": 5, "indtest_eval_bs": 512, "posttrain_num_neg": 64, "posttrain_bs": 512, "posttrain_lr": 0.001, "posttrain_num_epoch": 10, "posttrain_check_per_epoch": 1, "num_layers": 3, "num_bases": 4, "emb_dim": 32, "kge": "TransE", "gamma": 10, "adv_temp": 1, "gpu": "cpu", "seed": 1234, "ent_dim": 32, "rel_dim": 32, "data_path": "/home/afandi/GitRepos/KGNET/Datasets/wn18rr_inf/wn18rr_inf.pkl", "db_path": "/home/afandi/GitRepos/KGNET/Datasets/wn18rr_inf_subgraph", "num_rel": 11}
2023-12-19 13:05:18 | wn18rr_inf | df_test_g_train len=742
2023-12-19 13:05:18 | wn18rr_inf | df_train_g_test len=14781
2023-12-19 13:05:18 | wn18rr_inf | df_train_g_train len=71312
2023-12-19 13:05:18 | wn18rr_inf | df_train_g_valid len=3012
2023-12-19 13:05:18 | wn18rr_inf | df_test_g_valid len=22
2023-12-19 13:05:27 | wn18rr_inf | Sampling Time Sec=7.920116
2023-12-19 13:05:32 | wn18rr_inf | {"dataset_name": "wn18rr_inf", "name": "wn18rr_inf", "root_path": "/home/afandi/GitRepos/KGNET/Datasets/", "loadTrainedModel": 1, "modelID": "wn18rr.model", "step": "meta_train", "metatrain_state": "/home/afandi/GitRepos/KGNET/Datasets/trained_models/MorSE.best", "state_dir": "/home/afandi/GitRepos/KGNET/Datasets/trained_models/MorSE", "log_dir": "./log", "tb_log_dir": "./tb_log", "num_train_subgraph": 10000, "num_valid_subgraph": 200, "num_sample_for_estimate_size": 50, "rw_0": 10, "rw_1": 10, "rw_2": 5, "num_sample_cand": 5, "metatrain_num_neg": 64, "metatrain_num_epoch": 1, "metatrain_bs": 64, "metatrain_lr": 0.01, "metatrain_check_per_step": 5, "indtest_eval_bs": 512, "posttrain_num_neg": 64, "posttrain_bs": 512, "posttrain_lr": 0.001, "posttrain_num_epoch": 10, "posttrain_check_per_epoch": 1, "num_layers": 3, "num_bases": 4, "emb_dim": 32, "kge": "TransE", "gamma": 10, "adv_temp": 1, "gpu": "cpu", "seed": 1234, "ent_dim": 32, "rel_dim": 32, "data_path": "/home/afandi/GitRepos/KGNET/Datasets/wn18rr_inf/wn18rr_inf.pkl", "db_path": "/home/afandi/GitRepos/KGNET/Datasets/wn18rr_inf_subgraph", "num_rel": 11}
2023-12-19 13:23:59 | wn18rr_inf | df_test_g_train len=742
2023-12-19 13:23:59 | wn18rr_inf | df_train_g_test len=14797
2023-12-19 13:23:59 | wn18rr_inf | df_train_g_train len=71296
2023-12-19 13:23:59 | wn18rr_inf | df_train_g_valid len=3012
2023-12-19 13:23:59 | wn18rr_inf | df_test_g_valid len=22
2023-12-19 13:24:03 | wn18rr_inf | Sampling Time Sec=3.994313
2023-12-19 13:24:03 | wn18rr_inf | {"dataset_name": "wn18rr_inf", "name": "wn18rr_inf", "root_path": "/home/afandi/GitRepos/KGNET/Datasets/", "loadTrainedModel": 1, "modelID": "wn18rr.model", "step": "meta_train", "metatrain_state": "/home/afandi/GitRepos/KGNET/Datasets/trained_models/MorSE.best", "state_dir": "/home/afandi/GitRepos/KGNET/Datasets/trained_models/MorSE", "log_dir": "./log", "tb_log_dir": "./tb_log", "num_train_subgraph": 10000, "num_valid_subgraph": 200, "num_sample_for_estimate_size": 50, "rw_0": 10, "rw_1": 10, "rw_2": 5, "num_sample_cand": 5, "metatrain_num_neg": 64, "metatrain_num_epoch": 1, "metatrain_bs": 64, "metatrain_lr": 0.01, "metatrain_check_per_step": 5, "indtest_eval_bs": 512, "posttrain_num_neg": 64, "posttrain_bs": 512, "posttrain_lr": 0.001, "posttrain_num_epoch": 10, "posttrain_check_per_epoch": 1, "num_layers": 3, "num_bases": 4, "emb_dim": 32, "kge": "TransE", "gamma": 10, "adv_temp": 1, "gpu": "cpu", "seed": 1234, "ent_dim": 32, "rel_dim": 32, "data_path": "/home/afandi/GitRepos/KGNET/Datasets/wn18rr_inf/wn18rr_inf.pkl", "db_path": "/home/afandi/GitRepos/KGNET/Datasets/wn18rr_inf_subgraph", "num_rel": 11}
2023-12-19 20:43:50 | wn18rr_inf | df_test_g_train len=742
2023-12-19 20:43:50 | wn18rr_inf | df_train_g_test len=14811
2023-12-19 20:43:50 | wn18rr_inf | df_train_g_train len=71282
2023-12-19 20:43:50 | wn18rr_inf | df_train_g_valid len=3012
2023-12-19 20:43:50 | wn18rr_inf | df_test_g_valid len=22
2023-12-19 20:43:52 | wn18rr_inf | Sampling Time Sec=2.231753
2023-12-19 20:43:52 | wn18rr_inf | {"dataset_name": "wn18rr_inf", "name": "wn18rr_inf", "root_path": "/home/afandi/GitRepos/KGNET/Datasets/", "loadTrainedModel": 1, "modelID": "wn18rr.model", "step": "meta_train", "metatrain_state": "/home/afandi/GitRepos/KGNET/Datasets/trained_models/MorSE.best", "state_dir": "/home/afandi/GitRepos/KGNET/Datasets/trained_models/MorSE", "log_dir": "./log", "tb_log_dir": "./tb_log", "num_train_subgraph": 10000, "num_valid_subgraph": 200, "num_sample_for_estimate_size": 50, "rw_0": 10, "rw_1": 10, "rw_2": 5, "num_sample_cand": 5, "metatrain_num_neg": 64, "metatrain_num_epoch": 1, "metatrain_bs": 64, "metatrain_lr": 0.01, "metatrain_check_per_step": 5, "indtest_eval_bs": 512, "posttrain_num_neg": 64, "posttrain_bs": 512, "posttrain_lr": 0.001, "posttrain_num_epoch": 10, "posttrain_check_per_epoch": 1, "num_layers": 3, "num_bases": 4, "emb_dim": 32, "kge": "TransE", "gamma": 10, "adv_temp": 1, "gpu": "cpu", "seed": 1234, "ent_dim": 32, "rel_dim": 32, "data_path": "/home/afandi/GitRepos/KGNET/Datasets/wn18rr_inf/wn18rr_inf.pkl", "db_path": "/home/afandi/GitRepos/KGNET/Datasets/wn18rr_inf_subgraph", "num_rel": 11}
2023-12-19 20:47:55 | wn18rr_inf | df_test_g_train len=742
2023-12-19 20:47:55 | wn18rr_inf | df_train_g_test len=14869
2023-12-19 20:47:55 | wn18rr_inf | df_train_g_train len=71224
2023-12-19 20:47:55 | wn18rr_inf | df_train_g_valid len=3012
2023-12-19 20:47:55 | wn18rr_inf | df_test_g_valid len=22
2023-12-19 20:47:56 | wn18rr_inf | Sampling Time Sec=1.211746
2023-12-19 20:47:56 | wn18rr_inf | {"dataset_name": "wn18rr_inf", "name": "wn18rr_inf", "root_path": "/home/afandi/GitRepos/KGNET/Datasets/", "loadTrainedModel": 1, "modelID": "wn18rr.model", "step": "meta_train", "metatrain_state": "/home/afandi/GitRepos/KGNET/Datasets/trained_models/MorSE.best", "state_dir": "/home/afandi/GitRepos/KGNET/Datasets/trained_models/MorSE", "log_dir": "./log", "tb_log_dir": "./tb_log", "num_train_subgraph": 10000, "num_valid_subgraph": 200, "num_sample_for_estimate_size": 50, "rw_0": 10, "rw_1": 10, "rw_2": 5, "num_sample_cand": 5, "metatrain_num_neg": 64, "metatrain_num_epoch": 1, "metatrain_bs": 64, "metatrain_lr": 0.01, "metatrain_check_per_step": 5, "indtest_eval_bs": 512, "posttrain_num_neg": 64, "posttrain_bs": 512, "posttrain_lr": 0.001, "posttrain_num_epoch": 10, "posttrain_check_per_epoch": 1, "num_layers": 3, "num_bases": 4, "emb_dim": 32, "kge": "TransE", "gamma": 10, "adv_temp": 1, "gpu": "cpu", "seed": 1234, "ent_dim": 32, "rel_dim": 32, "data_path": "/home/afandi/GitRepos/KGNET/Datasets/wn18rr_inf/wn18rr_inf.pkl", "db_path": "/home/afandi/GitRepos/KGNET/Datasets/wn18rr_inf_subgraph", "num_rel": 11}
2023-12-19 20:49:51 | wn18rr_inf | df_test_g_train len=742
2023-12-19 20:49:51 | wn18rr_inf | df_train_g_test len=14839
2023-12-19 20:49:51 | wn18rr_inf | df_train_g_train len=71254
2023-12-19 20:49:51 | wn18rr_inf | df_train_g_valid len=3012
2023-12-19 20:49:51 | wn18rr_inf | df_test_g_valid len=22
2023-12-19 20:49:52 | wn18rr_inf | Sampling Time Sec=1.612401
2023-12-19 20:49:52 | wn18rr_inf | {"dataset_name": "wn18rr_inf", "name": "wn18rr_inf", "root_path": "/home/afandi/GitRepos/KGNET/Datasets/", "loadTrainedModel": 1, "modelID": "wn18rr.model", "step": "meta_train", "metatrain_state": "/home/afandi/GitRepos/KGNET/Datasets/trained_models/MorSE.best", "state_dir": "/home/afandi/GitRepos/KGNET/Datasets/trained_models/MorSE", "log_dir": "./log", "tb_log_dir": "./tb_log", "num_train_subgraph": 10000, "num_valid_subgraph": 200, "num_sample_for_estimate_size": 50, "rw_0": 10, "rw_1": 10, "rw_2": 5, "num_sample_cand": 5, "metatrain_num_neg": 64, "metatrain_num_epoch": 1, "metatrain_bs": 64, "metatrain_lr": 0.01, "metatrain_check_per_step": 5, "indtest_eval_bs": 512, "posttrain_num_neg": 64, "posttrain_bs": 512, "posttrain_lr": 0.001, "posttrain_num_epoch": 10, "posttrain_check_per_epoch": 1, "num_layers": 3, "num_bases": 4, "emb_dim": 32, "kge": "TransE", "gamma": 10, "adv_temp": 1, "gpu": "cpu", "seed": 1234, "ent_dim": 32, "rel_dim": 32, "data_path": "/home/afandi/GitRepos/KGNET/Datasets/wn18rr_inf/wn18rr_inf.pkl", "db_path": "/home/afandi/GitRepos/KGNET/Datasets/wn18rr_inf_subgraph", "num_rel": 11}
2023-12-19 20:50:20 | wn18rr_inf | df_test_g_train len=742
2023-12-19 20:50:20 | wn18rr_inf | df_train_g_test len=14857
2023-12-19 20:50:20 | wn18rr_inf | df_train_g_train len=71236
2023-12-19 20:50:20 | wn18rr_inf | df_train_g_valid len=3012
2023-12-19 20:50:20 | wn18rr_inf | df_test_g_valid len=22
2023-12-19 20:50:21 | wn18rr_inf | Sampling Time Sec=1.629471
2023-12-19 20:50:21 | wn18rr_inf | {"dataset_name": "wn18rr_inf", "name": "wn18rr_inf", "root_path": "/home/afandi/GitRepos/KGNET/Datasets/", "loadTrainedModel": 1, "modelID": "wn18rr.model", "step": "meta_train", "metatrain_state": "/home/afandi/GitRepos/KGNET/Datasets/trained_models/MorSE.best", "state_dir": "/home/afandi/GitRepos/KGNET/Datasets/trained_models/MorSE", "log_dir": "./log", "tb_log_dir": "./tb_log", "num_train_subgraph": 10000, "num_valid_subgraph": 200, "num_sample_for_estimate_size": 50, "rw_0": 10, "rw_1": 10, "rw_2": 5, "num_sample_cand": 5, "metatrain_num_neg": 64, "metatrain_num_epoch": 1, "metatrain_bs": 64, "metatrain_lr": 0.01, "metatrain_check_per_step": 5, "indtest_eval_bs": 512, "posttrain_num_neg": 64, "posttrain_bs": 512, "posttrain_lr": 0.001, "posttrain_num_epoch": 10, "posttrain_check_per_epoch": 1, "num_layers": 3, "num_bases": 4, "emb_dim": 32, "kge": "TransE", "gamma": 10, "adv_temp": 1, "gpu": "cpu", "seed": 1234, "ent_dim": 32, "rel_dim": 32, "data_path": "/home/afandi/GitRepos/KGNET/Datasets/wn18rr_inf/wn18rr_inf.pkl", "db_path": "/home/afandi/GitRepos/KGNET/Datasets/wn18rr_inf_subgraph", "num_rel": 11}
2023-12-19 20:50:45 | wn18rr_inf | df_test_g_train len=742
2023-12-19 20:50:45 | wn18rr_inf | df_train_g_test len=14877
2023-12-19 20:50:45 | wn18rr_inf | df_train_g_train len=71216
2023-12-19 20:50:45 | wn18rr_inf | df_train_g_valid len=3012
2023-12-19 20:50:45 | wn18rr_inf | df_test_g_valid len=22
2023-12-19 20:51:15 | wn18rr_inf | df_test_g_train len=742
2023-12-19 20:51:15 | wn18rr_inf | df_train_g_test len=14787
2023-12-19 20:51:15 | wn18rr_inf | df_train_g_train len=71306
2023-12-19 20:51:15 | wn18rr_inf | df_train_g_valid len=3012
2023-12-19 20:51:15 | wn18rr_inf | df_test_g_valid len=22
2023-12-19 20:51:17 | wn18rr_inf | Sampling Time Sec=1.992614
2023-12-19 20:51:17 | wn18rr_inf | {"dataset_name": "wn18rr_inf", "name": "wn18rr_inf", "root_path": "/home/afandi/GitRepos/KGNET/Datasets/", "loadTrainedModel": 1, "modelID": "wn18rr.model", "step": "meta_train", "metatrain_state": "/home/afandi/GitRepos/KGNET/Datasets/trained_models/MorSE.best", "state_dir": "/home/afandi/GitRepos/KGNET/Datasets/trained_models/MorSE", "log_dir": "./log", "tb_log_dir": "./tb_log", "num_train_subgraph": 10000, "num_valid_subgraph": 200, "num_sample_for_estimate_size": 50, "rw_0": 10, "rw_1": 10, "rw_2": 5, "num_sample_cand": 5, "metatrain_num_neg": 64, "metatrain_num_epoch": 1, "metatrain_bs": 64, "metatrain_lr": 0.01, "metatrain_check_per_step": 5, "indtest_eval_bs": 512, "posttrain_num_neg": 64, "posttrain_bs": 512, "posttrain_lr": 0.001, "posttrain_num_epoch": 10, "posttrain_check_per_epoch": 1, "num_layers": 3, "num_bases": 4, "emb_dim": 32, "kge": "TransE", "gamma": 10, "adv_temp": 1, "gpu": "cpu", "seed": 1234, "ent_dim": 32, "rel_dim": 32, "data_path": "/home/afandi/GitRepos/KGNET/Datasets/wn18rr_inf/wn18rr_inf.pkl", "db_path": "/home/afandi/GitRepos/KGNET/Datasets/wn18rr_inf_subgraph", "num_rel": 11}
2023-12-19 20:52:01 | wn18rr_inf | df_test_g_train len=742
2023-12-19 20:52:01 | wn18rr_inf | df_train_g_test len=14921
2023-12-19 20:52:01 | wn18rr_inf | df_train_g_train len=71172
2023-12-19 20:52:01 | wn18rr_inf | df_train_g_valid len=3012
2023-12-19 20:52:01 | wn18rr_inf | df_test_g_valid len=22
2023-12-19 20:52:06 | wn18rr_inf | df_test_g_train len=742
2023-12-19 20:52:07 | wn18rr_inf | df_train_g_test len=14803
2023-12-19 20:52:07 | wn18rr_inf | df_train_g_train len=71290
2023-12-19 20:52:07 | wn18rr_inf | df_train_g_valid len=3012
2023-12-19 20:52:07 | wn18rr_inf | df_test_g_valid len=22
2023-12-19 20:52:09 | wn18rr_inf | Sampling Time Sec=2.190459
2023-12-19 20:52:09 | wn18rr_inf | {"dataset_name": "wn18rr_inf", "name": "wn18rr_inf", "root_path": "/home/afandi/GitRepos/KGNET/Datasets/", "loadTrainedModel": 1, "modelID": "wn18rr.model", "step": "meta_train", "metatrain_state": "/home/afandi/GitRepos/KGNET/Datasets/trained_models/MorSE.best", "state_dir": "/home/afandi/GitRepos/KGNET/Datasets/trained_models/MorSE", "log_dir": "./log", "tb_log_dir": "./tb_log", "num_train_subgraph": 10000, "num_valid_subgraph": 200, "num_sample_for_estimate_size": 50, "rw_0": 10, "rw_1": 10, "rw_2": 5, "num_sample_cand": 5, "metatrain_num_neg": 64, "metatrain_num_epoch": 1, "metatrain_bs": 64, "metatrain_lr": 0.01, "metatrain_check_per_step": 5, "indtest_eval_bs": 512, "posttrain_num_neg": 64, "posttrain_bs": 512, "posttrain_lr": 0.001, "posttrain_num_epoch": 10, "posttrain_check_per_epoch": 1, "num_layers": 3, "num_bases": 4, "emb_dim": 32, "kge": "TransE", "gamma": 10, "adv_temp": 1, "gpu": "cpu", "seed": 1234, "ent_dim": 32, "rel_dim": 32, "data_path": "/home/afandi/GitRepos/KGNET/Datasets/wn18rr_inf/wn18rr_inf.pkl", "db_path": "/home/afandi/GitRepos/KGNET/Datasets/wn18rr_inf_subgraph", "num_rel": 11}
2023-12-19 20:53:56 | wn18rr_inf | df_test_g_train len=742
2023-12-19 20:53:56 | wn18rr_inf | df_train_g_test len=14829
2023-12-19 20:53:56 | wn18rr_inf | df_train_g_train len=71264
2023-12-19 20:53:56 | wn18rr_inf | df_train_g_valid len=3012
2023-12-19 20:53:56 | wn18rr_inf | df_test_g_valid len=22
2023-12-19 20:53:57 | wn18rr_inf | Sampling Time Sec=1.268803
2023-12-19 20:53:57 | wn18rr_inf | {"dataset_name": "wn18rr_inf", "name": "wn18rr_inf", "root_path": "/home/afandi/GitRepos/KGNET/Datasets/", "loadTrainedModel": 1, "modelID": "wn18rr.model", "step": "meta_train", "metatrain_state": "/home/afandi/GitRepos/KGNET/Datasets/trained_models/MorSE.best", "state_dir": "/home/afandi/GitRepos/KGNET/Datasets/trained_models/MorSE", "log_dir": "./log", "tb_log_dir": "./tb_log", "num_train_subgraph": 10000, "num_valid_subgraph": 200, "num_sample_for_estimate_size": 50, "rw_0": 10, "rw_1": 10, "rw_2": 5, "num_sample_cand": 5, "metatrain_num_neg": 64, "metatrain_num_epoch": 1, "metatrain_bs": 64, "metatrain_lr": 0.01, "metatrain_check_per_step": 5, "indtest_eval_bs": 512, "posttrain_num_neg": 64, "posttrain_bs": 512, "posttrain_lr": 0.001, "posttrain_num_epoch": 10, "posttrain_check_per_epoch": 1, "num_layers": 3, "num_bases": 4, "emb_dim": 32, "kge": "TransE", "gamma": 10, "adv_temp": 1, "gpu": "cpu", "seed": 1234, "ent_dim": 32, "rel_dim": 32, "data_path": "/home/afandi/GitRepos/KGNET/Datasets/wn18rr_inf/wn18rr_inf.pkl", "db_path": "/home/afandi/GitRepos/KGNET/Datasets/wn18rr_inf_subgraph", "num_rel": 11}
2023-12-19 20:55:07 | wn18rr_inf | df_test_g_train len=742
2023-12-19 20:55:07 | wn18rr_inf | df_train_g_test len=14811
2023-12-19 20:55:07 | wn18rr_inf | df_train_g_train len=71282
2023-12-19 20:55:07 | wn18rr_inf | df_train_g_valid len=3012
2023-12-19 20:55:07 | wn18rr_inf | df_test_g_valid len=22
2023-12-19 20:55:09 | wn18rr_inf | Sampling Time Sec=2.023512
2023-12-19 20:55:09 | wn18rr_inf | {"dataset_name": "wn18rr_inf", "name": "wn18rr_inf", "root_path": "/home/afandi/GitRepos/KGNET/Datasets/", "loadTrainedModel": 1, "modelID": "wn18rr.model", "step": "meta_train", "metatrain_state": "/home/afandi/GitRepos/KGNET/Datasets/trained_models/MorSE.best", "state_dir": "/home/afandi/GitRepos/KGNET/Datasets/trained_models/MorSE", "log_dir": "./log", "tb_log_dir": "./tb_log", "num_train_subgraph": 10000, "num_valid_subgraph": 200, "num_sample_for_estimate_size": 50, "rw_0": 10, "rw_1": 10, "rw_2": 5, "num_sample_cand": 5, "metatrain_num_neg": 64, "metatrain_num_epoch": 1, "metatrain_bs": 64, "metatrain_lr": 0.01, "metatrain_check_per_step": 5, "indtest_eval_bs": 512, "posttrain_num_neg": 64, "posttrain_bs": 512, "posttrain_lr": 0.001, "posttrain_num_epoch": 10, "posttrain_check_per_epoch": 1, "num_layers": 3, "num_bases": 4, "emb_dim": 32, "kge": "TransE", "gamma": 10, "adv_temp": 1, "gpu": "cpu", "seed": 1234, "ent_dim": 32, "rel_dim": 32, "data_path": "/home/afandi/GitRepos/KGNET/Datasets/wn18rr_inf/wn18rr_inf.pkl", "db_path": "/home/afandi/GitRepos/KGNET/Datasets/wn18rr_inf_subgraph", "num_rel": 11}
2023-12-19 20:56:52 | wn18rr_inf | df_test_g_train len=742
2023-12-19 20:56:52 | wn18rr_inf | df_train_g_test len=14835
2023-12-19 20:56:52 | wn18rr_inf | df_train_g_train len=71258
2023-12-19 20:56:52 | wn18rr_inf | df_train_g_valid len=3012
2023-12-19 20:56:52 | wn18rr_inf | df_test_g_valid len=22
2023-12-19 20:56:53 | wn18rr_inf | Sampling Time Sec=2.014733
2023-12-19 20:56:53 | wn18rr_inf | {"dataset_name": "wn18rr_inf", "name": "wn18rr_inf", "root_path": "/home/afandi/GitRepos/KGNET/Datasets/", "loadTrainedModel": 1, "modelID": "wn18rr.model", "step": "meta_train", "metatrain_state": "/home/afandi/GitRepos/KGNET/Datasets/trained_models/MorSE.best", "state_dir": "/home/afandi/GitRepos/KGNET/Datasets/trained_models/MorSE", "log_dir": "./log", "tb_log_dir": "./tb_log", "num_train_subgraph": 10000, "num_valid_subgraph": 200, "num_sample_for_estimate_size": 50, "rw_0": 10, "rw_1": 10, "rw_2": 5, "num_sample_cand": 5, "metatrain_num_neg": 64, "metatrain_num_epoch": 1, "metatrain_bs": 64, "metatrain_lr": 0.01, "metatrain_check_per_step": 5, "indtest_eval_bs": 512, "posttrain_num_neg": 64, "posttrain_bs": 512, "posttrain_lr": 0.001, "posttrain_num_epoch": 10, "posttrain_check_per_epoch": 1, "num_layers": 3, "num_bases": 4, "emb_dim": 32, "kge": "TransE", "gamma": 10, "adv_temp": 1, "gpu": "cpu", "seed": 1234, "ent_dim": 32, "rel_dim": 32, "data_path": "/home/afandi/GitRepos/KGNET/Datasets/wn18rr_inf/wn18rr_inf.pkl", "db_path": "/home/afandi/GitRepos/KGNET/Datasets/wn18rr_inf_subgraph", "num_rel": 11}
2023-12-19 21:40:32 | wn18rr_inf | df_test_g_train len=742
2023-12-19 21:40:32 | wn18rr_inf | df_train_g_test len=14807
2023-12-19 21:40:32 | wn18rr_inf | df_train_g_train len=71286
2023-12-19 21:40:32 | wn18rr_inf | df_train_g_valid len=3012
2023-12-19 21:40:32 | wn18rr_inf | df_test_g_valid len=22
2023-12-19 21:40:34 | wn18rr_inf | Sampling Time Sec=2.446824
2023-12-19 21:40:34 | wn18rr_inf | {"dataset_name": "wn18rr_inf", "name": "wn18rr_inf", "root_path": "/home/afandi/GitRepos/KGNET/Datasets/", "loadTrainedModel": 1, "modelID": "wn18rr.model", "step": "meta_train", "metatrain_state": "/home/afandi/GitRepos/KGNET/Datasets/trained_models/MorSE.best", "state_dir": "/home/afandi/GitRepos/KGNET/Datasets/trained_models/MorSE", "log_dir": "./log", "tb_log_dir": "./tb_log", "num_train_subgraph": 10000, "num_valid_subgraph": 200, "num_sample_for_estimate_size": 50, "rw_0": 10, "rw_1": 10, "rw_2": 5, "num_sample_cand": 5, "metatrain_num_neg": 64, "metatrain_num_epoch": 1, "metatrain_bs": 64, "metatrain_lr": 0.01, "metatrain_check_per_step": 5, "indtest_eval_bs": 512, "posttrain_num_neg": 64, "posttrain_bs": 512, "posttrain_lr": 0.001, "posttrain_num_epoch": 10, "posttrain_check_per_epoch": 1, "num_layers": 3, "num_bases": 4, "emb_dim": 32, "kge": "TransE", "gamma": 10, "adv_temp": 1, "gpu": "cpu", "seed": 1234, "ent_dim": 32, "rel_dim": 32, "data_path": "/home/afandi/GitRepos/KGNET/Datasets/wn18rr_inf/wn18rr_inf.pkl", "db_path": "/home/afandi/GitRepos/KGNET/Datasets/wn18rr_inf_subgraph", "num_rel": 11}
2023-12-20 11:40:11 | wn18rr_inf | df_test_g_train len=742
2023-12-20 11:40:11 | wn18rr_inf | df_train_g_test len=14844
2023-12-20 11:40:11 | wn18rr_inf | df_train_g_train len=71249
2023-12-20 11:40:11 | wn18rr_inf | df_train_g_valid len=3012
2023-12-20 11:40:11 | wn18rr_inf | df_test_g_valid len=22
2023-12-20 15:09:01 | wn18rr_inf | df_test_g_train len=742
2023-12-20 15:09:01 | wn18rr_inf | df_train_g_test len=14869
2023-12-20 15:09:01 | wn18rr_inf | df_train_g_train len=71224
2023-12-20 15:09:01 | wn18rr_inf | df_train_g_valid len=3012
2023-12-20 15:09:01 | wn18rr_inf | df_test_g_valid len=22
2023-12-20 15:09:05 | wn18rr_inf | Sampling Time Sec=3.847493
2023-12-20 15:09:05 | wn18rr_inf | {"dataset_name": "wn18rr_inf", "name": "wn18rr_inf", "root_path": "/home/afandi/GitRepos/KGNET/Datasets/", "loadTrainedModel": 1, "modelID": "wn18rr.model", "step": "meta_train", "metatrain_state": "/home/afandi/GitRepos/KGNET/Datasets/trained_models/MorSE.best", "state_dir": "/home/afandi/GitRepos/KGNET/Datasets/trained_models/MorSE", "log_dir": "./log", "tb_log_dir": "./tb_log", "num_train_subgraph": 10000, "num_valid_subgraph": 200, "num_sample_for_estimate_size": 50, "rw_0": 10, "rw_1": 10, "rw_2": 5, "num_sample_cand": 5, "metatrain_num_neg": 64, "metatrain_num_epoch": 1, "metatrain_bs": 64, "metatrain_lr": 0.01, "metatrain_check_per_step": 5, "indtest_eval_bs": 512, "posttrain_num_neg": 64, "posttrain_bs": 512, "posttrain_lr": 0.001, "posttrain_num_epoch": 10, "posttrain_check_per_epoch": 1, "num_layers": 3, "num_bases": 4, "emb_dim": 32, "kge": "TransE", "gamma": 10, "adv_temp": 1, "gpu": "cpu", "seed": 1234, "ent_dim": 32, "rel_dim": 32, "data_path": "/home/afandi/GitRepos/KGNET/Datasets/wn18rr_inf/wn18rr_inf.pkl", "db_path": "/home/afandi/GitRepos/KGNET/Datasets/wn18rr_inf_subgraph", "num_rel": 11}
2023-12-20 15:10:00 | wn18rr_inf | df_test_g_train len=742
2023-12-20 15:10:00 | wn18rr_inf | df_train_g_test len=14837
2023-12-20 15:10:00 | wn18rr_inf | df_train_g_train len=71256
2023-12-20 15:10:00 | wn18rr_inf | df_train_g_valid len=3012
2023-12-20 15:10:00 | wn18rr_inf | df_test_g_valid len=22
2023-12-20 15:10:05 | wn18rr_inf | Sampling Time Sec=5.073407
2023-12-20 15:10:05 | wn18rr_inf | {"dataset_name": "wn18rr_inf", "name": "wn18rr_inf", "root_path": "/home/afandi/GitRepos/KGNET/Datasets/", "loadTrainedModel": 1, "modelID": "wn18rr.model", "step": "meta_train", "metatrain_state": "/home/afandi/GitRepos/KGNET/Datasets/trained_models/MorSE.best", "state_dir": "/home/afandi/GitRepos/KGNET/Datasets/trained_models/MorSE", "log_dir": "./log", "tb_log_dir": "./tb_log", "num_train_subgraph": 10000, "num_valid_subgraph": 200, "num_sample_for_estimate_size": 50, "rw_0": 10, "rw_1": 10, "rw_2": 5, "num_sample_cand": 5, "metatrain_num_neg": 64, "metatrain_num_epoch": 1, "metatrain_bs": 64, "metatrain_lr": 0.01, "metatrain_check_per_step": 5, "indtest_eval_bs": 512, "posttrain_num_neg": 64, "posttrain_bs": 512, "posttrain_lr": 0.001, "posttrain_num_epoch": 10, "posttrain_check_per_epoch": 1, "num_layers": 3, "num_bases": 4, "emb_dim": 32, "kge": "TransE", "gamma": 10, "adv_temp": 1, "gpu": "cpu", "seed": 1234, "ent_dim": 32, "rel_dim": 32, "data_path": "/home/afandi/GitRepos/KGNET/Datasets/wn18rr_inf/wn18rr_inf.pkl", "db_path": "/home/afandi/GitRepos/KGNET/Datasets/wn18rr_inf_subgraph", "num_rel": 11}
2023-12-20 15:11:41 | wn18rr_inf | df_test_g_train len=742
2023-12-20 15:11:41 | wn18rr_inf | df_train_g_test len=14833
2023-12-20 15:11:41 | wn18rr_inf | df_train_g_train len=71260
2023-12-20 15:11:41 | wn18rr_inf | df_train_g_valid len=3012
2023-12-20 15:11:41 | wn18rr_inf | df_test_g_valid len=22
2023-12-20 15:11:43 | wn18rr_inf | Sampling Time Sec=2.054137
2023-12-20 15:11:43 | wn18rr_inf | {"dataset_name": "wn18rr_inf", "name": "wn18rr_inf", "root_path": "/home/afandi/GitRepos/KGNET/Datasets/", "loadTrainedModel": 1, "modelID": "wn18rr.model", "step": "meta_train", "metatrain_state": "/home/afandi/GitRepos/KGNET/Datasets/trained_models/MorSE.best", "state_dir": "/home/afandi/GitRepos/KGNET/Datasets/trained_models/MorSE", "log_dir": "./log", "tb_log_dir": "./tb_log", "num_train_subgraph": 10000, "num_valid_subgraph": 200, "num_sample_for_estimate_size": 50, "rw_0": 10, "rw_1": 10, "rw_2": 5, "num_sample_cand": 5, "metatrain_num_neg": 64, "metatrain_num_epoch": 1, "metatrain_bs": 64, "metatrain_lr": 0.01, "metatrain_check_per_step": 5, "indtest_eval_bs": 512, "posttrain_num_neg": 64, "posttrain_bs": 512, "posttrain_lr": 0.001, "posttrain_num_epoch": 10, "posttrain_check_per_epoch": 1, "num_layers": 3, "num_bases": 4, "emb_dim": 32, "kge": "TransE", "gamma": 10, "adv_temp": 1, "gpu": "cpu", "seed": 1234, "ent_dim": 32, "rel_dim": 32, "data_path": "/home/afandi/GitRepos/KGNET/Datasets/wn18rr_inf/wn18rr_inf.pkl", "db_path": "/home/afandi/GitRepos/KGNET/Datasets/wn18rr_inf_subgraph", "num_rel": 11}
2023-12-20 15:13:59 | wn18rr_inf | df_test_g_train len=742
2023-12-20 15:13:59 | wn18rr_inf | df_train_g_test len=14862
2023-12-20 15:13:59 | wn18rr_inf | df_train_g_train len=71231
2023-12-20 15:13:59 | wn18rr_inf | df_train_g_valid len=3012
2023-12-20 15:13:59 | wn18rr_inf | df_test_g_valid len=22
2023-12-20 15:14:02 | wn18rr_inf | Sampling Time Sec=3.102598
2023-12-20 15:14:02 | wn18rr_inf | {"dataset_name": "wn18rr_inf", "name": "wn18rr_inf", "root_path": "/home/afandi/GitRepos/KGNET/Datasets/", "loadTrainedModel": 1, "modelID": "wn18rr.model", "step": "meta_train", "metatrain_state": "/home/afandi/GitRepos/KGNET/Datasets/trained_models/MorSE.best", "state_dir": "/home/afandi/GitRepos/KGNET/Datasets/trained_models/MorSE", "log_dir": "./log", "tb_log_dir": "./tb_log", "num_train_subgraph": 10000, "num_valid_subgraph": 200, "num_sample_for_estimate_size": 50, "rw_0": 10, "rw_1": 10, "rw_2": 5, "num_sample_cand": 5, "metatrain_num_neg": 64, "metatrain_num_epoch": 1, "metatrain_bs": 64, "metatrain_lr": 0.01, "metatrain_check_per_step": 5, "indtest_eval_bs": 512, "posttrain_num_neg": 64, "posttrain_bs": 512, "posttrain_lr": 0.001, "posttrain_num_epoch": 10, "posttrain_check_per_epoch": 1, "num_layers": 3, "num_bases": 4, "emb_dim": 32, "kge": "TransE", "gamma": 10, "adv_temp": 1, "gpu": "cpu", "seed": 1234, "ent_dim": 32, "rel_dim": 32, "data_path": "/home/afandi/GitRepos/KGNET/Datasets/wn18rr_inf/wn18rr_inf.pkl", "db_path": "/home/afandi/GitRepos/KGNET/Datasets/wn18rr_inf_subgraph", "num_rel": 11}
2023-12-20 15:14:29 | wn18rr_inf | df_test_g_train len=742
2023-12-20 15:14:29 | wn18rr_inf | df_train_g_test len=14818
2023-12-20 15:14:29 | wn18rr_inf | df_train_g_train len=71275
2023-12-20 15:14:29 | wn18rr_inf | df_train_g_valid len=3012
2023-12-20 15:14:29 | wn18rr_inf | df_test_g_valid len=22
2023-12-20 15:14:30 | wn18rr_inf | Sampling Time Sec=1.399386
2023-12-20 15:14:30 | wn18rr_inf | {"dataset_name": "wn18rr_inf", "name": "wn18rr_inf", "root_path": "/home/afandi/GitRepos/KGNET/Datasets/", "loadTrainedModel": 1, "modelID": "wn18rr.model", "step": "meta_train", "metatrain_state": "/home/afandi/GitRepos/KGNET/Datasets/trained_models/MorSE.best", "state_dir": "/home/afandi/GitRepos/KGNET/Datasets/trained_models/MorSE", "log_dir": "./log", "tb_log_dir": "./tb_log", "num_train_subgraph": 10000, "num_valid_subgraph": 200, "num_sample_for_estimate_size": 50, "rw_0": 10, "rw_1": 10, "rw_2": 5, "num_sample_cand": 5, "metatrain_num_neg": 64, "metatrain_num_epoch": 1, "metatrain_bs": 64, "metatrain_lr": 0.01, "metatrain_check_per_step": 5, "indtest_eval_bs": 512, "posttrain_num_neg": 64, "posttrain_bs": 512, "posttrain_lr": 0.001, "posttrain_num_epoch": 10, "posttrain_check_per_epoch": 1, "num_layers": 3, "num_bases": 4, "emb_dim": 32, "kge": "TransE", "gamma": 10, "adv_temp": 1, "gpu": "cpu", "seed": 1234, "ent_dim": 32, "rel_dim": 32, "data_path": "/home/afandi/GitRepos/KGNET/Datasets/wn18rr_inf/wn18rr_inf.pkl", "db_path": "/home/afandi/GitRepos/KGNET/Datasets/wn18rr_inf_subgraph", "num_rel": 11}
2023-12-20 15:15:05 | wn18rr_inf | df_test_g_train len=742
2023-12-20 15:15:05 | wn18rr_inf | df_train_g_test len=14854
2023-12-20 15:15:05 | wn18rr_inf | df_train_g_train len=71239
2023-12-20 15:15:05 | wn18rr_inf | df_train_g_valid len=3012
2023-12-20 15:15:05 | wn18rr_inf | df_test_g_valid len=22
2023-12-20 15:15:07 | wn18rr_inf | Sampling Time Sec=2.721346
2023-12-20 15:15:08 | wn18rr_inf | {"dataset_name": "wn18rr_inf", "name": "wn18rr_inf", "root_path": "/home/afandi/GitRepos/KGNET/Datasets/", "loadTrainedModel": 1, "modelID": "wn18rr.model", "step": "meta_train", "metatrain_state": "/home/afandi/GitRepos/KGNET/Datasets/trained_models/MorSE.best", "state_dir": "/home/afandi/GitRepos/KGNET/Datasets/trained_models/MorSE", "log_dir": "./log", "tb_log_dir": "./tb_log", "num_train_subgraph": 10000, "num_valid_subgraph": 200, "num_sample_for_estimate_size": 50, "rw_0": 10, "rw_1": 10, "rw_2": 5, "num_sample_cand": 5, "metatrain_num_neg": 64, "metatrain_num_epoch": 1, "metatrain_bs": 64, "metatrain_lr": 0.01, "metatrain_check_per_step": 5, "indtest_eval_bs": 512, "posttrain_num_neg": 64, "posttrain_bs": 512, "posttrain_lr": 0.001, "posttrain_num_epoch": 10, "posttrain_check_per_epoch": 1, "num_layers": 3, "num_bases": 4, "emb_dim": 32, "kge": "TransE", "gamma": 10, "adv_temp": 1, "gpu": "cpu", "seed": 1234, "ent_dim": 32, "rel_dim": 32, "data_path": "/home/afandi/GitRepos/KGNET/Datasets/wn18rr_inf/wn18rr_inf.pkl", "db_path": "/home/afandi/GitRepos/KGNET/Datasets/wn18rr_inf_subgraph", "num_rel": 11}
2023-12-20 15:16:19 | wn18rr_inf | df_test_g_train len=742
2023-12-20 15:16:19 | wn18rr_inf | df_train_g_test len=14739
2023-12-20 15:16:19 | wn18rr_inf | df_train_g_train len=71354
2023-12-20 15:16:19 | wn18rr_inf | df_train_g_valid len=3012
2023-12-20 15:16:19 | wn18rr_inf | df_test_g_valid len=22
2023-12-20 15:16:22 | wn18rr_inf | Sampling Time Sec=3.116865
2023-12-20 15:16:22 | wn18rr_inf | {"dataset_name": "wn18rr_inf", "name": "wn18rr_inf", "root_path": "/home/afandi/GitRepos/KGNET/Datasets/", "loadTrainedModel": 1, "modelID": "wn18rr.model", "step": "meta_train", "metatrain_state": "/home/afandi/GitRepos/KGNET/Datasets/trained_models/MorSE.best", "state_dir": "/home/afandi/GitRepos/KGNET/Datasets/trained_models/MorSE", "log_dir": "./log", "tb_log_dir": "./tb_log", "num_train_subgraph": 10000, "num_valid_subgraph": 200, "num_sample_for_estimate_size": 50, "rw_0": 10, "rw_1": 10, "rw_2": 5, "num_sample_cand": 5, "metatrain_num_neg": 64, "metatrain_num_epoch": 1, "metatrain_bs": 64, "metatrain_lr": 0.01, "metatrain_check_per_step": 5, "indtest_eval_bs": 512, "posttrain_num_neg": 64, "posttrain_bs": 512, "posttrain_lr": 0.001, "posttrain_num_epoch": 10, "posttrain_check_per_epoch": 1, "num_layers": 3, "num_bases": 4, "emb_dim": 32, "kge": "TransE", "gamma": 10, "adv_temp": 1, "gpu": "cpu", "seed": 1234, "ent_dim": 32, "rel_dim": 32, "data_path": "/home/afandi/GitRepos/KGNET/Datasets/wn18rr_inf/wn18rr_inf.pkl", "db_path": "/home/afandi/GitRepos/KGNET/Datasets/wn18rr_inf_subgraph", "num_rel": 11}
2023-12-20 15:37:46 | wn18rr_inf | df_test_g_train len=742
2023-12-20 15:37:46 | wn18rr_inf | df_train_g_test len=14833
2023-12-20 15:37:46 | wn18rr_inf | df_train_g_train len=71260
2023-12-20 15:37:46 | wn18rr_inf | df_train_g_valid len=3012
2023-12-20 15:37:46 | wn18rr_inf | df_test_g_valid len=22
2023-12-20 15:37:50 | wn18rr_inf | Sampling Time Sec=4.328672
2023-12-20 15:37:52 | wn18rr_inf | {"dataset_name": "wn18rr_inf", "name": "wn18rr_inf", "root_path": "/home/afandi/GitRepos/KGNET/Datasets/", "loadTrainedModel": 1, "modelID": "wn18rr.model", "step": "meta_train", "metatrain_state": "/home/afandi/GitRepos/KGNET/Datasets/trained_models/MorSE.best", "state_dir": "/home/afandi/GitRepos/KGNET/Datasets/trained_models/MorSE", "log_dir": "./log", "tb_log_dir": "./tb_log", "num_train_subgraph": 10000, "num_valid_subgraph": 200, "num_sample_for_estimate_size": 50, "rw_0": 10, "rw_1": 10, "rw_2": 5, "num_sample_cand": 5, "metatrain_num_neg": 64, "metatrain_num_epoch": 1, "metatrain_bs": 64, "metatrain_lr": 0.01, "metatrain_check_per_step": 5, "indtest_eval_bs": 512, "posttrain_num_neg": 64, "posttrain_bs": 512, "posttrain_lr": 0.001, "posttrain_num_epoch": 10, "posttrain_check_per_epoch": 1, "num_layers": 3, "num_bases": 4, "emb_dim": 32, "kge": "TransE", "gamma": 10, "adv_temp": 1, "gpu": "cpu", "seed": 1234, "ent_dim": 32, "rel_dim": 32, "data_path": "/home/afandi/GitRepos/KGNET/Datasets/wn18rr_inf/wn18rr_inf.pkl", "db_path": "/home/afandi/GitRepos/KGNET/Datasets/wn18rr_inf_subgraph", "num_rel": 11}
2023-12-20 15:38:48 | wn18rr_inf | df_test_g_train len=742
2023-12-20 15:38:48 | wn18rr_inf | df_train_g_test len=14853
2023-12-20 15:38:48 | wn18rr_inf | df_train_g_train len=71240
2023-12-20 15:38:48 | wn18rr_inf | df_train_g_valid len=3012
2023-12-20 15:38:48 | wn18rr_inf | df_test_g_valid len=22
2023-12-20 15:38:51 | wn18rr_inf | Sampling Time Sec=2.897044
2023-12-20 15:38:51 | wn18rr_inf | {"dataset_name": "wn18rr_inf", "name": "wn18rr_inf", "root_path": "/home/afandi/GitRepos/KGNET/Datasets/", "loadTrainedModel": 1, "modelID": "wn18rr.model", "step": "meta_train", "metatrain_state": "/home/afandi/GitRepos/KGNET/Datasets/trained_models/MorSE.best", "state_dir": "/home/afandi/GitRepos/KGNET/Datasets/trained_models/MorSE", "log_dir": "./log", "tb_log_dir": "./tb_log", "num_train_subgraph": 10000, "num_valid_subgraph": 200, "num_sample_for_estimate_size": 50, "rw_0": 10, "rw_1": 10, "rw_2": 5, "num_sample_cand": 5, "metatrain_num_neg": 64, "metatrain_num_epoch": 1, "metatrain_bs": 64, "metatrain_lr": 0.01, "metatrain_check_per_step": 5, "indtest_eval_bs": 512, "posttrain_num_neg": 64, "posttrain_bs": 512, "posttrain_lr": 0.001, "posttrain_num_epoch": 10, "posttrain_check_per_epoch": 1, "num_layers": 3, "num_bases": 4, "emb_dim": 32, "kge": "TransE", "gamma": 10, "adv_temp": 1, "gpu": "cpu", "seed": 1234, "ent_dim": 32, "rel_dim": 32, "data_path": "/home/afandi/GitRepos/KGNET/Datasets/wn18rr_inf/wn18rr_inf.pkl", "db_path": "/home/afandi/GitRepos/KGNET/Datasets/wn18rr_inf_subgraph", "num_rel": 11}
2023-12-20 15:43:24 | wn18rr_inf | df_test_g_train len=742
2023-12-20 15:43:24 | wn18rr_inf | df_train_g_test len=14945
2023-12-20 15:43:24 | wn18rr_inf | df_train_g_train len=71148
2023-12-20 15:43:24 | wn18rr_inf | df_train_g_valid len=3012
2023-12-20 15:43:24 | wn18rr_inf | df_test_g_valid len=22
2023-12-20 15:43:26 | wn18rr_inf | Sampling Time Sec=1.947087
2023-12-20 15:43:26 | wn18rr_inf | {"dataset_name": "wn18rr_inf", "name": "wn18rr_inf", "root_path": "/home/afandi/GitRepos/KGNET/Datasets/", "loadTrainedModel": 1, "modelID": "wn18rr.model", "step": "meta_train", "metatrain_state": "/home/afandi/GitRepos/KGNET/Datasets/trained_models/MorSE.best", "state_dir": "/home/afandi/GitRepos/KGNET/Datasets/trained_models/MorSE", "log_dir": "./log", "tb_log_dir": "./tb_log", "num_train_subgraph": 10000, "num_valid_subgraph": 200, "num_sample_for_estimate_size": 50, "rw_0": 10, "rw_1": 10, "rw_2": 5, "num_sample_cand": 5, "metatrain_num_neg": 64, "metatrain_num_epoch": 1, "metatrain_bs": 64, "metatrain_lr": 0.01, "metatrain_check_per_step": 5, "indtest_eval_bs": 512, "posttrain_num_neg": 64, "posttrain_bs": 512, "posttrain_lr": 0.001, "posttrain_num_epoch": 10, "posttrain_check_per_epoch": 1, "num_layers": 3, "num_bases": 4, "emb_dim": 32, "kge": "TransE", "gamma": 10, "adv_temp": 1, "gpu": "cpu", "seed": 1234, "ent_dim": 32, "rel_dim": 32, "data_path": "/home/afandi/GitRepos/KGNET/Datasets/wn18rr_inf/wn18rr_inf.pkl", "db_path": "/home/afandi/GitRepos/KGNET/Datasets/wn18rr_inf_subgraph", "num_rel": 11}
2023-12-20 15:46:18 | wn18rr_inf | df_test_g_train len=742
2023-12-20 15:46:18 | wn18rr_inf | df_train_g_test len=14826
2023-12-20 15:46:18 | wn18rr_inf | df_train_g_train len=71267
2023-12-20 15:46:18 | wn18rr_inf | df_train_g_valid len=3012
2023-12-20 15:46:18 | wn18rr_inf | df_test_g_valid len=22
2023-12-20 15:46:26 | wn18rr_inf | Sampling Time Sec=8.569787
2023-12-20 15:46:26 | wn18rr_inf | {"dataset_name": "wn18rr_inf", "name": "wn18rr_inf", "root_path": "/home/afandi/GitRepos/KGNET/Datasets/", "loadTrainedModel": 1, "modelID": "wn18rr.model", "step": "meta_train", "metatrain_state": "/home/afandi/GitRepos/KGNET/Datasets/trained_models/MorSE.best", "state_dir": "/home/afandi/GitRepos/KGNET/Datasets/trained_models/MorSE", "log_dir": "./log", "tb_log_dir": "./tb_log", "num_train_subgraph": 10000, "num_valid_subgraph": 200, "num_sample_for_estimate_size": 50, "rw_0": 10, "rw_1": 10, "rw_2": 5, "num_sample_cand": 5, "metatrain_num_neg": 64, "metatrain_num_epoch": 1, "metatrain_bs": 64, "metatrain_lr": 0.01, "metatrain_check_per_step": 5, "indtest_eval_bs": 512, "posttrain_num_neg": 64, "posttrain_bs": 512, "posttrain_lr": 0.001, "posttrain_num_epoch": 10, "posttrain_check_per_epoch": 1, "num_layers": 3, "num_bases": 4, "emb_dim": 32, "kge": "TransE", "gamma": 10, "adv_temp": 1, "gpu": "cpu", "seed": 1234, "ent_dim": 32, "rel_dim": 32, "data_path": "/home/afandi/GitRepos/KGNET/Datasets/wn18rr_inf/wn18rr_inf.pkl", "db_path": "/home/afandi/GitRepos/KGNET/Datasets/wn18rr_inf_subgraph", "num_rel": 11}
2023-12-20 16:03:44 | wn18rr_inf | df_test_g_train len=742
2023-12-20 16:03:44 | wn18rr_inf | df_train_g_test len=14751
2023-12-20 16:03:44 | wn18rr_inf | df_train_g_train len=71342
2023-12-20 16:03:44 | wn18rr_inf | df_train_g_valid len=3012
2023-12-20 16:03:44 | wn18rr_inf | df_test_g_valid len=22
2023-12-20 16:03:44 | wn18rr_inf | Sampling Time Sec=0.400883
2023-12-20 16:03:44 | wn18rr_inf | {"dataset_name": "wn18rr_inf", "name": "wn18rr_inf", "root_path": "/home/afandi/GitRepos/KGNET/Datasets/", "loadTrainedModel": 1, "modelID": "wn18rr.model", "step": "meta_train", "metatrain_state": "/home/afandi/GitRepos/KGNET/Datasets/trained_models/MorSE.best", "state_dir": "/home/afandi/GitRepos/KGNET/Datasets/trained_models/MorSE", "log_dir": "./log", "tb_log_dir": "./tb_log", "num_train_subgraph": 10000, "num_valid_subgraph": 200, "num_sample_for_estimate_size": 50, "rw_0": 10, "rw_1": 10, "rw_2": 5, "num_sample_cand": 5, "metatrain_num_neg": 64, "metatrain_num_epoch": 1, "metatrain_bs": 64, "metatrain_lr": 0.01, "metatrain_check_per_step": 5, "indtest_eval_bs": 512, "posttrain_num_neg": 64, "posttrain_bs": 512, "posttrain_lr": 0.001, "posttrain_num_epoch": 10, "posttrain_check_per_epoch": 1, "num_layers": 3, "num_bases": 4, "emb_dim": 32, "kge": "TransE", "gamma": 10, "adv_temp": 1, "gpu": "cpu", "seed": 1234, "ent_dim": 32, "rel_dim": 32, "data_path": "/home/afandi/GitRepos/KGNET/Datasets/wn18rr_inf/wn18rr_inf.pkl", "db_path": "/home/afandi/GitRepos/KGNET/Datasets/wn18rr_inf_subgraph", "num_rel": 11}
2023-12-20 16:04:43 | wn18rr_inf | df_test_g_train len=742
2023-12-20 16:04:43 | wn18rr_inf | df_train_g_test len=14923
2023-12-20 16:04:43 | wn18rr_inf | df_train_g_train len=71170
2023-12-20 16:04:43 | wn18rr_inf | df_train_g_valid len=3012
2023-12-20 16:04:43 | wn18rr_inf | df_test_g_valid len=22
2023-12-20 16:04:43 | wn18rr_inf | Sampling Time Sec=0.407282
2023-12-20 16:04:43 | wn18rr_inf | {"dataset_name": "wn18rr_inf", "name": "wn18rr_inf", "root_path": "/home/afandi/GitRepos/KGNET/Datasets/", "loadTrainedModel": 1, "modelID": "wn18rr.model", "step": "meta_train", "metatrain_state": "/home/afandi/GitRepos/KGNET/Datasets/trained_models/MorSE.best", "state_dir": "/home/afandi/GitRepos/KGNET/Datasets/trained_models/MorSE", "log_dir": "./log", "tb_log_dir": "./tb_log", "num_train_subgraph": 10000, "num_valid_subgraph": 200, "num_sample_for_estimate_size": 50, "rw_0": 10, "rw_1": 10, "rw_2": 5, "num_sample_cand": 5, "metatrain_num_neg": 64, "metatrain_num_epoch": 1, "metatrain_bs": 64, "metatrain_lr": 0.01, "metatrain_check_per_step": 5, "indtest_eval_bs": 512, "posttrain_num_neg": 64, "posttrain_bs": 512, "posttrain_lr": 0.001, "posttrain_num_epoch": 10, "posttrain_check_per_epoch": 1, "num_layers": 3, "num_bases": 4, "emb_dim": 32, "kge": "TransE", "gamma": 10, "adv_temp": 1, "gpu": "cpu", "seed": 1234, "ent_dim": 32, "rel_dim": 32, "data_path": "/home/afandi/GitRepos/KGNET/Datasets/wn18rr_inf/wn18rr_inf.pkl", "db_path": "/home/afandi/GitRepos/KGNET/Datasets/wn18rr_inf_subgraph", "num_rel": 11}
2023-12-20 16:07:05 | wn18rr_inf | df_test_g_train len=742
2023-12-20 16:07:05 | wn18rr_inf | df_train_g_test len=14788
2023-12-20 16:07:05 | wn18rr_inf | df_train_g_train len=71305
2023-12-20 16:07:05 | wn18rr_inf | df_train_g_valid len=3012
2023-12-20 16:07:05 | wn18rr_inf | df_test_g_valid len=22
2023-12-20 16:07:06 | wn18rr_inf | Sampling Time Sec=0.41358
2023-12-20 16:07:06 | wn18rr_inf | {"dataset_name": "wn18rr_inf", "name": "wn18rr_inf", "root_path": "/home/afandi/GitRepos/KGNET/Datasets/", "loadTrainedModel": 1, "modelID": "wn18rr.model", "step": "meta_train", "metatrain_state": "/home/afandi/GitRepos/KGNET/Datasets/trained_models/MorSE.best", "state_dir": "/home/afandi/GitRepos/KGNET/Datasets/trained_models/MorSE", "log_dir": "./log", "tb_log_dir": "./tb_log", "num_train_subgraph": 10000, "num_valid_subgraph": 200, "num_sample_for_estimate_size": 50, "rw_0": 10, "rw_1": 10, "rw_2": 5, "num_sample_cand": 5, "metatrain_num_neg": 64, "metatrain_num_epoch": 1, "metatrain_bs": 64, "metatrain_lr": 0.01, "metatrain_check_per_step": 5, "indtest_eval_bs": 512, "posttrain_num_neg": 64, "posttrain_bs": 512, "posttrain_lr": 0.001, "posttrain_num_epoch": 10, "posttrain_check_per_epoch": 1, "num_layers": 3, "num_bases": 4, "emb_dim": 32, "kge": "TransE", "gamma": 10, "adv_temp": 1, "gpu": "cpu", "seed": 1234, "ent_dim": 32, "rel_dim": 32, "data_path": "/home/afandi/GitRepos/KGNET/Datasets/wn18rr_inf/wn18rr_inf.pkl", "db_path": "/home/afandi/GitRepos/KGNET/Datasets/wn18rr_inf_subgraph", "num_rel": 11}
2024-04-16 12:20:45 | wn18rr_inf | df_test_g_train len=742
2024-04-16 12:20:45 | wn18rr_inf | df_train_g_test len=14787
2024-04-16 12:20:45 | wn18rr_inf | df_train_g_train len=71306
2024-04-16 12:20:45 | wn18rr_inf | df_train_g_valid len=3012
2024-04-16 12:20:45 | wn18rr_inf | df_test_g_valid len=22
2024-04-16 12:20:46 | wn18rr_inf | Sampling Time Sec=0.285993
2024-04-16 12:20:46 | wn18rr_inf | {"dataset_name": "wn18rr_inf", "name": "wn18rr_inf", "root_path": "/home/afandi/GitRepos/KGNET/Datasets/", "loadTrainedModel": 1, "modelID": "wn18rr.model", "step": "meta_train", "metatrain_state": "/home/afandi/GitRepos/KGNET/Datasets/trained_models/MorSE.best", "state_dir": "/home/afandi/GitRepos/KGNET/Datasets/trained_models/MorSE", "log_dir": "./log", "tb_log_dir": "./tb_log", "num_train_subgraph": 10000, "num_valid_subgraph": 200, "num_sample_for_estimate_size": 50, "rw_0": 10, "rw_1": 10, "rw_2": 5, "num_sample_cand": 5, "metatrain_num_neg": 64, "metatrain_num_epoch": 1, "metatrain_bs": 64, "metatrain_lr": 0.01, "metatrain_check_per_step": 5, "indtest_eval_bs": 512, "posttrain_num_neg": 64, "posttrain_bs": 512, "posttrain_lr": 0.001, "posttrain_num_epoch": 10, "posttrain_check_per_epoch": 1, "num_layers": 3, "num_bases": 4, "emb_dim": 32, "kge": "TransE", "gamma": 10, "adv_temp": 1, "gpu": "cpu", "seed": 1234, "ent_dim": 32, "rel_dim": 32, "data_path": "/home/afandi/GitRepos/KGNET/Datasets/wn18rr_inf/wn18rr_inf.pkl", "db_path": "/home/afandi/GitRepos/KGNET/Datasets/wn18rr_inf_subgraph", "num_rel": 11}
2024-04-16 12:22:56 | wn18rr_inf | df_test_g_train len=742
2024-04-16 12:22:56 | wn18rr_inf | df_train_g_test len=14839
2024-04-16 12:22:56 | wn18rr_inf | df_train_g_train len=71254
2024-04-16 12:22:56 | wn18rr_inf | df_train_g_valid len=3012
2024-04-16 12:22:56 | wn18rr_inf | df_test_g_valid len=22
2024-04-16 12:23:04 | wn18rr_inf | Sampling Time Sec=23.078225
2024-04-16 12:23:07 | wn18rr_inf | {"dataset_name": "wn18rr_inf", "name": "wn18rr_inf", "root_path": "/home/afandi/GitRepos/KGNET/Datasets/", "loadTrainedModel": 1, "modelID": "wn18rr.model", "step": "meta_train", "metatrain_state": "/home/afandi/GitRepos/KGNET/Datasets/trained_models/MorSE.best", "state_dir": "/home/afandi/GitRepos/KGNET/Datasets/trained_models/MorSE", "log_dir": "./log", "tb_log_dir": "./tb_log", "num_train_subgraph": 10000, "num_valid_subgraph": 200, "num_sample_for_estimate_size": 50, "rw_0": 10, "rw_1": 10, "rw_2": 5, "num_sample_cand": 5, "metatrain_num_neg": 64, "metatrain_num_epoch": 1, "metatrain_bs": 64, "metatrain_lr": 0.01, "metatrain_check_per_step": 5, "indtest_eval_bs": 512, "posttrain_num_neg": 64, "posttrain_bs": 512, "posttrain_lr": 0.001, "posttrain_num_epoch": 10, "posttrain_check_per_epoch": 1, "num_layers": 3, "num_bases": 4, "emb_dim": 32, "kge": "TransE", "gamma": 10, "adv_temp": 1, "gpu": "cpu", "seed": 1234, "ent_dim": 32, "rel_dim": 32, "data_path": "/home/afandi/GitRepos/KGNET/Datasets/wn18rr_inf/wn18rr_inf.pkl", "db_path": "/home/afandi/GitRepos/KGNET/Datasets/wn18rr_inf_subgraph", "num_rel": 11}
2024-04-16 12:25:26 | wn18rr_inf | df_test_g_train len=742
2024-04-16 12:25:27 | wn18rr_inf | df_train_g_test len=14817
2024-04-16 12:25:27 | wn18rr_inf | df_train_g_train len=71276
2024-04-16 12:25:27 | wn18rr_inf | df_train_g_valid len=3012
2024-04-16 12:25:27 | wn18rr_inf | df_test_g_valid len=22
2024-04-16 12:25:27 | wn18rr_inf | Sampling Time Sec=0.274855
