2024-12-17 10:52:25 | YAGO_3-10_isConnectedTo_FG | df_test_g_train len=25724
2024-12-17 10:52:25 | YAGO_3-10_isConnectedTo_FG | df_train_g_test len=203809
2024-12-17 10:52:25 | YAGO_3-10_isConnectedTo_FG | df_train_g_train len=853038
2024-12-17 10:52:25 | YAGO_3-10_isConnectedTo_FG | df_train_g_valid len=13
2024-12-17 10:52:25 | YAGO_3-10_isConnectedTo_FG | df_test_g_valid len=2143
2024-12-17 10:52:27 | YAGO_3-10_isConnectedTo_FG | Sampling Time Sec=3.702619
2024-12-17 10:52:28 | YAGO_3-10_isConnectedTo_FG | {"dataset_name": "YAGO_3-10_isConnectedTo_FG", "name": "YAGO_3-10_isConnectedTo_FG", "root_path": "/home/afandi/GitRepos/KGNET/Datasets/", "loadTrainedModel": 1, "modelID": "YAGO_3-10_isConnectedTo_FG.model", "step": "meta_train", "metatrain_state": "/home/afandi/GitRepos/KGNET/Datasets/trained_models/MorSE.best", "state_dir": "/home/afandi/GitRepos/KGNET/Datasets/trained_models/MorSE", "log_dir": "./log", "tb_log_dir": "./tb_log", "num_train_subgraph": 10000, "num_valid_subgraph": 200, "num_sample_for_estimate_size": 50, "rw_0": 10, "rw_1": 10, "rw_2": 5, "num_sample_cand": 5, "metatrain_num_neg": 64, "metatrain_num_epoch": 1, "metatrain_bs": 64, "metatrain_lr": 0.01, "metatrain_check_per_step": 5, "indtest_eval_bs": 512, "posttrain_num_neg": 64, "posttrain_bs": 512, "posttrain_lr": 0.001, "posttrain_num_epoch": 10, "posttrain_check_per_epoch": 1, "num_layers": 3, "num_bases": 4, "emb_dim": 32, "kge": "TransE", "gamma": 10, "adv_temp": 1, "gpu": "cpu", "seed": 1234, "ent_dim": 32, "rel_dim": 32, "data_path": "/home/afandi/GitRepos/KGNET/Datasets/YAGO_3-10_isConnectedTo_FG/YAGO_3-10_isConnectedTo_FG.pkl", "db_path": "/home/afandi/GitRepos/KGNET/Datasets/YAGO_3-10_isConnectedTo_FG_subgraph", "num_rel": 37}
2024-12-17 11:00:34 | YAGO_3-10_isConnectedTo_FG | df_test_g_train len=25724
2024-12-17 11:00:34 | YAGO_3-10_isConnectedTo_FG | df_train_g_test len=203802
2024-12-17 11:00:34 | YAGO_3-10_isConnectedTo_FG | df_train_g_train len=853045
2024-12-17 11:00:34 | YAGO_3-10_isConnectedTo_FG | df_train_g_valid len=13
2024-12-17 11:00:34 | YAGO_3-10_isConnectedTo_FG | df_test_g_valid len=2143
2024-12-17 11:00:36 | YAGO_3-10_isConnectedTo_FG | Sampling Time Sec=6.340428
2024-12-17 11:00:37 | YAGO_3-10_isConnectedTo_FG | {"dataset_name": "YAGO_3-10_isConnectedTo_FG", "name": "YAGO_3-10_isConnectedTo_FG", "root_path": "/home/afandi/GitRepos/KGNET/Datasets/", "loadTrainedModel": 1, "modelID": "YAGO_3-10_isConnectedTo_FG.model", "step": "meta_train", "metatrain_state": "/home/afandi/GitRepos/KGNET/Datasets/trained_models/MorSE.best", "state_dir": "/home/afandi/GitRepos/KGNET/Datasets/trained_models/MorSE", "log_dir": "./log", "tb_log_dir": "./tb_log", "num_train_subgraph": 10000, "num_valid_subgraph": 200, "num_sample_for_estimate_size": 50, "rw_0": 10, "rw_1": 10, "rw_2": 5, "num_sample_cand": 5, "metatrain_num_neg": 64, "metatrain_num_epoch": 1, "metatrain_bs": 64, "metatrain_lr": 0.01, "metatrain_check_per_step": 5, "indtest_eval_bs": 512, "posttrain_num_neg": 64, "posttrain_bs": 512, "posttrain_lr": 0.001, "posttrain_num_epoch": 10, "posttrain_check_per_epoch": 1, "num_layers": 3, "num_bases": 4, "emb_dim": 32, "kge": "TransE", "gamma": 10, "adv_temp": 1, "gpu": "cpu", "seed": 1234, "ent_dim": 32, "rel_dim": 32, "data_path": "/home/afandi/GitRepos/KGNET/Datasets/YAGO_3-10_isConnectedTo_FG/YAGO_3-10_isConnectedTo_FG.pkl", "db_path": "/home/afandi/GitRepos/KGNET/Datasets/YAGO_3-10_isConnectedTo_FG_subgraph", "num_rel": 37}
2024-12-17 11:13:30 | YAGO_3-10_isConnectedTo_FG | df_test_g_train len=25724
2024-12-17 11:13:30 | YAGO_3-10_isConnectedTo_FG | df_train_g_test len=203806
2024-12-17 11:13:30 | YAGO_3-10_isConnectedTo_FG | df_train_g_train len=853041
2024-12-17 11:13:30 | YAGO_3-10_isConnectedTo_FG | df_train_g_valid len=13
2024-12-17 11:13:30 | YAGO_3-10_isConnectedTo_FG | df_test_g_valid len=2143
2024-12-17 11:13:32 | YAGO_3-10_isConnectedTo_FG | Sampling Time Sec=5.777706
2024-12-17 11:13:33 | YAGO_3-10_isConnectedTo_FG | {"dataset_name": "YAGO_3-10_isConnectedTo_FG", "name": "YAGO_3-10_isConnectedTo_FG", "root_path": "/home/afandi/GitRepos/KGNET/Datasets/", "loadTrainedModel": 1, "modelID": "YAGO_3-10_isConnectedTo_FG.model", "step": "meta_train", "metatrain_state": "/home/afandi/GitRepos/KGNET/Datasets/trained_models/MorSE.best", "state_dir": "/home/afandi/GitRepos/KGNET/Datasets/trained_models/MorSE", "log_dir": "./log", "tb_log_dir": "./tb_log", "num_train_subgraph": 10000, "num_valid_subgraph": 200, "num_sample_for_estimate_size": 50, "rw_0": 10, "rw_1": 10, "rw_2": 5, "num_sample_cand": 5, "metatrain_num_neg": 64, "metatrain_num_epoch": 1, "metatrain_bs": 64, "metatrain_lr": 0.01, "metatrain_check_per_step": 5, "indtest_eval_bs": 512, "posttrain_num_neg": 64, "posttrain_bs": 512, "posttrain_lr": 0.001, "posttrain_num_epoch": 10, "posttrain_check_per_epoch": 1, "num_layers": 3, "num_bases": 4, "emb_dim": 32, "kge": "TransE", "gamma": 10, "adv_temp": 1, "gpu": "cpu", "seed": 1234, "ent_dim": 32, "rel_dim": 32, "data_path": "/home/afandi/GitRepos/KGNET/Datasets/YAGO_3-10_isConnectedTo_FG/YAGO_3-10_isConnectedTo_FG.pkl", "db_path": "/home/afandi/GitRepos/KGNET/Datasets/YAGO_3-10_isConnectedTo_FG_subgraph", "num_rel": 37}
2024-12-17 11:24:42 | YAGO_3-10_isConnectedTo_FG | df_test_g_train len=25724
2024-12-17 11:24:42 | YAGO_3-10_isConnectedTo_FG | df_train_g_test len=203651
2024-12-17 11:24:42 | YAGO_3-10_isConnectedTo_FG | df_train_g_train len=853196
2024-12-17 11:24:42 | YAGO_3-10_isConnectedTo_FG | df_train_g_valid len=13
2024-12-17 11:24:42 | YAGO_3-10_isConnectedTo_FG | df_test_g_valid len=2143
2024-12-17 11:24:44 | YAGO_3-10_isConnectedTo_FG | Sampling Time Sec=5.799339
2024-12-17 11:24:45 | YAGO_3-10_isConnectedTo_FG | {"dataset_name": "YAGO_3-10_isConnectedTo_FG", "name": "YAGO_3-10_isConnectedTo_FG", "root_path": "/home/afandi/GitRepos/KGNET/Datasets/", "loadTrainedModel": 1, "modelID": "YAGO_3-10_isConnectedTo_FG.model", "step": "meta_train", "metatrain_state": "/home/afandi/GitRepos/KGNET/Datasets/trained_models/MorSE.best", "state_dir": "/home/afandi/GitRepos/KGNET/Datasets/trained_models/MorSE", "log_dir": "./log", "tb_log_dir": "./tb_log", "num_train_subgraph": 10000, "num_valid_subgraph": 200, "num_sample_for_estimate_size": 50, "rw_0": 10, "rw_1": 10, "rw_2": 5, "num_sample_cand": 5, "metatrain_num_neg": 64, "metatrain_num_epoch": 1, "metatrain_bs": 64, "metatrain_lr": 0.01, "metatrain_check_per_step": 5, "indtest_eval_bs": 512, "posttrain_num_neg": 64, "posttrain_bs": 512, "posttrain_lr": 0.001, "posttrain_num_epoch": 10, "posttrain_check_per_epoch": 1, "num_layers": 3, "num_bases": 4, "emb_dim": 32, "kge": "TransE", "gamma": 10, "adv_temp": 1, "gpu": "cpu", "seed": 1234, "ent_dim": 32, "rel_dim": 32, "data_path": "/home/afandi/GitRepos/KGNET/Datasets/YAGO_3-10_isConnectedTo_FG/YAGO_3-10_isConnectedTo_FG.pkl", "db_path": "/home/afandi/GitRepos/KGNET/Datasets/YAGO_3-10_isConnectedTo_FG_subgraph", "num_rel": 37}
2024-12-17 11:39:21 | YAGO_3-10_isConnectedTo_FG | df_test_g_train len=25724
2024-12-17 11:39:21 | YAGO_3-10_isConnectedTo_FG | df_train_g_test len=203668
2024-12-17 11:39:21 | YAGO_3-10_isConnectedTo_FG | df_train_g_train len=853179
2024-12-17 11:39:21 | YAGO_3-10_isConnectedTo_FG | df_train_g_valid len=13
2024-12-17 11:39:21 | YAGO_3-10_isConnectedTo_FG | df_test_g_valid len=2143
2024-12-17 11:39:24 | YAGO_3-10_isConnectedTo_FG | Sampling Time Sec=6.108896
2024-12-17 11:39:24 | YAGO_3-10_isConnectedTo_FG | {"dataset_name": "YAGO_3-10_isConnectedTo_FG", "name": "YAGO_3-10_isConnectedTo_FG", "root_path": "/home/afandi/GitRepos/KGNET/Datasets/", "loadTrainedModel": 1, "modelID": "YAGO_3-10_isConnectedTo_FG.model", "step": "meta_train", "metatrain_state": "/home/afandi/GitRepos/KGNET/Datasets/trained_models/MorSE.best", "state_dir": "/home/afandi/GitRepos/KGNET/Datasets/trained_models/MorSE", "log_dir": "./log", "tb_log_dir": "./tb_log", "num_train_subgraph": 10000, "num_valid_subgraph": 200, "num_sample_for_estimate_size": 50, "rw_0": 10, "rw_1": 10, "rw_2": 5, "num_sample_cand": 5, "metatrain_num_neg": 64, "metatrain_num_epoch": 1, "metatrain_bs": 64, "metatrain_lr": 0.01, "metatrain_check_per_step": 5, "indtest_eval_bs": 512, "posttrain_num_neg": 64, "posttrain_bs": 512, "posttrain_lr": 0.001, "posttrain_num_epoch": 10, "posttrain_check_per_epoch": 1, "num_layers": 3, "num_bases": 4, "emb_dim": 32, "kge": "TransE", "gamma": 10, "adv_temp": 1, "gpu": "cpu", "seed": 1234, "ent_dim": 32, "rel_dim": 32, "data_path": "/home/afandi/GitRepos/KGNET/Datasets/YAGO_3-10_isConnectedTo_FG/YAGO_3-10_isConnectedTo_FG.pkl", "db_path": "/home/afandi/GitRepos/KGNET/Datasets/YAGO_3-10_isConnectedTo_FG_subgraph", "num_rel": 37}
2024-12-17 11:48:27 | YAGO_3-10_isConnectedTo_FG | df_test_g_train len=25724
2024-12-17 11:48:27 | YAGO_3-10_isConnectedTo_FG | df_train_g_test len=203882
2024-12-17 11:48:27 | YAGO_3-10_isConnectedTo_FG | df_train_g_train len=852965
2024-12-17 11:48:27 | YAGO_3-10_isConnectedTo_FG | df_train_g_valid len=13
2024-12-17 11:48:27 | YAGO_3-10_isConnectedTo_FG | df_test_g_valid len=2143
2024-12-17 11:48:29 | YAGO_3-10_isConnectedTo_FG | Sampling Time Sec=5.803825
2024-12-17 11:48:30 | YAGO_3-10_isConnectedTo_FG | {"dataset_name": "YAGO_3-10_isConnectedTo_FG", "name": "YAGO_3-10_isConnectedTo_FG", "root_path": "/home/afandi/GitRepos/KGNET/Datasets/", "loadTrainedModel": 1, "modelID": "YAGO_3-10_isConnectedTo_FG.model", "step": "meta_train", "metatrain_state": "/home/afandi/GitRepos/KGNET/Datasets/trained_models/MorSE.best", "state_dir": "/home/afandi/GitRepos/KGNET/Datasets/trained_models/MorSE", "log_dir": "./log", "tb_log_dir": "./tb_log", "num_train_subgraph": 10000, "num_valid_subgraph": 200, "num_sample_for_estimate_size": 50, "rw_0": 10, "rw_1": 10, "rw_2": 5, "num_sample_cand": 5, "metatrain_num_neg": 64, "metatrain_num_epoch": 1, "metatrain_bs": 64, "metatrain_lr": 0.01, "metatrain_check_per_step": 5, "indtest_eval_bs": 512, "posttrain_num_neg": 64, "posttrain_bs": 512, "posttrain_lr": 0.001, "posttrain_num_epoch": 10, "posttrain_check_per_epoch": 1, "num_layers": 3, "num_bases": 4, "emb_dim": 32, "kge": "TransE", "gamma": 10, "adv_temp": 1, "gpu": "cpu", "seed": 1234, "ent_dim": 32, "rel_dim": 32, "data_path": "/home/afandi/GitRepos/KGNET/Datasets/YAGO_3-10_isConnectedTo_FG/YAGO_3-10_isConnectedTo_FG.pkl", "db_path": "/home/afandi/GitRepos/KGNET/Datasets/YAGO_3-10_isConnectedTo_FG_subgraph", "num_rel": 37}
2024-12-17 11:50:30 | YAGO_3-10_isConnectedTo_FG | df_test_g_train len=25724
2024-12-17 11:50:30 | YAGO_3-10_isConnectedTo_FG | df_train_g_test len=203816
2024-12-17 11:50:30 | YAGO_3-10_isConnectedTo_FG | df_train_g_train len=853031
2024-12-17 11:50:30 | YAGO_3-10_isConnectedTo_FG | df_train_g_valid len=13
2024-12-17 11:50:30 | YAGO_3-10_isConnectedTo_FG | df_test_g_valid len=2143
2024-12-17 11:50:32 | YAGO_3-10_isConnectedTo_FG | Sampling Time Sec=5.984029
2024-12-17 11:50:33 | YAGO_3-10_isConnectedTo_FG | {"dataset_name": "YAGO_3-10_isConnectedTo_FG", "name": "YAGO_3-10_isConnectedTo_FG", "root_path": "/home/afandi/GitRepos/KGNET/Datasets/", "loadTrainedModel": 1, "modelID": "YAGO_3-10_isConnectedTo_FG.model", "step": "meta_train", "metatrain_state": "/home/afandi/GitRepos/KGNET/Datasets/trained_models/MorSE.best", "state_dir": "/home/afandi/GitRepos/KGNET/Datasets/trained_models/MorSE", "log_dir": "./log", "tb_log_dir": "./tb_log", "num_train_subgraph": 10000, "num_valid_subgraph": 200, "num_sample_for_estimate_size": 50, "rw_0": 10, "rw_1": 10, "rw_2": 5, "num_sample_cand": 5, "metatrain_num_neg": 64, "metatrain_num_epoch": 1, "metatrain_bs": 64, "metatrain_lr": 0.01, "metatrain_check_per_step": 5, "indtest_eval_bs": 512, "posttrain_num_neg": 64, "posttrain_bs": 512, "posttrain_lr": 0.001, "posttrain_num_epoch": 10, "posttrain_check_per_epoch": 1, "num_layers": 3, "num_bases": 4, "emb_dim": 32, "kge": "TransE", "gamma": 10, "adv_temp": 1, "gpu": "cpu", "seed": 1234, "ent_dim": 32, "rel_dim": 32, "data_path": "/home/afandi/GitRepos/KGNET/Datasets/YAGO_3-10_isConnectedTo_FG/YAGO_3-10_isConnectedTo_FG.pkl", "db_path": "/home/afandi/GitRepos/KGNET/Datasets/YAGO_3-10_isConnectedTo_FG_subgraph", "num_rel": 37}
2024-12-17 11:52:58 | YAGO_3-10_isConnectedTo_FG | df_test_g_train len=25724
2024-12-17 11:52:58 | YAGO_3-10_isConnectedTo_FG | df_train_g_test len=203898
2024-12-17 11:52:58 | YAGO_3-10_isConnectedTo_FG | df_train_g_train len=852949
2024-12-17 11:52:58 | YAGO_3-10_isConnectedTo_FG | df_train_g_valid len=13
2024-12-17 11:52:58 | YAGO_3-10_isConnectedTo_FG | df_test_g_valid len=2143
2024-12-17 11:53:00 | YAGO_3-10_isConnectedTo_FG | Sampling Time Sec=3.555936
2024-12-17 11:53:01 | YAGO_3-10_isConnectedTo_FG | {"dataset_name": "YAGO_3-10_isConnectedTo_FG", "name": "YAGO_3-10_isConnectedTo_FG", "root_path": "/home/afandi/GitRepos/KGNET/Datasets/", "loadTrainedModel": 1, "modelID": "YAGO_3-10_isConnectedTo_FG.model", "step": "meta_train", "metatrain_state": "/home/afandi/GitRepos/KGNET/Datasets/trained_models/MorSE.best", "state_dir": "/home/afandi/GitRepos/KGNET/Datasets/trained_models/MorSE", "log_dir": "./log", "tb_log_dir": "./tb_log", "num_train_subgraph": 10000, "num_valid_subgraph": 200, "num_sample_for_estimate_size": 50, "rw_0": 10, "rw_1": 10, "rw_2": 5, "num_sample_cand": 5, "metatrain_num_neg": 64, "metatrain_num_epoch": 1, "metatrain_bs": 64, "metatrain_lr": 0.01, "metatrain_check_per_step": 5, "indtest_eval_bs": 512, "posttrain_num_neg": 64, "posttrain_bs": 512, "posttrain_lr": 0.001, "posttrain_num_epoch": 10, "posttrain_check_per_epoch": 1, "num_layers": 3, "num_bases": 4, "emb_dim": 32, "kge": "TransE", "gamma": 10, "adv_temp": 1, "gpu": "cpu", "seed": 1234, "ent_dim": 32, "rel_dim": 32, "data_path": "/home/afandi/GitRepos/KGNET/Datasets/YAGO_3-10_isConnectedTo_FG/YAGO_3-10_isConnectedTo_FG.pkl", "db_path": "/home/afandi/GitRepos/KGNET/Datasets/YAGO_3-10_isConnectedTo_FG_subgraph", "num_rel": 37}
2024-12-17 11:58:06 | YAGO_3-10_isConnectedTo_FG | df_test_g_train len=25724
2024-12-17 11:58:06 | YAGO_3-10_isConnectedTo_FG | df_train_g_test len=203763
2024-12-17 11:58:06 | YAGO_3-10_isConnectedTo_FG | df_train_g_train len=853084
2024-12-17 11:58:06 | YAGO_3-10_isConnectedTo_FG | df_train_g_valid len=13
2024-12-17 11:58:06 | YAGO_3-10_isConnectedTo_FG | df_test_g_valid len=2143
2024-12-17 11:58:08 | YAGO_3-10_isConnectedTo_FG | Sampling Time Sec=5.79609
2024-12-17 11:58:09 | YAGO_3-10_isConnectedTo_FG | {"dataset_name": "YAGO_3-10_isConnectedTo_FG", "name": "YAGO_3-10_isConnectedTo_FG", "root_path": "/home/afandi/GitRepos/KGNET/Datasets/", "loadTrainedModel": 1, "modelID": "YAGO_3-10_isConnectedTo_FG.model", "step": "meta_train", "metatrain_state": "/home/afandi/GitRepos/KGNET/Datasets/trained_models/MorSE.best", "state_dir": "/home/afandi/GitRepos/KGNET/Datasets/trained_models/MorSE", "log_dir": "./log", "tb_log_dir": "./tb_log", "num_train_subgraph": 10000, "num_valid_subgraph": 200, "num_sample_for_estimate_size": 50, "rw_0": 10, "rw_1": 10, "rw_2": 5, "num_sample_cand": 5, "metatrain_num_neg": 64, "metatrain_num_epoch": 1, "metatrain_bs": 64, "metatrain_lr": 0.01, "metatrain_check_per_step": 5, "indtest_eval_bs": 512, "posttrain_num_neg": 64, "posttrain_bs": 512, "posttrain_lr": 0.001, "posttrain_num_epoch": 10, "posttrain_check_per_epoch": 1, "num_layers": 3, "num_bases": 4, "emb_dim": 32, "kge": "TransE", "gamma": 10, "adv_temp": 1, "gpu": "cpu", "seed": 1234, "ent_dim": 32, "rel_dim": 32, "data_path": "/home/afandi/GitRepos/KGNET/Datasets/YAGO_3-10_isConnectedTo_FG/YAGO_3-10_isConnectedTo_FG.pkl", "db_path": "/home/afandi/GitRepos/KGNET/Datasets/YAGO_3-10_isConnectedTo_FG_subgraph", "num_rel": 37}
2025-01-08 10:45:25 | YAGO_3-10_isConnectedTo_FG | df_test_g_train len=25724
2025-01-08 10:45:25 | YAGO_3-10_isConnectedTo_FG | df_train_g_test len=203672
2025-01-08 10:45:25 | YAGO_3-10_isConnectedTo_FG | df_train_g_train len=853175
2025-01-08 10:45:25 | YAGO_3-10_isConnectedTo_FG | df_train_g_valid len=13
2025-01-08 10:45:25 | YAGO_3-10_isConnectedTo_FG | df_test_g_valid len=2143
2025-01-08 10:45:27 | YAGO_3-10_isConnectedTo_FG | Sampling Time Sec=5.885127
2025-01-08 10:45:28 | YAGO_3-10_isConnectedTo_FG | {"dataset_name": "YAGO_3-10_isConnectedTo_FG", "name": "YAGO_3-10_isConnectedTo_FG", "root_path": "/home/afandi/GitRepos/KGNET/Datasets/", "loadTrainedModel": 1, "modelID": "YAGO_3-10_isConnectedTo_FG.model", "step": "meta_train", "metatrain_state": "/home/afandi/GitRepos/KGNET/Datasets/trained_models/MorSE.best", "state_dir": "/home/afandi/GitRepos/KGNET/Datasets/trained_models/MorSE", "log_dir": "./log", "tb_log_dir": "./tb_log", "num_train_subgraph": 10000, "num_valid_subgraph": 200, "num_sample_for_estimate_size": 50, "rw_0": 10, "rw_1": 10, "rw_2": 5, "num_sample_cand": 5, "metatrain_num_neg": 64, "metatrain_num_epoch": 1, "metatrain_bs": 64, "metatrain_lr": 0.01, "metatrain_check_per_step": 5, "indtest_eval_bs": 512, "posttrain_num_neg": 64, "posttrain_bs": 512, "posttrain_lr": 0.001, "posttrain_num_epoch": 10, "posttrain_check_per_epoch": 1, "num_layers": 3, "num_bases": 4, "emb_dim": 32, "kge": "TransE", "gamma": 10, "adv_temp": 1, "gpu": "cpu", "seed": 1234, "ent_dim": 32, "rel_dim": 32, "data_path": "/home/afandi/GitRepos/KGNET/Datasets/YAGO_3-10_isConnectedTo_FG/YAGO_3-10_isConnectedTo_FG.pkl", "db_path": "/home/afandi/GitRepos/KGNET/Datasets/YAGO_3-10_isConnectedTo_FG_subgraph", "num_rel": 37}
2025-01-09 13:34:48 | YAGO_3-10_isConnectedTo_FG | df_test_g_train len=25724
2025-01-09 13:34:49 | YAGO_3-10_isConnectedTo_FG | df_train_g_test len=203801
2025-01-09 13:34:49 | YAGO_3-10_isConnectedTo_FG | df_train_g_train len=853046
2025-01-09 13:34:49 | YAGO_3-10_isConnectedTo_FG | df_train_g_valid len=13
2025-01-09 13:34:49 | YAGO_3-10_isConnectedTo_FG | df_test_g_valid len=2143
2025-01-09 13:34:51 | YAGO_3-10_isConnectedTo_FG | Sampling Time Sec=5.81788
2025-01-09 13:34:52 | YAGO_3-10_isConnectedTo_FG | {"dataset_name": "YAGO_3-10_isConnectedTo_FG", "name": "YAGO_3-10_isConnectedTo_FG", "root_path": "/home/afandi/GitRepos/KGNET/Datasets/", "loadTrainedModel": 1, "modelID": "YAGO_3-10_isConnectedTo_FG.model", "step": "meta_train", "metatrain_state": "/home/afandi/GitRepos/KGNET/Datasets/trained_models/MorSE.best", "state_dir": "/home/afandi/GitRepos/KGNET/Datasets/trained_models/MorSE", "log_dir": "./log", "tb_log_dir": "./tb_log", "num_train_subgraph": 10000, "num_valid_subgraph": 200, "num_sample_for_estimate_size": 50, "rw_0": 10, "rw_1": 10, "rw_2": 5, "num_sample_cand": 5, "metatrain_num_neg": 64, "metatrain_num_epoch": 1, "metatrain_bs": 64, "metatrain_lr": 0.01, "metatrain_check_per_step": 5, "indtest_eval_bs": 512, "posttrain_num_neg": 64, "posttrain_bs": 512, "posttrain_lr": 0.001, "posttrain_num_epoch": 10, "posttrain_check_per_epoch": 1, "num_layers": 3, "num_bases": 4, "emb_dim": 32, "kge": "TransE", "gamma": 10, "adv_temp": 1, "gpu": "cpu", "seed": 1234, "ent_dim": 32, "rel_dim": 32, "data_path": "/home/afandi/GitRepos/KGNET/Datasets/YAGO_3-10_isConnectedTo_FG/YAGO_3-10_isConnectedTo_FG.pkl", "db_path": "/home/afandi/GitRepos/KGNET/Datasets/YAGO_3-10_isConnectedTo_FG_subgraph", "num_rel": 37}
2025-01-09 13:35:48 | YAGO_3-10_isConnectedTo_FG | df_test_g_train len=25724
2025-01-09 13:35:48 | YAGO_3-10_isConnectedTo_FG | df_train_g_test len=203752
2025-01-09 13:35:48 | YAGO_3-10_isConnectedTo_FG | df_train_g_train len=853095
2025-01-09 13:35:48 | YAGO_3-10_isConnectedTo_FG | df_train_g_valid len=13
2025-01-09 13:35:48 | YAGO_3-10_isConnectedTo_FG | df_test_g_valid len=2143
2025-01-09 13:35:50 | YAGO_3-10_isConnectedTo_FG | Sampling Time Sec=3.723205
2025-01-09 13:35:51 | YAGO_3-10_isConnectedTo_FG | {"dataset_name": "YAGO_3-10_isConnectedTo_FG", "name": "YAGO_3-10_isConnectedTo_FG", "root_path": "/home/afandi/GitRepos/KGNET/Datasets/", "loadTrainedModel": 1, "modelID": "YAGO_3-10_isConnectedTo_FG.model", "step": "meta_train", "metatrain_state": "/home/afandi/GitRepos/KGNET/Datasets/trained_models/MorSE.best", "state_dir": "/home/afandi/GitRepos/KGNET/Datasets/trained_models/MorSE", "log_dir": "./log", "tb_log_dir": "./tb_log", "num_train_subgraph": 10000, "num_valid_subgraph": 200, "num_sample_for_estimate_size": 50, "rw_0": 10, "rw_1": 10, "rw_2": 5, "num_sample_cand": 5, "metatrain_num_neg": 64, "metatrain_num_epoch": 1, "metatrain_bs": 64, "metatrain_lr": 0.01, "metatrain_check_per_step": 5, "indtest_eval_bs": 512, "posttrain_num_neg": 64, "posttrain_bs": 512, "posttrain_lr": 0.001, "posttrain_num_epoch": 10, "posttrain_check_per_epoch": 1, "num_layers": 3, "num_bases": 4, "emb_dim": 32, "kge": "TransE", "gamma": 10, "adv_temp": 1, "gpu": "cpu", "seed": 1234, "ent_dim": 32, "rel_dim": 32, "data_path": "/home/afandi/GitRepos/KGNET/Datasets/YAGO_3-10_isConnectedTo_FG/YAGO_3-10_isConnectedTo_FG.pkl", "db_path": "/home/afandi/GitRepos/KGNET/Datasets/YAGO_3-10_isConnectedTo_FG_subgraph", "num_rel": 37}
2025-01-23 14:16:11 | YAGO_3-10_isConnectedTo_FG | df_test_g_train len=25724
2025-01-23 14:16:11 | YAGO_3-10_isConnectedTo_FG | df_train_g_test len=203818
2025-01-23 14:16:11 | YAGO_3-10_isConnectedTo_FG | df_train_g_train len=853029
2025-01-23 14:16:11 | YAGO_3-10_isConnectedTo_FG | df_train_g_valid len=13
2025-01-23 14:16:11 | YAGO_3-10_isConnectedTo_FG | df_test_g_valid len=2143
2025-01-23 14:16:13 | YAGO_3-10_isConnectedTo_FG | Sampling Time Sec=5.45713
2025-01-23 14:16:14 | YAGO_3-10_isConnectedTo_FG | {"dataset_name": "YAGO_3-10_isConnectedTo_FG", "name": "YAGO_3-10_isConnectedTo_FG", "root_path": "/home/afandi/GitRepos/KGNET/Datasets/", "loadTrainedModel": 1, "modelID": "YAGO_3-10_isConnectedTo_FG.model", "NUM_NODES": 100, "step": "meta_train", "metatrain_state": "/home/afandi/GitRepos/KGNET/Datasets/trained_models/MorSE.best", "state_dir": "/home/afandi/GitRepos/KGNET/Datasets/trained_models/MorSE", "log_dir": "./log", "tb_log_dir": "./tb_log", "num_train_subgraph": 10000, "num_valid_subgraph": 200, "num_sample_for_estimate_size": 50, "rw_0": 10, "rw_1": 10, "rw_2": 5, "num_sample_cand": 5, "metatrain_num_neg": 64, "metatrain_num_epoch": 1, "metatrain_bs": 64, "metatrain_lr": 0.01, "metatrain_check_per_step": 5, "indtest_eval_bs": 512, "posttrain_num_neg": 64, "posttrain_bs": 512, "posttrain_lr": 0.001, "posttrain_num_epoch": 10, "posttrain_check_per_epoch": 1, "num_layers": 3, "num_bases": 4, "emb_dim": 32, "kge": "TransE", "gamma": 10, "adv_temp": 1, "gpu": "cpu", "seed": 1234, "ent_dim": 32, "rel_dim": 32, "data_path": "/home/afandi/GitRepos/KGNET/Datasets/YAGO_3-10_isConnectedTo_FG/YAGO_3-10_isConnectedTo_FG.pkl", "db_path": "/home/afandi/GitRepos/KGNET/Datasets/YAGO_3-10_isConnectedTo_FG_subgraph", "num_rel": 37}
2025-01-23 14:20:20 | YAGO_3-10_isConnectedTo_FG | df_test_g_train len=25724
2025-01-23 14:20:21 | YAGO_3-10_isConnectedTo_FG | df_train_g_test len=203639
2025-01-23 14:20:21 | YAGO_3-10_isConnectedTo_FG | df_train_g_train len=853208
2025-01-23 14:20:21 | YAGO_3-10_isConnectedTo_FG | df_train_g_valid len=13
2025-01-23 14:20:21 | YAGO_3-10_isConnectedTo_FG | df_test_g_valid len=2143
2025-01-23 14:20:22 | YAGO_3-10_isConnectedTo_FG | Sampling Time Sec=5.486814
2025-01-23 14:20:23 | YAGO_3-10_isConnectedTo_FG | {"dataset_name": "YAGO_3-10_isConnectedTo_FG", "name": "YAGO_3-10_isConnectedTo_FG", "root_path": "/home/afandi/GitRepos/KGNET/Datasets/", "loadTrainedModel": 1, "modelID": "YAGO_3-10_isConnectedTo_FG.model", "NUM_NODES": 100, "step": "meta_train", "metatrain_state": "/home/afandi/GitRepos/KGNET/Datasets/trained_models/MorSE.best", "state_dir": "/home/afandi/GitRepos/KGNET/Datasets/trained_models/MorSE", "log_dir": "./log", "tb_log_dir": "./tb_log", "num_train_subgraph": 10000, "num_valid_subgraph": 200, "num_sample_for_estimate_size": 50, "rw_0": 10, "rw_1": 10, "rw_2": 5, "num_sample_cand": 5, "metatrain_num_neg": 64, "metatrain_num_epoch": 1, "metatrain_bs": 64, "metatrain_lr": 0.01, "metatrain_check_per_step": 5, "indtest_eval_bs": 512, "posttrain_num_neg": 64, "posttrain_bs": 512, "posttrain_lr": 0.001, "posttrain_num_epoch": 10, "posttrain_check_per_epoch": 1, "num_layers": 3, "num_bases": 4, "emb_dim": 32, "kge": "TransE", "gamma": 10, "adv_temp": 1, "gpu": "cpu", "seed": 1234, "ent_dim": 32, "rel_dim": 32, "data_path": "/home/afandi/GitRepos/KGNET/Datasets/YAGO_3-10_isConnectedTo_FG/YAGO_3-10_isConnectedTo_FG.pkl", "db_path": "/home/afandi/GitRepos/KGNET/Datasets/YAGO_3-10_isConnectedTo_FG_subgraph", "num_rel": 37}
2025-01-26 16:31:35 | YAGO_3-10_isConnectedTo_FG | df_test_g_train len=25724
2025-01-26 16:31:35 | YAGO_3-10_isConnectedTo_FG | df_train_g_test len=203932
2025-01-26 16:31:35 | YAGO_3-10_isConnectedTo_FG | df_train_g_train len=852915
2025-01-26 16:31:35 | YAGO_3-10_isConnectedTo_FG | df_train_g_valid len=13
2025-01-26 16:31:35 | YAGO_3-10_isConnectedTo_FG | df_test_g_valid len=2143
2025-01-26 16:31:38 | YAGO_3-10_isConnectedTo_FG | Sampling Time Sec=6.088005
2025-01-26 16:31:39 | YAGO_3-10_isConnectedTo_FG | {"dataset_name": "YAGO_3-10_isConnectedTo_FG", "name": "YAGO_3-10_isConnectedTo_FG", "root_path": "/home/afandi/GitRepos/KGNET/Datasets/", "loadTrainedModel": 1, "modelID": "YAGO_3-10_isConnectedTo_FG.model", "NUM_NODES": 100, "step": "meta_train", "metatrain_state": "/home/afandi/GitRepos/KGNET/Datasets/trained_models/MorSE.best", "state_dir": "/home/afandi/GitRepos/KGNET/Datasets/trained_models/MorSE", "log_dir": "./log", "tb_log_dir": "./tb_log", "num_train_subgraph": 10000, "num_valid_subgraph": 200, "num_sample_for_estimate_size": 50, "rw_0": 10, "rw_1": 10, "rw_2": 5, "num_sample_cand": 5, "metatrain_num_neg": 64, "metatrain_num_epoch": 1, "metatrain_bs": 64, "metatrain_lr": 0.01, "metatrain_check_per_step": 5, "indtest_eval_bs": 512, "posttrain_num_neg": 64, "posttrain_bs": 512, "posttrain_lr": 0.001, "posttrain_num_epoch": 10, "posttrain_check_per_epoch": 1, "num_layers": 3, "num_bases": 4, "emb_dim": 32, "kge": "TransE", "gamma": 10, "adv_temp": 1, "gpu": "cpu", "seed": 1234, "ent_dim": 32, "rel_dim": 32, "data_path": "/home/afandi/GitRepos/KGNET/Datasets/YAGO_3-10_isConnectedTo_FG/YAGO_3-10_isConnectedTo_FG.pkl", "db_path": "/home/afandi/GitRepos/KGNET/Datasets/YAGO_3-10_isConnectedTo_FG_subgraph", "num_rel": 37}
2025-01-26 16:53:32 | YAGO_3-10_isConnectedTo_FG | df_test_g_train len=25724
2025-01-26 16:53:33 | YAGO_3-10_isConnectedTo_FG | df_train_g_test len=204052
2025-01-26 16:53:33 | YAGO_3-10_isConnectedTo_FG | df_train_g_train len=852795
2025-01-26 16:53:33 | YAGO_3-10_isConnectedTo_FG | df_train_g_valid len=13
2025-01-26 16:53:33 | YAGO_3-10_isConnectedTo_FG | df_test_g_valid len=2143
2025-01-26 16:53:35 | YAGO_3-10_isConnectedTo_FG | Sampling Time Sec=5.742714
2025-01-26 16:53:36 | YAGO_3-10_isConnectedTo_FG | {"dataset_name": "YAGO_3-10_isConnectedTo_FG", "name": "YAGO_3-10_isConnectedTo_FG", "root_path": "/home/afandi/GitRepos/KGNET/Datasets/", "loadTrainedModel": 1, "modelID": "YAGO_3-10_isConnectedTo_FG.model", "NUM_NODES": 3, "step": "meta_train", "metatrain_state": "/home/afandi/GitRepos/KGNET/Datasets/trained_models/MorSE.best", "state_dir": "/home/afandi/GitRepos/KGNET/Datasets/trained_models/MorSE", "log_dir": "./log", "tb_log_dir": "./tb_log", "num_train_subgraph": 10000, "num_valid_subgraph": 200, "num_sample_for_estimate_size": 50, "rw_0": 10, "rw_1": 10, "rw_2": 5, "num_sample_cand": 5, "metatrain_num_neg": 64, "metatrain_num_epoch": 1, "metatrain_bs": 64, "metatrain_lr": 0.01, "metatrain_check_per_step": 5, "indtest_eval_bs": 512, "posttrain_num_neg": 64, "posttrain_bs": 512, "posttrain_lr": 0.001, "posttrain_num_epoch": 10, "posttrain_check_per_epoch": 1, "num_layers": 3, "num_bases": 4, "emb_dim": 32, "kge": "TransE", "gamma": 10, "adv_temp": 1, "gpu": "cpu", "seed": 1234, "ent_dim": 32, "rel_dim": 32, "data_path": "/home/afandi/GitRepos/KGNET/Datasets/YAGO_3-10_isConnectedTo_FG/YAGO_3-10_isConnectedTo_FG.pkl", "db_path": "/home/afandi/GitRepos/KGNET/Datasets/YAGO_3-10_isConnectedTo_FG_subgraph", "num_rel": 37}
2025-01-26 17:11:20 | YAGO_3-10_isConnectedTo_FG | df_test_g_train len=25724
2025-01-26 17:11:20 | YAGO_3-10_isConnectedTo_FG | df_train_g_test len=203982
2025-01-26 17:11:20 | YAGO_3-10_isConnectedTo_FG | df_train_g_train len=852865
2025-01-26 17:11:20 | YAGO_3-10_isConnectedTo_FG | df_train_g_valid len=13
2025-01-26 17:11:20 | YAGO_3-10_isConnectedTo_FG | df_test_g_valid len=2143
2025-01-26 17:11:22 | YAGO_3-10_isConnectedTo_FG | Sampling Time Sec=5.652898
2025-01-26 17:11:23 | YAGO_3-10_isConnectedTo_FG | {"dataset_name": "YAGO_3-10_isConnectedTo_FG", "name": "YAGO_3-10_isConnectedTo_FG", "root_path": "/home/afandi/GitRepos/KGNET/Datasets/", "loadTrainedModel": 1, "modelID": "YAGO_3-10_isConnectedTo_FG.model", "NUM_NODES": 3, "step": "meta_train", "metatrain_state": "/home/afandi/GitRepos/KGNET/Datasets/trained_models/MorSE.best", "state_dir": "/home/afandi/GitRepos/KGNET/Datasets/trained_models/MorSE", "log_dir": "./log", "tb_log_dir": "./tb_log", "num_train_subgraph": 10000, "num_valid_subgraph": 200, "num_sample_for_estimate_size": 50, "rw_0": 10, "rw_1": 10, "rw_2": 5, "num_sample_cand": 5, "metatrain_num_neg": 64, "metatrain_num_epoch": 1, "metatrain_bs": 64, "metatrain_lr": 0.01, "metatrain_check_per_step": 5, "indtest_eval_bs": 512, "posttrain_num_neg": 64, "posttrain_bs": 512, "posttrain_lr": 0.001, "posttrain_num_epoch": 10, "posttrain_check_per_epoch": 1, "num_layers": 3, "num_bases": 4, "emb_dim": 32, "kge": "TransE", "gamma": 10, "adv_temp": 1, "gpu": "cpu", "seed": 1234, "ent_dim": 32, "rel_dim": 32, "data_path": "/home/afandi/GitRepos/KGNET/Datasets/YAGO_3-10_isConnectedTo_FG/YAGO_3-10_isConnectedTo_FG.pkl", "db_path": "/home/afandi/GitRepos/KGNET/Datasets/YAGO_3-10_isConnectedTo_FG_subgraph", "num_rel": 37}
2025-01-26 17:47:48 | YAGO_3-10_isConnectedTo_FG | df_test_g_train len=25724
2025-01-26 17:47:49 | YAGO_3-10_isConnectedTo_FG | df_train_g_test len=203625
2025-01-26 17:47:49 | YAGO_3-10_isConnectedTo_FG | df_train_g_train len=853222
2025-01-26 17:47:49 | YAGO_3-10_isConnectedTo_FG | df_train_g_valid len=13
2025-01-26 17:47:49 | YAGO_3-10_isConnectedTo_FG | df_test_g_valid len=2143
2025-01-26 17:47:51 | YAGO_3-10_isConnectedTo_FG | Sampling Time Sec=3.609011
2025-01-26 17:47:51 | YAGO_3-10_isConnectedTo_FG | {"dataset_name": "YAGO_3-10_isConnectedTo_FG", "name": "YAGO_3-10_isConnectedTo_FG", "root_path": "/home/afandi/GitRepos/KGNET/Datasets/", "loadTrainedModel": 1, "modelID": "YAGO_3-10_isConnectedTo_FG.model", "NUM_NODES": 3, "step": "meta_train", "metatrain_state": "/home/afandi/GitRepos/KGNET/Datasets/trained_models/MorSE.best", "state_dir": "/home/afandi/GitRepos/KGNET/Datasets/trained_models/MorSE", "log_dir": "./log", "tb_log_dir": "./tb_log", "num_train_subgraph": 10000, "num_valid_subgraph": 200, "num_sample_for_estimate_size": 50, "rw_0": 10, "rw_1": 10, "rw_2": 5, "num_sample_cand": 5, "metatrain_num_neg": 64, "metatrain_num_epoch": 1, "metatrain_bs": 64, "metatrain_lr": 0.01, "metatrain_check_per_step": 5, "indtest_eval_bs": 512, "posttrain_num_neg": 64, "posttrain_bs": 512, "posttrain_lr": 0.001, "posttrain_num_epoch": 10, "posttrain_check_per_epoch": 1, "num_layers": 3, "num_bases": 4, "emb_dim": 32, "kge": "TransE", "gamma": 10, "adv_temp": 1, "gpu": "cpu", "seed": 1234, "ent_dim": 32, "rel_dim": 32, "data_path": "/home/afandi/GitRepos/KGNET/Datasets/YAGO_3-10_isConnectedTo_FG/YAGO_3-10_isConnectedTo_FG.pkl", "db_path": "/home/afandi/GitRepos/KGNET/Datasets/YAGO_3-10_isConnectedTo_FG_subgraph", "num_rel": 37}
2025-01-26 17:48:08 | YAGO_3-10_isConnectedTo_FG | df_test_g_train len=25724
2025-01-26 17:48:08 | YAGO_3-10_isConnectedTo_FG | df_train_g_test len=203783
2025-01-26 17:48:08 | YAGO_3-10_isConnectedTo_FG | df_train_g_train len=853064
2025-01-26 17:48:08 | YAGO_3-10_isConnectedTo_FG | df_train_g_valid len=13
2025-01-26 17:48:08 | YAGO_3-10_isConnectedTo_FG | df_test_g_valid len=2143
2025-01-26 17:48:10 | YAGO_3-10_isConnectedTo_FG | Sampling Time Sec=3.512084
2025-01-26 17:48:11 | YAGO_3-10_isConnectedTo_FG | {"dataset_name": "YAGO_3-10_isConnectedTo_FG", "name": "YAGO_3-10_isConnectedTo_FG", "root_path": "/home/afandi/GitRepos/KGNET/Datasets/", "loadTrainedModel": 1, "modelID": "YAGO_3-10_isConnectedTo_FG.model", "NUM_NODES": 3, "step": "meta_train", "metatrain_state": "/home/afandi/GitRepos/KGNET/Datasets/trained_models/MorSE.best", "state_dir": "/home/afandi/GitRepos/KGNET/Datasets/trained_models/MorSE", "log_dir": "./log", "tb_log_dir": "./tb_log", "num_train_subgraph": 10000, "num_valid_subgraph": 200, "num_sample_for_estimate_size": 50, "rw_0": 10, "rw_1": 10, "rw_2": 5, "num_sample_cand": 5, "metatrain_num_neg": 64, "metatrain_num_epoch": 1, "metatrain_bs": 64, "metatrain_lr": 0.01, "metatrain_check_per_step": 5, "indtest_eval_bs": 512, "posttrain_num_neg": 64, "posttrain_bs": 512, "posttrain_lr": 0.001, "posttrain_num_epoch": 10, "posttrain_check_per_epoch": 1, "num_layers": 3, "num_bases": 4, "emb_dim": 32, "kge": "TransE", "gamma": 10, "adv_temp": 1, "gpu": "cpu", "seed": 1234, "ent_dim": 32, "rel_dim": 32, "data_path": "/home/afandi/GitRepos/KGNET/Datasets/YAGO_3-10_isConnectedTo_FG/YAGO_3-10_isConnectedTo_FG.pkl", "db_path": "/home/afandi/GitRepos/KGNET/Datasets/YAGO_3-10_isConnectedTo_FG_subgraph", "num_rel": 37}
2025-01-26 18:03:10 | YAGO_3-10_isConnectedTo_FG | df_test_g_train len=25724
2025-01-26 18:03:10 | YAGO_3-10_isConnectedTo_FG | df_train_g_test len=203872
2025-01-26 18:03:10 | YAGO_3-10_isConnectedTo_FG | df_train_g_train len=852975
2025-01-26 18:03:10 | YAGO_3-10_isConnectedTo_FG | df_train_g_valid len=13
2025-01-26 18:03:10 | YAGO_3-10_isConnectedTo_FG | df_test_g_valid len=2143
2025-01-26 18:03:13 | YAGO_3-10_isConnectedTo_FG | Sampling Time Sec=5.758507
2025-01-26 18:03:14 | YAGO_3-10_isConnectedTo_FG | {"dataset_name": "YAGO_3-10_isConnectedTo_FG", "name": "YAGO_3-10_isConnectedTo_FG", "root_path": "/home/afandi/GitRepos/KGNET/Datasets/", "loadTrainedModel": 1, "modelID": "YAGO_3-10_isConnectedTo_FG.model", "NUM_NODES": 100, "step": "meta_train", "metatrain_state": "/home/afandi/GitRepos/KGNET/Datasets/trained_models/MorSE.best", "state_dir": "/home/afandi/GitRepos/KGNET/Datasets/trained_models/MorSE", "log_dir": "./log", "tb_log_dir": "./tb_log", "num_train_subgraph": 10000, "num_valid_subgraph": 200, "num_sample_for_estimate_size": 50, "rw_0": 10, "rw_1": 10, "rw_2": 5, "num_sample_cand": 5, "metatrain_num_neg": 64, "metatrain_num_epoch": 1, "metatrain_bs": 64, "metatrain_lr": 0.01, "metatrain_check_per_step": 5, "indtest_eval_bs": 512, "posttrain_num_neg": 64, "posttrain_bs": 512, "posttrain_lr": 0.001, "posttrain_num_epoch": 10, "posttrain_check_per_epoch": 1, "num_layers": 3, "num_bases": 4, "emb_dim": 32, "kge": "TransE", "gamma": 10, "adv_temp": 1, "gpu": "cpu", "seed": 1234, "ent_dim": 32, "rel_dim": 32, "data_path": "/home/afandi/GitRepos/KGNET/Datasets/YAGO_3-10_isConnectedTo_FG/YAGO_3-10_isConnectedTo_FG.pkl", "db_path": "/home/afandi/GitRepos/KGNET/Datasets/YAGO_3-10_isConnectedTo_FG_subgraph", "num_rel": 37}
2025-01-26 18:06:48 | YAGO_3-10_isConnectedTo_FG | df_test_g_train len=25724
2025-01-26 18:06:48 | YAGO_3-10_isConnectedTo_FG | df_train_g_test len=203848
2025-01-26 18:06:48 | YAGO_3-10_isConnectedTo_FG | df_train_g_train len=852999
2025-01-26 18:06:48 | YAGO_3-10_isConnectedTo_FG | df_train_g_valid len=13
2025-01-26 18:06:48 | YAGO_3-10_isConnectedTo_FG | df_test_g_valid len=2143
2025-01-26 18:06:50 | YAGO_3-10_isConnectedTo_FG | Sampling Time Sec=5.88242
2025-01-26 18:06:51 | YAGO_3-10_isConnectedTo_FG | {"dataset_name": "YAGO_3-10_isConnectedTo_FG", "name": "YAGO_3-10_isConnectedTo_FG", "root_path": "/home/afandi/GitRepos/KGNET/Datasets/", "loadTrainedModel": 1, "modelID": "YAGO_3-10_isConnectedTo_FG.model", "NUM_NODES": 1000, "step": "meta_train", "metatrain_state": "/home/afandi/GitRepos/KGNET/Datasets/trained_models/MorSE.best", "state_dir": "/home/afandi/GitRepos/KGNET/Datasets/trained_models/MorSE", "log_dir": "./log", "tb_log_dir": "./tb_log", "num_train_subgraph": 10000, "num_valid_subgraph": 200, "num_sample_for_estimate_size": 50, "rw_0": 10, "rw_1": 10, "rw_2": 5, "num_sample_cand": 5, "metatrain_num_neg": 64, "metatrain_num_epoch": 1, "metatrain_bs": 64, "metatrain_lr": 0.01, "metatrain_check_per_step": 5, "indtest_eval_bs": 512, "posttrain_num_neg": 64, "posttrain_bs": 512, "posttrain_lr": 0.001, "posttrain_num_epoch": 10, "posttrain_check_per_epoch": 1, "num_layers": 3, "num_bases": 4, "emb_dim": 32, "kge": "TransE", "gamma": 10, "adv_temp": 1, "gpu": "cpu", "seed": 1234, "ent_dim": 32, "rel_dim": 32, "data_path": "/home/afandi/GitRepos/KGNET/Datasets/YAGO_3-10_isConnectedTo_FG/YAGO_3-10_isConnectedTo_FG.pkl", "db_path": "/home/afandi/GitRepos/KGNET/Datasets/YAGO_3-10_isConnectedTo_FG_subgraph", "num_rel": 37}
2025-01-26 22:00:38 | YAGO_3-10_isConnectedTo_FG | df_test_g_train len=25724
2025-01-26 22:00:38 | YAGO_3-10_isConnectedTo_FG | df_train_g_test len=203860
2025-01-26 22:00:38 | YAGO_3-10_isConnectedTo_FG | df_train_g_train len=852987
2025-01-26 22:00:38 | YAGO_3-10_isConnectedTo_FG | df_train_g_valid len=13
2025-01-26 22:00:38 | YAGO_3-10_isConnectedTo_FG | df_test_g_valid len=2143
2025-01-26 22:00:40 | YAGO_3-10_isConnectedTo_FG | Sampling Time Sec=5.643887
2025-01-26 22:00:41 | YAGO_3-10_isConnectedTo_FG | {"dataset_name": "YAGO_3-10_isConnectedTo_FG", "name": "YAGO_3-10_isConnectedTo_FG", "root_path": "/home/afandi/GitRepos/KGNET/Datasets/", "loadTrainedModel": 1, "modelID": "YAGO_3-10_isConnectedTo_FG.model", "NUM_NODES": -1, "step": "meta_train", "metatrain_state": "/home/afandi/GitRepos/KGNET/Datasets/trained_models/MorSE.best", "state_dir": "/home/afandi/GitRepos/KGNET/Datasets/trained_models/MorSE", "log_dir": "./log", "tb_log_dir": "./tb_log", "num_train_subgraph": 10000, "num_valid_subgraph": 200, "num_sample_for_estimate_size": 50, "rw_0": 10, "rw_1": 10, "rw_2": 5, "num_sample_cand": 5, "metatrain_num_neg": 64, "metatrain_num_epoch": 1, "metatrain_bs": 64, "metatrain_lr": 0.01, "metatrain_check_per_step": 5, "indtest_eval_bs": 512, "posttrain_num_neg": 64, "posttrain_bs": 512, "posttrain_lr": 0.001, "posttrain_num_epoch": 10, "posttrain_check_per_epoch": 1, "num_layers": 3, "num_bases": 4, "emb_dim": 32, "kge": "TransE", "gamma": 10, "adv_temp": 1, "gpu": "cpu", "seed": 1234, "ent_dim": 32, "rel_dim": 32, "data_path": "/home/afandi/GitRepos/KGNET/Datasets/YAGO_3-10_isConnectedTo_FG/YAGO_3-10_isConnectedTo_FG.pkl", "db_path": "/home/afandi/GitRepos/KGNET/Datasets/YAGO_3-10_isConnectedTo_FG_subgraph", "num_rel": 37}
2025-01-26 22:10:13 | YAGO_3-10_isConnectedTo_FG | df_test_g_train len=25724
2025-01-26 22:10:14 | YAGO_3-10_isConnectedTo_FG | df_train_g_test len=203975
2025-01-26 22:10:14 | YAGO_3-10_isConnectedTo_FG | df_train_g_train len=852872
2025-01-26 22:10:14 | YAGO_3-10_isConnectedTo_FG | df_train_g_valid len=13
2025-01-26 22:10:14 | YAGO_3-10_isConnectedTo_FG | df_test_g_valid len=2143
2025-01-26 22:10:16 | YAGO_3-10_isConnectedTo_FG | Sampling Time Sec=5.855259
2025-01-26 22:10:17 | YAGO_3-10_isConnectedTo_FG | {"dataset_name": "YAGO_3-10_isConnectedTo_FG", "name": "YAGO_3-10_isConnectedTo_FG", "root_path": "/home/afandi/GitRepos/KGNET/Datasets/", "loadTrainedModel": 1, "modelID": "YAGO_3-10_isConnectedTo_FG.model", "NUM_NODES": -1, "step": "meta_train", "metatrain_state": "/home/afandi/GitRepos/KGNET/Datasets/trained_models/MorSE.best", "state_dir": "/home/afandi/GitRepos/KGNET/Datasets/trained_models/MorSE", "log_dir": "./log", "tb_log_dir": "./tb_log", "num_train_subgraph": 10000, "num_valid_subgraph": 200, "num_sample_for_estimate_size": 50, "rw_0": 10, "rw_1": 10, "rw_2": 5, "num_sample_cand": 5, "metatrain_num_neg": 64, "metatrain_num_epoch": 1, "metatrain_bs": 64, "metatrain_lr": 0.01, "metatrain_check_per_step": 5, "indtest_eval_bs": 512, "posttrain_num_neg": 64, "posttrain_bs": 512, "posttrain_lr": 0.001, "posttrain_num_epoch": 10, "posttrain_check_per_epoch": 1, "num_layers": 3, "num_bases": 4, "emb_dim": 32, "kge": "TransE", "gamma": 10, "adv_temp": 1, "gpu": "cpu", "seed": 1234, "ent_dim": 32, "rel_dim": 32, "data_path": "/home/afandi/GitRepos/KGNET/Datasets/YAGO_3-10_isConnectedTo_FG/YAGO_3-10_isConnectedTo_FG.pkl", "db_path": "/home/afandi/GitRepos/KGNET/Datasets/YAGO_3-10_isConnectedTo_FG_subgraph", "num_rel": 37}
2025-01-26 22:10:47 | YAGO_3-10_isConnectedTo_FG | df_test_g_train len=25724
2025-01-26 22:10:47 | YAGO_3-10_isConnectedTo_FG | df_train_g_test len=203823
2025-01-26 22:10:47 | YAGO_3-10_isConnectedTo_FG | df_train_g_train len=853024
2025-01-26 22:10:47 | YAGO_3-10_isConnectedTo_FG | df_train_g_valid len=13
2025-01-26 22:10:47 | YAGO_3-10_isConnectedTo_FG | df_test_g_valid len=2143
2025-01-26 22:10:49 | YAGO_3-10_isConnectedTo_FG | Sampling Time Sec=5.700964
2025-01-26 22:10:50 | YAGO_3-10_isConnectedTo_FG | {"dataset_name": "YAGO_3-10_isConnectedTo_FG", "name": "YAGO_3-10_isConnectedTo_FG", "root_path": "/home/afandi/GitRepos/KGNET/Datasets/", "loadTrainedModel": 1, "modelID": "YAGO_3-10_isConnectedTo_FG.model", "NUM_NODES": -1, "step": "meta_train", "metatrain_state": "/home/afandi/GitRepos/KGNET/Datasets/trained_models/MorSE.best", "state_dir": "/home/afandi/GitRepos/KGNET/Datasets/trained_models/MorSE", "log_dir": "./log", "tb_log_dir": "./tb_log", "num_train_subgraph": 10000, "num_valid_subgraph": 200, "num_sample_for_estimate_size": 50, "rw_0": 10, "rw_1": 10, "rw_2": 5, "num_sample_cand": 5, "metatrain_num_neg": 64, "metatrain_num_epoch": 1, "metatrain_bs": 64, "metatrain_lr": 0.01, "metatrain_check_per_step": 5, "indtest_eval_bs": 512, "posttrain_num_neg": 64, "posttrain_bs": 512, "posttrain_lr": 0.001, "posttrain_num_epoch": 10, "posttrain_check_per_epoch": 1, "num_layers": 3, "num_bases": 4, "emb_dim": 32, "kge": "TransE", "gamma": 10, "adv_temp": 1, "gpu": "cpu", "seed": 1234, "ent_dim": 32, "rel_dim": 32, "data_path": "/home/afandi/GitRepos/KGNET/Datasets/YAGO_3-10_isConnectedTo_FG/YAGO_3-10_isConnectedTo_FG.pkl", "db_path": "/home/afandi/GitRepos/KGNET/Datasets/YAGO_3-10_isConnectedTo_FG_subgraph", "num_rel": 37}
2025-01-26 22:11:33 | YAGO_3-10_isConnectedTo_FG | df_test_g_train len=25724
2025-01-26 22:11:33 | YAGO_3-10_isConnectedTo_FG | df_train_g_test len=203656
2025-01-26 22:11:33 | YAGO_3-10_isConnectedTo_FG | df_train_g_train len=853191
2025-01-26 22:11:33 | YAGO_3-10_isConnectedTo_FG | df_train_g_valid len=13
2025-01-26 22:11:33 | YAGO_3-10_isConnectedTo_FG | df_test_g_valid len=2143
2025-01-26 22:11:36 | YAGO_3-10_isConnectedTo_FG | Sampling Time Sec=5.702107
2025-01-26 22:11:37 | YAGO_3-10_isConnectedTo_FG | {"dataset_name": "YAGO_3-10_isConnectedTo_FG", "name": "YAGO_3-10_isConnectedTo_FG", "root_path": "/home/afandi/GitRepos/KGNET/Datasets/", "loadTrainedModel": 1, "modelID": "YAGO_3-10_isConnectedTo_FG.model", "NUM_NODES": -1, "step": "meta_train", "metatrain_state": "/home/afandi/GitRepos/KGNET/Datasets/trained_models/MorSE.best", "state_dir": "/home/afandi/GitRepos/KGNET/Datasets/trained_models/MorSE", "log_dir": "./log", "tb_log_dir": "./tb_log", "num_train_subgraph": 10000, "num_valid_subgraph": 200, "num_sample_for_estimate_size": 50, "rw_0": 10, "rw_1": 10, "rw_2": 5, "num_sample_cand": 5, "metatrain_num_neg": 64, "metatrain_num_epoch": 1, "metatrain_bs": 64, "metatrain_lr": 0.01, "metatrain_check_per_step": 5, "indtest_eval_bs": 512, "posttrain_num_neg": 64, "posttrain_bs": 512, "posttrain_lr": 0.001, "posttrain_num_epoch": 10, "posttrain_check_per_epoch": 1, "num_layers": 3, "num_bases": 4, "emb_dim": 32, "kge": "TransE", "gamma": 10, "adv_temp": 1, "gpu": "cpu", "seed": 1234, "ent_dim": 32, "rel_dim": 32, "data_path": "/home/afandi/GitRepos/KGNET/Datasets/YAGO_3-10_isConnectedTo_FG/YAGO_3-10_isConnectedTo_FG.pkl", "db_path": "/home/afandi/GitRepos/KGNET/Datasets/YAGO_3-10_isConnectedTo_FG_subgraph", "num_rel": 37}
2025-01-26 22:16:37 | YAGO_3-10_isConnectedTo_FG | df_test_g_train len=25724
2025-01-26 22:16:38 | YAGO_3-10_isConnectedTo_FG | df_train_g_test len=203670
2025-01-26 22:16:38 | YAGO_3-10_isConnectedTo_FG | df_train_g_train len=853177
2025-01-26 22:16:38 | YAGO_3-10_isConnectedTo_FG | df_train_g_valid len=13
2025-01-26 22:16:38 | YAGO_3-10_isConnectedTo_FG | df_test_g_valid len=2143
2025-01-26 22:16:40 | YAGO_3-10_isConnectedTo_FG | Sampling Time Sec=5.792741
2025-01-26 22:16:41 | YAGO_3-10_isConnectedTo_FG | {"dataset_name": "YAGO_3-10_isConnectedTo_FG", "name": "YAGO_3-10_isConnectedTo_FG", "root_path": "/home/afandi/GitRepos/KGNET/Datasets/", "loadTrainedModel": 1, "modelID": "YAGO_3-10_isConnectedTo_FG.model", "NUM_NODES": -1, "step": "meta_train", "metatrain_state": "/home/afandi/GitRepos/KGNET/Datasets/trained_models/MorSE.best", "state_dir": "/home/afandi/GitRepos/KGNET/Datasets/trained_models/MorSE", "log_dir": "./log", "tb_log_dir": "./tb_log", "num_train_subgraph": 10000, "num_valid_subgraph": 200, "num_sample_for_estimate_size": 50, "rw_0": 10, "rw_1": 10, "rw_2": 5, "num_sample_cand": 5, "metatrain_num_neg": 64, "metatrain_num_epoch": 1, "metatrain_bs": 64, "metatrain_lr": 0.01, "metatrain_check_per_step": 5, "indtest_eval_bs": 512, "posttrain_num_neg": 64, "posttrain_bs": 512, "posttrain_lr": 0.001, "posttrain_num_epoch": 10, "posttrain_check_per_epoch": 1, "num_layers": 3, "num_bases": 4, "emb_dim": 32, "kge": "TransE", "gamma": 10, "adv_temp": 1, "gpu": "cpu", "seed": 1234, "ent_dim": 32, "rel_dim": 32, "data_path": "/home/afandi/GitRepos/KGNET/Datasets/YAGO_3-10_isConnectedTo_FG/YAGO_3-10_isConnectedTo_FG.pkl", "db_path": "/home/afandi/GitRepos/KGNET/Datasets/YAGO_3-10_isConnectedTo_FG_subgraph", "num_rel": 37}
2025-01-26 22:58:00 | YAGO_3-10_isConnectedTo_FG | df_test_g_train len=25724
2025-01-26 22:58:01 | YAGO_3-10_isConnectedTo_FG | df_train_g_test len=203837
2025-01-26 22:58:01 | YAGO_3-10_isConnectedTo_FG | df_train_g_train len=853010
2025-01-26 22:58:01 | YAGO_3-10_isConnectedTo_FG | df_train_g_valid len=13
2025-01-26 22:58:01 | YAGO_3-10_isConnectedTo_FG | df_test_g_valid len=2143
2025-01-26 22:58:03 | YAGO_3-10_isConnectedTo_FG | Sampling Time Sec=5.566105
2025-01-26 22:58:04 | YAGO_3-10_isConnectedTo_FG | {"dataset_name": "YAGO_3-10_isConnectedTo_FG", "name": "YAGO_3-10_isConnectedTo_FG", "root_path": "/home/afandi/GitRepos/KGNET/Datasets/", "loadTrainedModel": 1, "modelID": "YAGO_3-10_isConnectedTo_FG.model", "NUM_NODES": 100, "step": "meta_train", "metatrain_state": "/home/afandi/GitRepos/KGNET/Datasets/trained_models/MorSE.best", "state_dir": "/home/afandi/GitRepos/KGNET/Datasets/trained_models/MorSE", "log_dir": "./log", "tb_log_dir": "./tb_log", "num_train_subgraph": 10000, "num_valid_subgraph": 200, "num_sample_for_estimate_size": 50, "rw_0": 10, "rw_1": 10, "rw_2": 5, "num_sample_cand": 5, "metatrain_num_neg": 64, "metatrain_num_epoch": 1, "metatrain_bs": 64, "metatrain_lr": 0.01, "metatrain_check_per_step": 5, "indtest_eval_bs": 512, "posttrain_num_neg": 64, "posttrain_bs": 512, "posttrain_lr": 0.001, "posttrain_num_epoch": 10, "posttrain_check_per_epoch": 1, "num_layers": 3, "num_bases": 4, "emb_dim": 32, "kge": "TransE", "gamma": 10, "adv_temp": 1, "gpu": "cpu", "seed": 1234, "ent_dim": 32, "rel_dim": 32, "data_path": "/home/afandi/GitRepos/KGNET/Datasets/YAGO_3-10_isConnectedTo_FG/YAGO_3-10_isConnectedTo_FG.pkl", "db_path": "/home/afandi/GitRepos/KGNET/Datasets/YAGO_3-10_isConnectedTo_FG_subgraph", "num_rel": 37}
2025-01-26 23:01:12 | YAGO_3-10_isConnectedTo_FG | df_test_g_train len=25724
2025-01-26 23:01:12 | YAGO_3-10_isConnectedTo_FG | df_train_g_test len=203834
2025-01-26 23:01:12 | YAGO_3-10_isConnectedTo_FG | df_train_g_train len=853013
2025-01-26 23:01:12 | YAGO_3-10_isConnectedTo_FG | df_train_g_valid len=13
2025-01-26 23:01:12 | YAGO_3-10_isConnectedTo_FG | df_test_g_valid len=2143
2025-01-26 23:01:14 | YAGO_3-10_isConnectedTo_FG | Sampling Time Sec=5.608056
2025-01-26 23:01:15 | YAGO_3-10_isConnectedTo_FG | {"dataset_name": "YAGO_3-10_isConnectedTo_FG", "name": "YAGO_3-10_isConnectedTo_FG", "root_path": "/home/afandi/GitRepos/KGNET/Datasets/", "loadTrainedModel": 1, "modelID": "YAGO_3-10_isConnectedTo_FG.model", "NUM_NODES": 100, "step": "meta_train", "metatrain_state": "/home/afandi/GitRepos/KGNET/Datasets/trained_models/MorSE.best", "state_dir": "/home/afandi/GitRepos/KGNET/Datasets/trained_models/MorSE", "log_dir": "./log", "tb_log_dir": "./tb_log", "num_train_subgraph": 10000, "num_valid_subgraph": 200, "num_sample_for_estimate_size": 50, "rw_0": 10, "rw_1": 10, "rw_2": 5, "num_sample_cand": 5, "metatrain_num_neg": 64, "metatrain_num_epoch": 1, "metatrain_bs": 64, "metatrain_lr": 0.01, "metatrain_check_per_step": 5, "indtest_eval_bs": 512, "posttrain_num_neg": 64, "posttrain_bs": 512, "posttrain_lr": 0.001, "posttrain_num_epoch": 10, "posttrain_check_per_epoch": 1, "num_layers": 3, "num_bases": 4, "emb_dim": 32, "kge": "TransE", "gamma": 10, "adv_temp": 1, "gpu": "cpu", "seed": 1234, "ent_dim": 32, "rel_dim": 32, "data_path": "/home/afandi/GitRepos/KGNET/Datasets/YAGO_3-10_isConnectedTo_FG/YAGO_3-10_isConnectedTo_FG.pkl", "db_path": "/home/afandi/GitRepos/KGNET/Datasets/YAGO_3-10_isConnectedTo_FG_subgraph", "num_rel": 37}
2025-01-27 13:05:00 | YAGO_3-10_isConnectedTo_FG | df_test_g_train len=25724
2025-01-27 13:05:00 | YAGO_3-10_isConnectedTo_FG | df_train_g_test len=203730
2025-01-27 13:05:00 | YAGO_3-10_isConnectedTo_FG | df_train_g_train len=853117
2025-01-27 13:05:00 | YAGO_3-10_isConnectedTo_FG | df_train_g_valid len=13
2025-01-27 13:05:00 | YAGO_3-10_isConnectedTo_FG | df_test_g_valid len=2143
2025-01-27 13:05:07 | YAGO_3-10_isConnectedTo_FG | Sampling Time Sec=26.780422
2025-01-27 13:05:34 | YAGO_3-10_isConnectedTo_FG | {"dataset_name": "YAGO_3-10_isConnectedTo_FG", "name": "YAGO_3-10_isConnectedTo_FG", "root_path": "/home/afandi/GitRepos/KGNET/Datasets/", "loadTrainedModel": 0, "modelID": "YAGO_3-10_isConnectedTo_FG.model", "NUM_NODES": 100, "step": "meta_train", "metatrain_state": "/home/afandi/GitRepos/KGNET/Datasets/trained_models/MorSE.best", "state_dir": "/home/afandi/GitRepos/KGNET/Datasets/trained_models/MorSE", "log_dir": "./log", "tb_log_dir": "./tb_log", "num_train_subgraph": 10000, "num_valid_subgraph": 200, "num_sample_for_estimate_size": 50, "rw_0": 10, "rw_1": 10, "rw_2": 5, "num_sample_cand": 5, "metatrain_num_neg": 64, "metatrain_num_epoch": 1, "metatrain_bs": 64, "metatrain_lr": 0.01, "metatrain_check_per_step": 5, "indtest_eval_bs": 512, "posttrain_num_neg": 64, "posttrain_bs": 512, "posttrain_lr": 0.001, "posttrain_num_epoch": 10, "posttrain_check_per_epoch": 1, "num_layers": 3, "num_bases": 4, "emb_dim": 32, "kge": "TransE", "gamma": 10, "adv_temp": 1, "gpu": "cpu", "seed": 1234, "ent_dim": 32, "rel_dim": 32, "data_path": "/home/afandi/GitRepos/KGNET/Datasets/YAGO_3-10_isConnectedTo_FG/YAGO_3-10_isConnectedTo_FG.pkl", "db_path": "/home/afandi/GitRepos/KGNET/Datasets/YAGO_3-10_isConnectedTo_FG_subgraph", "num_rel": 37}
2025-01-27 13:21:22 | YAGO_3-10_isConnectedTo_FG | df_test_g_train len=25724
2025-01-27 13:21:46 | YAGO_3-10_isConnectedTo_FG | df_train_g_test len=203924
2025-01-27 13:21:53 | YAGO_3-10_isConnectedTo_FG | df_train_g_train len=852923
2025-01-27 13:22:16 | YAGO_3-10_isConnectedTo_FG | df_train_g_valid len=13
2025-01-27 13:23:01 | YAGO_3-10_isConnectedTo_FG | df_test_g_valid len=2143
2025-01-27 13:58:01 | YAGO_3-10_isConnectedTo_FG | df_test_g_train len=25724
2025-01-27 13:58:02 | YAGO_3-10_isConnectedTo_FG | df_train_g_test len=203833
2025-01-27 13:58:02 | YAGO_3-10_isConnectedTo_FG | df_train_g_train len=853014
2025-01-27 13:58:02 | YAGO_3-10_isConnectedTo_FG | df_train_g_valid len=13
2025-01-27 13:58:02 | YAGO_3-10_isConnectedTo_FG | df_test_g_valid len=2143
2025-01-27 14:01:20 | YAGO_3-10_isConnectedTo_FG | df_test_g_train len=25724
2025-01-27 14:01:20 | YAGO_3-10_isConnectedTo_FG | df_train_g_test len=203858
2025-01-27 14:01:20 | YAGO_3-10_isConnectedTo_FG | df_train_g_train len=852989
2025-01-27 14:01:20 | YAGO_3-10_isConnectedTo_FG | df_train_g_valid len=13
2025-01-27 14:01:20 | YAGO_3-10_isConnectedTo_FG | df_test_g_valid len=2143
2025-01-27 14:04:22 | YAGO_3-10_isConnectedTo_FG | df_test_g_train len=25724
2025-01-27 14:04:22 | YAGO_3-10_isConnectedTo_FG | df_train_g_test len=203818
2025-01-27 14:04:22 | YAGO_3-10_isConnectedTo_FG | df_train_g_train len=853029
2025-01-27 14:04:22 | YAGO_3-10_isConnectedTo_FG | df_train_g_valid len=13
2025-01-27 14:04:22 | YAGO_3-10_isConnectedTo_FG | df_test_g_valid len=2143
2025-01-27 14:16:36 | YAGO_3-10_isConnectedTo_FG | df_test_g_train len=25724
2025-01-27 14:16:37 | YAGO_3-10_isConnectedTo_FG | df_train_g_test len=203938
2025-01-27 14:16:37 | YAGO_3-10_isConnectedTo_FG | df_train_g_train len=852909
2025-01-27 14:16:37 | YAGO_3-10_isConnectedTo_FG | df_train_g_valid len=13
2025-01-27 14:16:37 | YAGO_3-10_isConnectedTo_FG | df_test_g_valid len=2143
2025-01-27 14:25:24 | YAGO_3-10_isConnectedTo_FG | df_test_g_train len=25724
2025-01-27 14:25:24 | YAGO_3-10_isConnectedTo_FG | df_train_g_test len=203912
2025-01-27 14:25:24 | YAGO_3-10_isConnectedTo_FG | df_train_g_train len=852935
2025-01-27 14:25:24 | YAGO_3-10_isConnectedTo_FG | df_train_g_valid len=13
2025-01-27 14:25:24 | YAGO_3-10_isConnectedTo_FG | df_test_g_valid len=2143
2025-01-27 14:25:26 | YAGO_3-10_isConnectedTo_FG | Sampling Time Sec=5.681814
2025-01-27 14:25:27 | YAGO_3-10_isConnectedTo_FG | {"dataset_name": "YAGO_3-10_isConnectedTo_FG", "name": "YAGO_3-10_isConnectedTo_FG", "root_path": "/home/afandi/GitRepos/KGNET/Datasets/", "loadTrainedModel": 1, "modelID": "YAGO_3-10_isConnectedTo_FG.model", "NUM_NODES": 100, "step": "meta_train", "metatrain_state": "/home/afandi/GitRepos/KGNET/Datasets/trained_models/MorSE.best", "state_dir": "/home/afandi/GitRepos/KGNET/Datasets/trained_models/MorSE", "log_dir": "./log", "tb_log_dir": "./tb_log", "num_train_subgraph": 10000, "num_valid_subgraph": 200, "num_sample_for_estimate_size": 50, "rw_0": 10, "rw_1": 10, "rw_2": 5, "num_sample_cand": 5, "metatrain_num_neg": 64, "metatrain_num_epoch": 1, "metatrain_bs": 64, "metatrain_lr": 0.01, "metatrain_check_per_step": 5, "indtest_eval_bs": 512, "posttrain_num_neg": 64, "posttrain_bs": 512, "posttrain_lr": 0.001, "posttrain_num_epoch": 10, "posttrain_check_per_epoch": 1, "num_layers": 3, "num_bases": 4, "emb_dim": 32, "kge": "TransE", "gamma": 10, "adv_temp": 1, "gpu": "cpu", "seed": 1234, "ent_dim": 32, "rel_dim": 32, "data_path": "/home/afandi/GitRepos/KGNET/Datasets/YAGO_3-10_isConnectedTo_FG/YAGO_3-10_isConnectedTo_FG.pkl", "db_path": "/home/afandi/GitRepos/KGNET/Datasets/YAGO_3-10_isConnectedTo_FG_subgraph", "num_rel": 37}
2025-01-27 14:27:56 | YAGO_3-10_isConnectedTo_FG | df_test_g_train len=25724
2025-01-27 14:27:56 | YAGO_3-10_isConnectedTo_FG | df_train_g_test len=203670
2025-01-27 14:27:56 | YAGO_3-10_isConnectedTo_FG | df_train_g_train len=853177
2025-01-27 14:27:56 | YAGO_3-10_isConnectedTo_FG | df_train_g_valid len=13
2025-01-27 14:27:56 | YAGO_3-10_isConnectedTo_FG | df_test_g_valid len=2143
2025-01-27 14:27:58 | YAGO_3-10_isConnectedTo_FG | Sampling Time Sec=5.747864
2025-01-27 14:27:59 | YAGO_3-10_isConnectedTo_FG | {"dataset_name": "YAGO_3-10_isConnectedTo_FG", "name": "YAGO_3-10_isConnectedTo_FG", "root_path": "/home/afandi/GitRepos/KGNET/Datasets/", "loadTrainedModel": 1, "modelID": "YAGO_3-10_isConnectedTo_FG.model", "NUM_NODES": 100, "step": "meta_train", "metatrain_state": "/home/afandi/GitRepos/KGNET/Datasets/trained_models/MorSE.best", "state_dir": "/home/afandi/GitRepos/KGNET/Datasets/trained_models/MorSE", "log_dir": "./log", "tb_log_dir": "./tb_log", "num_train_subgraph": 10000, "num_valid_subgraph": 200, "num_sample_for_estimate_size": 50, "rw_0": 10, "rw_1": 10, "rw_2": 5, "num_sample_cand": 5, "metatrain_num_neg": 64, "metatrain_num_epoch": 1, "metatrain_bs": 64, "metatrain_lr": 0.01, "metatrain_check_per_step": 5, "indtest_eval_bs": 512, "posttrain_num_neg": 64, "posttrain_bs": 512, "posttrain_lr": 0.001, "posttrain_num_epoch": 10, "posttrain_check_per_epoch": 1, "num_layers": 3, "num_bases": 4, "emb_dim": 32, "kge": "TransE", "gamma": 10, "adv_temp": 1, "gpu": "cpu", "seed": 1234, "ent_dim": 32, "rel_dim": 32, "data_path": "/home/afandi/GitRepos/KGNET/Datasets/YAGO_3-10_isConnectedTo_FG/YAGO_3-10_isConnectedTo_FG.pkl", "db_path": "/home/afandi/GitRepos/KGNET/Datasets/YAGO_3-10_isConnectedTo_FG_subgraph", "num_rel": 37}
2025-01-27 15:10:41 | YAGO_3-10_isConnectedTo_FG | df_test_g_train len=25724
2025-01-27 15:10:41 | YAGO_3-10_isConnectedTo_FG | df_train_g_test len=203826
2025-01-27 15:10:41 | YAGO_3-10_isConnectedTo_FG | df_train_g_train len=853021
2025-01-27 15:10:41 | YAGO_3-10_isConnectedTo_FG | df_train_g_valid len=13
2025-01-27 15:10:41 | YAGO_3-10_isConnectedTo_FG | df_test_g_valid len=2143
2025-01-27 15:26:09 | YAGO_3-10_isConnectedTo_FG | Sampling Time Sec=931.312134
2025-01-27 15:26:09 | YAGO_3-10_isConnectedTo_FG | {"dataset_name": "YAGO_3-10_isConnectedTo_FG", "name": "YAGO_3-10_isConnectedTo_FG", "root_path": "/home/afandi/GitRepos/KGNET/Datasets/", "loadTrainedModel": 1, "modelID": "YAGO_3-10_isConnectedTo_FG.model", "NUM_NODES": 100, "step": "meta_train", "metatrain_state": "/home/afandi/GitRepos/KGNET/Datasets/trained_models/MorSE.best", "state_dir": "/home/afandi/GitRepos/KGNET/Datasets/trained_models/MorSE", "log_dir": "./log", "tb_log_dir": "./tb_log", "num_train_subgraph": 10000, "num_valid_subgraph": 200, "num_sample_for_estimate_size": 50, "rw_0": 10, "rw_1": 10, "rw_2": 5, "num_sample_cand": 5, "metatrain_num_neg": 64, "metatrain_num_epoch": 1, "metatrain_bs": 64, "metatrain_lr": 0.01, "metatrain_check_per_step": 5, "indtest_eval_bs": 512, "posttrain_num_neg": 64, "posttrain_bs": 512, "posttrain_lr": 0.001, "posttrain_num_epoch": 10, "posttrain_check_per_epoch": 1, "num_layers": 3, "num_bases": 4, "emb_dim": 32, "kge": "TransE", "gamma": 10, "adv_temp": 1, "gpu": "cpu", "seed": 1234, "ent_dim": 32, "rel_dim": 32, "data_path": "/home/afandi/GitRepos/KGNET/Datasets/YAGO_3-10_isConnectedTo_FG/YAGO_3-10_isConnectedTo_FG.pkl", "db_path": "/home/afandi/GitRepos/KGNET/Datasets/YAGO_3-10_isConnectedTo_FG_subgraph", "num_rel": 37}
2025-01-27 15:28:33 | YAGO_3-10_isConnectedTo_FG | df_test_g_train len=25724
2025-01-27 15:28:34 | YAGO_3-10_isConnectedTo_FG | df_train_g_test len=203828
2025-01-27 15:28:34 | YAGO_3-10_isConnectedTo_FG | df_train_g_train len=853019
2025-01-27 15:28:34 | YAGO_3-10_isConnectedTo_FG | df_train_g_valid len=13
2025-01-27 15:28:34 | YAGO_3-10_isConnectedTo_FG | df_test_g_valid len=2143
2025-01-27 15:40:07 | YAGO_3-10_isConnectedTo_FG | df_test_g_train len=25724
2025-01-27 15:40:07 | YAGO_3-10_isConnectedTo_FG | df_train_g_test len=203672
2025-01-27 15:40:07 | YAGO_3-10_isConnectedTo_FG | df_train_g_train len=853175
2025-01-27 15:40:07 | YAGO_3-10_isConnectedTo_FG | df_train_g_valid len=13
2025-01-27 15:40:07 | YAGO_3-10_isConnectedTo_FG | df_test_g_valid len=2143
2025-01-27 15:40:14 | YAGO_3-10_isConnectedTo_FG | Sampling Time Sec=10.384044
2025-01-27 15:40:15 | YAGO_3-10_isConnectedTo_FG | {"dataset_name": "YAGO_3-10_isConnectedTo_FG", "name": "YAGO_3-10_isConnectedTo_FG", "root_path": "/home/afandi/GitRepos/KGNET/Datasets/", "loadTrainedModel": 1, "modelID": "YAGO_3-10_isConnectedTo_FG.model", "NUM_NODES": 100, "step": "meta_train", "metatrain_state": "/home/afandi/GitRepos/KGNET/Datasets/trained_models/MorSE.best", "state_dir": "/home/afandi/GitRepos/KGNET/Datasets/trained_models/MorSE", "log_dir": "./log", "tb_log_dir": "./tb_log", "num_train_subgraph": 10000, "num_valid_subgraph": 200, "num_sample_for_estimate_size": 50, "rw_0": 10, "rw_1": 10, "rw_2": 5, "num_sample_cand": 5, "metatrain_num_neg": 64, "metatrain_num_epoch": 1, "metatrain_bs": 64, "metatrain_lr": 0.01, "metatrain_check_per_step": 5, "indtest_eval_bs": 512, "posttrain_num_neg": 64, "posttrain_bs": 512, "posttrain_lr": 0.001, "posttrain_num_epoch": 10, "posttrain_check_per_epoch": 1, "num_layers": 3, "num_bases": 4, "emb_dim": 32, "kge": "TransE", "gamma": 10, "adv_temp": 1, "gpu": "cpu", "seed": 1234, "ent_dim": 32, "rel_dim": 32, "data_path": "/home/afandi/GitRepos/KGNET/Datasets/YAGO_3-10_isConnectedTo_FG/YAGO_3-10_isConnectedTo_FG.pkl", "db_path": "/home/afandi/GitRepos/KGNET/Datasets/YAGO_3-10_isConnectedTo_FG_subgraph", "num_rel": 37}
2025-01-27 15:41:31 | YAGO_3-10_isConnectedTo_FG | df_test_g_train len=25724
2025-01-27 15:41:31 | YAGO_3-10_isConnectedTo_FG | df_train_g_test len=203758
2025-01-27 15:41:31 | YAGO_3-10_isConnectedTo_FG | df_train_g_train len=853089
2025-01-27 15:41:31 | YAGO_3-10_isConnectedTo_FG | df_train_g_valid len=13
2025-01-27 15:41:31 | YAGO_3-10_isConnectedTo_FG | df_test_g_valid len=2143
2025-01-27 15:41:46 | YAGO_3-10_isConnectedTo_FG | Sampling Time Sec=18.440274
2025-01-27 15:41:47 | YAGO_3-10_isConnectedTo_FG | {"dataset_name": "YAGO_3-10_isConnectedTo_FG", "name": "YAGO_3-10_isConnectedTo_FG", "root_path": "/home/afandi/GitRepos/KGNET/Datasets/", "loadTrainedModel": 1, "modelID": "YAGO_3-10_isConnectedTo_FG.model", "NUM_NODES": 100, "step": "meta_train", "metatrain_state": "/home/afandi/GitRepos/KGNET/Datasets/trained_models/MorSE.best", "state_dir": "/home/afandi/GitRepos/KGNET/Datasets/trained_models/MorSE", "log_dir": "./log", "tb_log_dir": "./tb_log", "num_train_subgraph": 10000, "num_valid_subgraph": 200, "num_sample_for_estimate_size": 50, "rw_0": 10, "rw_1": 10, "rw_2": 5, "num_sample_cand": 5, "metatrain_num_neg": 64, "metatrain_num_epoch": 1, "metatrain_bs": 64, "metatrain_lr": 0.01, "metatrain_check_per_step": 5, "indtest_eval_bs": 512, "posttrain_num_neg": 64, "posttrain_bs": 512, "posttrain_lr": 0.001, "posttrain_num_epoch": 10, "posttrain_check_per_epoch": 1, "num_layers": 3, "num_bases": 4, "emb_dim": 32, "kge": "TransE", "gamma": 10, "adv_temp": 1, "gpu": "cpu", "seed": 1234, "ent_dim": 32, "rel_dim": 32, "data_path": "/home/afandi/GitRepos/KGNET/Datasets/YAGO_3-10_isConnectedTo_FG/YAGO_3-10_isConnectedTo_FG.pkl", "db_path": "/home/afandi/GitRepos/KGNET/Datasets/YAGO_3-10_isConnectedTo_FG_subgraph", "num_rel": 37}
2025-01-27 15:43:35 | YAGO_3-10_isConnectedTo_FG | df_test_g_train len=25724
2025-01-27 15:43:35 | YAGO_3-10_isConnectedTo_FG | df_train_g_test len=203637
2025-01-27 15:43:35 | YAGO_3-10_isConnectedTo_FG | df_train_g_train len=853210
2025-01-27 15:43:35 | YAGO_3-10_isConnectedTo_FG | df_train_g_valid len=13
2025-01-27 15:43:35 | YAGO_3-10_isConnectedTo_FG | df_test_g_valid len=2143
2025-01-27 15:43:40 | YAGO_3-10_isConnectedTo_FG | Sampling Time Sec=8.590424
2025-01-27 15:43:41 | YAGO_3-10_isConnectedTo_FG | {"dataset_name": "YAGO_3-10_isConnectedTo_FG", "name": "YAGO_3-10_isConnectedTo_FG", "root_path": "/home/afandi/GitRepos/KGNET/Datasets/", "loadTrainedModel": 1, "modelID": "YAGO_3-10_isConnectedTo_FG.model", "NUM_NODES": 100, "step": "meta_train", "metatrain_state": "/home/afandi/GitRepos/KGNET/Datasets/trained_models/MorSE.best", "state_dir": "/home/afandi/GitRepos/KGNET/Datasets/trained_models/MorSE", "log_dir": "./log", "tb_log_dir": "./tb_log", "num_train_subgraph": 10000, "num_valid_subgraph": 200, "num_sample_for_estimate_size": 50, "rw_0": 10, "rw_1": 10, "rw_2": 5, "num_sample_cand": 5, "metatrain_num_neg": 64, "metatrain_num_epoch": 1, "metatrain_bs": 64, "metatrain_lr": 0.01, "metatrain_check_per_step": 5, "indtest_eval_bs": 512, "posttrain_num_neg": 64, "posttrain_bs": 512, "posttrain_lr": 0.001, "posttrain_num_epoch": 10, "posttrain_check_per_epoch": 1, "num_layers": 3, "num_bases": 4, "emb_dim": 32, "kge": "TransE", "gamma": 10, "adv_temp": 1, "gpu": "cpu", "seed": 1234, "ent_dim": 32, "rel_dim": 32, "data_path": "/home/afandi/GitRepos/KGNET/Datasets/YAGO_3-10_isConnectedTo_FG/YAGO_3-10_isConnectedTo_FG.pkl", "db_path": "/home/afandi/GitRepos/KGNET/Datasets/YAGO_3-10_isConnectedTo_FG_subgraph", "num_rel": 37}
2025-01-27 15:44:48 | YAGO_3-10_isConnectedTo_FG | df_test_g_train len=25724
2025-01-27 15:44:48 | YAGO_3-10_isConnectedTo_FG | df_train_g_test len=203807
2025-01-27 15:44:48 | YAGO_3-10_isConnectedTo_FG | df_train_g_train len=853040
2025-01-27 15:44:48 | YAGO_3-10_isConnectedTo_FG | df_train_g_valid len=13
2025-01-27 15:44:48 | YAGO_3-10_isConnectedTo_FG | df_test_g_valid len=2143
2025-01-27 15:44:52 | YAGO_3-10_isConnectedTo_FG | Sampling Time Sec=7.318338
2025-01-27 15:44:53 | YAGO_3-10_isConnectedTo_FG | {"dataset_name": "YAGO_3-10_isConnectedTo_FG", "name": "YAGO_3-10_isConnectedTo_FG", "root_path": "/home/afandi/GitRepos/KGNET/Datasets/", "loadTrainedModel": 1, "modelID": "YAGO_3-10_isConnectedTo_FG.model", "NUM_NODES": 100, "step": "meta_train", "metatrain_state": "/home/afandi/GitRepos/KGNET/Datasets/trained_models/MorSE.best", "state_dir": "/home/afandi/GitRepos/KGNET/Datasets/trained_models/MorSE", "log_dir": "./log", "tb_log_dir": "./tb_log", "num_train_subgraph": 10000, "num_valid_subgraph": 200, "num_sample_for_estimate_size": 50, "rw_0": 10, "rw_1": 10, "rw_2": 5, "num_sample_cand": 5, "metatrain_num_neg": 64, "metatrain_num_epoch": 1, "metatrain_bs": 64, "metatrain_lr": 0.01, "metatrain_check_per_step": 5, "indtest_eval_bs": 512, "posttrain_num_neg": 64, "posttrain_bs": 512, "posttrain_lr": 0.001, "posttrain_num_epoch": 10, "posttrain_check_per_epoch": 1, "num_layers": 3, "num_bases": 4, "emb_dim": 32, "kge": "TransE", "gamma": 10, "adv_temp": 1, "gpu": "cpu", "seed": 1234, "ent_dim": 32, "rel_dim": 32, "data_path": "/home/afandi/GitRepos/KGNET/Datasets/YAGO_3-10_isConnectedTo_FG/YAGO_3-10_isConnectedTo_FG.pkl", "db_path": "/home/afandi/GitRepos/KGNET/Datasets/YAGO_3-10_isConnectedTo_FG_subgraph", "num_rel": 37}
2025-01-27 15:45:21 | YAGO_3-10_isConnectedTo_FG | df_test_g_train len=25724
2025-01-27 15:45:21 | YAGO_3-10_isConnectedTo_FG | df_train_g_test len=203695
2025-01-27 15:45:21 | YAGO_3-10_isConnectedTo_FG | df_train_g_train len=853152
2025-01-27 15:45:21 | YAGO_3-10_isConnectedTo_FG | df_train_g_valid len=13
2025-01-27 15:45:21 | YAGO_3-10_isConnectedTo_FG | df_test_g_valid len=2143
2025-01-27 15:45:25 | YAGO_3-10_isConnectedTo_FG | Sampling Time Sec=7.622496
2025-01-27 15:45:26 | YAGO_3-10_isConnectedTo_FG | {"dataset_name": "YAGO_3-10_isConnectedTo_FG", "name": "YAGO_3-10_isConnectedTo_FG", "root_path": "/home/afandi/GitRepos/KGNET/Datasets/", "loadTrainedModel": 1, "modelID": "YAGO_3-10_isConnectedTo_FG.model", "NUM_NODES": 100, "step": "meta_train", "metatrain_state": "/home/afandi/GitRepos/KGNET/Datasets/trained_models/MorSE.best", "state_dir": "/home/afandi/GitRepos/KGNET/Datasets/trained_models/MorSE", "log_dir": "./log", "tb_log_dir": "./tb_log", "num_train_subgraph": 10000, "num_valid_subgraph": 200, "num_sample_for_estimate_size": 50, "rw_0": 10, "rw_1": 10, "rw_2": 5, "num_sample_cand": 5, "metatrain_num_neg": 64, "metatrain_num_epoch": 1, "metatrain_bs": 64, "metatrain_lr": 0.01, "metatrain_check_per_step": 5, "indtest_eval_bs": 512, "posttrain_num_neg": 64, "posttrain_bs": 512, "posttrain_lr": 0.001, "posttrain_num_epoch": 10, "posttrain_check_per_epoch": 1, "num_layers": 3, "num_bases": 4, "emb_dim": 32, "kge": "TransE", "gamma": 10, "adv_temp": 1, "gpu": "cpu", "seed": 1234, "ent_dim": 32, "rel_dim": 32, "data_path": "/home/afandi/GitRepos/KGNET/Datasets/YAGO_3-10_isConnectedTo_FG/YAGO_3-10_isConnectedTo_FG.pkl", "db_path": "/home/afandi/GitRepos/KGNET/Datasets/YAGO_3-10_isConnectedTo_FG_subgraph", "num_rel": 37}
2025-01-28 11:59:20 | YAGO_3-10_isConnectedTo_FG | Sampling Time Sec=43.091565
2025-01-28 12:04:44 | YAGO_3-10_isConnectedTo_FG | df_test_g_train len=25724
2025-01-28 12:04:44 | YAGO_3-10_isConnectedTo_FG | df_train_g_test len=203798
2025-01-28 12:04:44 | YAGO_3-10_isConnectedTo_FG | df_train_g_train len=853049
2025-01-28 12:04:44 | YAGO_3-10_isConnectedTo_FG | df_train_g_valid len=13
2025-01-28 12:04:44 | YAGO_3-10_isConnectedTo_FG | df_test_g_valid len=2143
2025-01-28 12:04:59 | YAGO_3-10_isConnectedTo_FG | Sampling Time Sec=18.625954
2025-01-28 12:04:59 | YAGO_3-10_isConnectedTo_FG | {"dataset_name": "YAGO_3-10_isConnectedTo_FG", "name": "YAGO_3-10_isConnectedTo_FG", "root_path": "/home/afandi/GitRepos/KGNET/Datasets/", "loadTrainedModel": 1, "modelID": "YAGO_3-10_isConnectedTo_FG.model", "NUM_NODES": 100, "step": "meta_train", "metatrain_state": "/home/afandi/GitRepos/KGNET/Datasets/trained_models/MorSE.best", "state_dir": "/home/afandi/GitRepos/KGNET/Datasets/trained_models/MorSE", "log_dir": "./log", "tb_log_dir": "./tb_log", "num_train_subgraph": 10000, "num_valid_subgraph": 200, "num_sample_for_estimate_size": 50, "rw_0": 10, "rw_1": 10, "rw_2": 5, "num_sample_cand": 5, "metatrain_num_neg": 64, "metatrain_num_epoch": 1, "metatrain_bs": 64, "metatrain_lr": 0.01, "metatrain_check_per_step": 5, "indtest_eval_bs": 512, "posttrain_num_neg": 64, "posttrain_bs": 512, "posttrain_lr": 0.001, "posttrain_num_epoch": 10, "posttrain_check_per_epoch": 1, "num_layers": 3, "num_bases": 4, "emb_dim": 32, "kge": "TransE", "gamma": 10, "adv_temp": 1, "gpu": "cpu", "seed": 1234, "ent_dim": 32, "rel_dim": 32, "data_path": "/home/afandi/GitRepos/KGNET/Datasets/YAGO_3-10_isConnectedTo_FG/YAGO_3-10_isConnectedTo_FG.pkl", "db_path": "/home/afandi/GitRepos/KGNET/Datasets/YAGO_3-10_isConnectedTo_FG_subgraph"}
2025-01-28 12:06:40 | YAGO_3-10_isConnectedTo_FG | df_test_g_train len=25724
2025-01-28 12:06:40 | YAGO_3-10_isConnectedTo_FG | df_train_g_test len=203826
2025-01-28 12:06:40 | YAGO_3-10_isConnectedTo_FG | df_train_g_train len=853021
2025-01-28 12:06:40 | YAGO_3-10_isConnectedTo_FG | df_train_g_valid len=13
2025-01-28 12:06:40 | YAGO_3-10_isConnectedTo_FG | df_test_g_valid len=2143
2025-01-28 12:06:42 | YAGO_3-10_isConnectedTo_FG | Sampling Time Sec=5.794048
2025-01-28 12:06:42 | YAGO_3-10_isConnectedTo_FG | {"dataset_name": "YAGO_3-10_isConnectedTo_FG", "name": "YAGO_3-10_isConnectedTo_FG", "root_path": "/home/afandi/GitRepos/KGNET/Datasets/", "loadTrainedModel": 1, "modelID": "YAGO_3-10_isConnectedTo_FG.model", "NUM_NODES": 100, "step": "meta_train", "metatrain_state": "/home/afandi/GitRepos/KGNET/Datasets/trained_models/MorSE.best", "state_dir": "/home/afandi/GitRepos/KGNET/Datasets/trained_models/MorSE", "log_dir": "./log", "tb_log_dir": "./tb_log", "num_train_subgraph": 10000, "num_valid_subgraph": 200, "num_sample_for_estimate_size": 50, "rw_0": 10, "rw_1": 10, "rw_2": 5, "num_sample_cand": 5, "metatrain_num_neg": 64, "metatrain_num_epoch": 1, "metatrain_bs": 64, "metatrain_lr": 0.01, "metatrain_check_per_step": 5, "indtest_eval_bs": 512, "posttrain_num_neg": 64, "posttrain_bs": 512, "posttrain_lr": 0.001, "posttrain_num_epoch": 10, "posttrain_check_per_epoch": 1, "num_layers": 3, "num_bases": 4, "emb_dim": 32, "kge": "TransE", "gamma": 10, "adv_temp": 1, "gpu": "cpu", "seed": 1234, "ent_dim": 32, "rel_dim": 32, "data_path": "/home/afandi/GitRepos/KGNET/Datasets/YAGO_3-10_isConnectedTo_FG/YAGO_3-10_isConnectedTo_FG.pkl", "db_path": "/home/afandi/GitRepos/KGNET/Datasets/YAGO_3-10_isConnectedTo_FG_subgraph"}
2025-01-28 12:38:12 | YAGO_3-10_isConnectedTo_FG | df_test_g_train len=25724
2025-01-28 12:38:12 | YAGO_3-10_isConnectedTo_FG | df_train_g_test len=203750
2025-01-28 12:38:12 | YAGO_3-10_isConnectedTo_FG | df_train_g_train len=853097
2025-01-28 12:38:12 | YAGO_3-10_isConnectedTo_FG | df_train_g_valid len=13
2025-01-28 12:38:12 | YAGO_3-10_isConnectedTo_FG | df_test_g_valid len=2143
2025-01-28 12:38:14 | YAGO_3-10_isConnectedTo_FG | Sampling Time Sec=3.715247
2025-01-28 12:38:14 | YAGO_3-10_isConnectedTo_FG | {"dataset_name": "YAGO_3-10_isConnectedTo_FG", "name": "YAGO_3-10_isConnectedTo_FG", "root_path": "/home/afandi/GitRepos/KGNET/Datasets/", "loadTrainedModel": 1, "modelID": "YAGO_3-10_isConnectedTo_FG.model", "NUM_NODES": 100, "step": "meta_train", "metatrain_state": "/home/afandi/GitRepos/KGNET/Datasets/trained_models/MorSE.best", "state_dir": "/home/afandi/GitRepos/KGNET/Datasets/trained_models/MorSE", "log_dir": "./log", "tb_log_dir": "./tb_log", "num_train_subgraph": 10000, "num_valid_subgraph": 200, "num_sample_for_estimate_size": 50, "rw_0": 10, "rw_1": 10, "rw_2": 5, "num_sample_cand": 5, "metatrain_num_neg": 64, "metatrain_num_epoch": 1, "metatrain_bs": 64, "metatrain_lr": 0.01, "metatrain_check_per_step": 5, "indtest_eval_bs": 512, "posttrain_num_neg": 64, "posttrain_bs": 512, "posttrain_lr": 0.001, "posttrain_num_epoch": 10, "posttrain_check_per_epoch": 1, "num_layers": 3, "num_bases": 4, "emb_dim": 32, "kge": "TransE", "gamma": 10, "adv_temp": 1, "gpu": "cpu", "seed": 1234, "ent_dim": 32, "rel_dim": 32, "data_path": "/home/afandi/GitRepos/KGNET/Datasets/YAGO_3-10_isConnectedTo_FG/YAGO_3-10_isConnectedTo_FG.pkl", "db_path": "/home/afandi/GitRepos/KGNET/Datasets/YAGO_3-10_isConnectedTo_FG_subgraph"}
2025-01-28 12:41:24 | YAGO_3-10_isConnectedTo_FG | df_test_g_train len=25724
2025-01-28 12:41:24 | YAGO_3-10_isConnectedTo_FG | df_train_g_test len=203932
2025-01-28 12:41:24 | YAGO_3-10_isConnectedTo_FG | df_train_g_train len=852915
2025-01-28 12:41:24 | YAGO_3-10_isConnectedTo_FG | df_train_g_valid len=13
2025-01-28 12:41:24 | YAGO_3-10_isConnectedTo_FG | df_test_g_valid len=2143
2025-01-28 12:41:26 | YAGO_3-10_isConnectedTo_FG | Sampling Time Sec=3.657018
2025-01-28 12:41:26 | YAGO_3-10_isConnectedTo_FG | {"dataset_name": "YAGO_3-10_isConnectedTo_FG", "name": "YAGO_3-10_isConnectedTo_FG", "root_path": "/home/afandi/GitRepos/KGNET/Datasets/", "loadTrainedModel": 1, "modelID": "YAGO_3-10_isConnectedTo_FG.model", "NUM_NODES": 100, "step": "meta_train", "metatrain_state": "/home/afandi/GitRepos/KGNET/Datasets/trained_models/MorSE.best", "state_dir": "/home/afandi/GitRepos/KGNET/Datasets/trained_models/MorSE", "log_dir": "./log", "tb_log_dir": "./tb_log", "num_train_subgraph": 10000, "num_valid_subgraph": 200, "num_sample_for_estimate_size": 50, "rw_0": 10, "rw_1": 10, "rw_2": 5, "num_sample_cand": 5, "metatrain_num_neg": 64, "metatrain_num_epoch": 1, "metatrain_bs": 64, "metatrain_lr": 0.01, "metatrain_check_per_step": 5, "indtest_eval_bs": 512, "posttrain_num_neg": 64, "posttrain_bs": 512, "posttrain_lr": 0.001, "posttrain_num_epoch": 10, "posttrain_check_per_epoch": 1, "num_layers": 3, "num_bases": 4, "emb_dim": 32, "kge": "TransE", "gamma": 10, "adv_temp": 1, "gpu": "cpu", "seed": 1234, "ent_dim": 32, "rel_dim": 32, "data_path": "/home/afandi/GitRepos/KGNET/Datasets/YAGO_3-10_isConnectedTo_FG/YAGO_3-10_isConnectedTo_FG.pkl", "db_path": "/home/afandi/GitRepos/KGNET/Datasets/YAGO_3-10_isConnectedTo_FG_subgraph"}
2025-01-28 12:42:59 | YAGO_3-10_isConnectedTo_FG | df_test_g_train len=25724
2025-01-28 12:42:59 | YAGO_3-10_isConnectedTo_FG | df_train_g_test len=203869
2025-01-28 12:42:59 | YAGO_3-10_isConnectedTo_FG | df_train_g_train len=852978
2025-01-28 12:42:59 | YAGO_3-10_isConnectedTo_FG | df_train_g_valid len=13
2025-01-28 12:42:59 | YAGO_3-10_isConnectedTo_FG | df_test_g_valid len=2143
2025-01-28 12:43:01 | YAGO_3-10_isConnectedTo_FG | Sampling Time Sec=3.669222
2025-01-28 12:43:01 | YAGO_3-10_isConnectedTo_FG | {"dataset_name": "YAGO_3-10_isConnectedTo_FG", "name": "YAGO_3-10_isConnectedTo_FG", "root_path": "/home/afandi/GitRepos/KGNET/Datasets/", "loadTrainedModel": 1, "modelID": "YAGO_3-10_isConnectedTo_FG.model", "NUM_NODES": 100, "step": "meta_train", "metatrain_state": "/home/afandi/GitRepos/KGNET/Datasets/trained_models/MorSE.best", "state_dir": "/home/afandi/GitRepos/KGNET/Datasets/trained_models/MorSE", "log_dir": "./log", "tb_log_dir": "./tb_log", "num_train_subgraph": 10000, "num_valid_subgraph": 200, "num_sample_for_estimate_size": 50, "rw_0": 10, "rw_1": 10, "rw_2": 5, "num_sample_cand": 5, "metatrain_num_neg": 64, "metatrain_num_epoch": 1, "metatrain_bs": 64, "metatrain_lr": 0.01, "metatrain_check_per_step": 5, "indtest_eval_bs": 512, "posttrain_num_neg": 64, "posttrain_bs": 512, "posttrain_lr": 0.001, "posttrain_num_epoch": 10, "posttrain_check_per_epoch": 1, "num_layers": 3, "num_bases": 4, "emb_dim": 32, "kge": "TransE", "gamma": 10, "adv_temp": 1, "gpu": "cpu", "seed": 1234, "ent_dim": 32, "rel_dim": 32, "data_path": "/home/afandi/GitRepos/KGNET/Datasets/YAGO_3-10_isConnectedTo_FG/YAGO_3-10_isConnectedTo_FG.pkl", "db_path": "/home/afandi/GitRepos/KGNET/Datasets/YAGO_3-10_isConnectedTo_FG_subgraph"}
2025-01-28 12:45:01 | YAGO_3-10_isConnectedTo_FG | df_test_g_train len=25724
2025-01-28 12:45:01 | YAGO_3-10_isConnectedTo_FG | df_train_g_test len=204015
2025-01-28 12:45:01 | YAGO_3-10_isConnectedTo_FG | df_train_g_train len=852832
2025-01-28 12:45:01 | YAGO_3-10_isConnectedTo_FG | df_train_g_valid len=13
2025-01-28 12:45:01 | YAGO_3-10_isConnectedTo_FG | df_test_g_valid len=2143
2025-01-28 12:45:03 | YAGO_3-10_isConnectedTo_FG | Sampling Time Sec=5.712802
2025-01-28 12:45:04 | YAGO_3-10_isConnectedTo_FG | {"dataset_name": "YAGO_3-10_isConnectedTo_FG", "name": "YAGO_3-10_isConnectedTo_FG", "root_path": "/home/afandi/GitRepos/KGNET/Datasets/", "loadTrainedModel": 1, "modelID": "YAGO_3-10_isConnectedTo_FG.model", "NUM_NODES": 100, "step": "meta_train", "metatrain_state": "/home/afandi/GitRepos/KGNET/Datasets/trained_models/MorSE.best", "state_dir": "/home/afandi/GitRepos/KGNET/Datasets/trained_models/MorSE", "log_dir": "./log", "tb_log_dir": "./tb_log", "num_train_subgraph": 10000, "num_valid_subgraph": 200, "num_sample_for_estimate_size": 50, "rw_0": 10, "rw_1": 10, "rw_2": 5, "num_sample_cand": 5, "metatrain_num_neg": 64, "metatrain_num_epoch": 1, "metatrain_bs": 64, "metatrain_lr": 0.01, "metatrain_check_per_step": 5, "indtest_eval_bs": 512, "posttrain_num_neg": 64, "posttrain_bs": 512, "posttrain_lr": 0.001, "posttrain_num_epoch": 10, "posttrain_check_per_epoch": 1, "num_layers": 3, "num_bases": 4, "emb_dim": 32, "kge": "TransE", "gamma": 10, "adv_temp": 1, "gpu": "cpu", "seed": 1234, "ent_dim": 32, "rel_dim": 32, "data_path": "/home/afandi/GitRepos/KGNET/Datasets/YAGO_3-10_isConnectedTo_FG/YAGO_3-10_isConnectedTo_FG.pkl", "db_path": "/home/afandi/GitRepos/KGNET/Datasets/YAGO_3-10_isConnectedTo_FG_subgraph", "num_rel": 37}
2025-01-28 12:47:04 | YAGO_3-10_isConnectedTo_FG | df_test_g_train len=25724
2025-01-28 12:47:04 | YAGO_3-10_isConnectedTo_FG | df_train_g_test len=203882
2025-01-28 12:47:04 | YAGO_3-10_isConnectedTo_FG | df_train_g_train len=852965
2025-01-28 12:47:04 | YAGO_3-10_isConnectedTo_FG | df_train_g_valid len=13
2025-01-28 12:47:04 | YAGO_3-10_isConnectedTo_FG | df_test_g_valid len=2143
2025-01-28 12:47:06 | YAGO_3-10_isConnectedTo_FG | Sampling Time Sec=5.696586
2025-01-28 12:47:07 | YAGO_3-10_isConnectedTo_FG | {"dataset_name": "YAGO_3-10_isConnectedTo_FG", "name": "YAGO_3-10_isConnectedTo_FG", "root_path": "/home/afandi/GitRepos/KGNET/Datasets/", "loadTrainedModel": 1, "modelID": "YAGO_3-10_isConnectedTo_FG.model", "NUM_NODES": 100, "step": "meta_train", "metatrain_state": "/home/afandi/GitRepos/KGNET/Datasets/trained_models/MorSE.best", "state_dir": "/home/afandi/GitRepos/KGNET/Datasets/trained_models/MorSE", "log_dir": "./log", "tb_log_dir": "./tb_log", "num_train_subgraph": 10000, "num_valid_subgraph": 200, "num_sample_for_estimate_size": 50, "rw_0": 10, "rw_1": 10, "rw_2": 5, "num_sample_cand": 5, "metatrain_num_neg": 64, "metatrain_num_epoch": 1, "metatrain_bs": 64, "metatrain_lr": 0.01, "metatrain_check_per_step": 5, "indtest_eval_bs": 512, "posttrain_num_neg": 64, "posttrain_bs": 512, "posttrain_lr": 0.001, "posttrain_num_epoch": 10, "posttrain_check_per_epoch": 1, "num_layers": 3, "num_bases": 4, "emb_dim": 32, "kge": "TransE", "gamma": 10, "adv_temp": 1, "gpu": "cpu", "seed": 1234, "ent_dim": 32, "rel_dim": 32, "data_path": "/home/afandi/GitRepos/KGNET/Datasets/YAGO_3-10_isConnectedTo_FG/YAGO_3-10_isConnectedTo_FG.pkl", "db_path": "/home/afandi/GitRepos/KGNET/Datasets/YAGO_3-10_isConnectedTo_FG_subgraph", "num_rel": 37}
2025-01-28 12:48:37 | YAGO_3-10_isConnectedTo_FG | df_test_g_train len=25724
2025-01-28 12:48:38 | YAGO_3-10_isConnectedTo_FG | df_train_g_test len=203547
2025-01-28 12:48:38 | YAGO_3-10_isConnectedTo_FG | df_train_g_train len=853300
2025-01-28 12:48:38 | YAGO_3-10_isConnectedTo_FG | df_train_g_valid len=13
2025-01-28 12:48:38 | YAGO_3-10_isConnectedTo_FG | df_test_g_valid len=2143
2025-01-28 12:48:40 | YAGO_3-10_isConnectedTo_FG | Sampling Time Sec=5.704272
2025-01-28 12:48:41 | YAGO_3-10_isConnectedTo_FG | {"dataset_name": "YAGO_3-10_isConnectedTo_FG", "name": "YAGO_3-10_isConnectedTo_FG", "root_path": "/home/afandi/GitRepos/KGNET/Datasets/", "loadTrainedModel": 1, "modelID": "YAGO_3-10_isConnectedTo_FG.model", "NUM_NODES": 100, "step": "meta_train", "metatrain_state": "/home/afandi/GitRepos/KGNET/Datasets/trained_models/MorSE.best", "state_dir": "/home/afandi/GitRepos/KGNET/Datasets/trained_models/MorSE", "log_dir": "./log", "tb_log_dir": "./tb_log", "num_train_subgraph": 10000, "num_valid_subgraph": 200, "num_sample_for_estimate_size": 50, "rw_0": 10, "rw_1": 10, "rw_2": 5, "num_sample_cand": 5, "metatrain_num_neg": 64, "metatrain_num_epoch": 1, "metatrain_bs": 64, "metatrain_lr": 0.01, "metatrain_check_per_step": 5, "indtest_eval_bs": 512, "posttrain_num_neg": 64, "posttrain_bs": 512, "posttrain_lr": 0.001, "posttrain_num_epoch": 10, "posttrain_check_per_epoch": 1, "num_layers": 3, "num_bases": 4, "emb_dim": 32, "kge": "TransE", "gamma": 10, "adv_temp": 1, "gpu": "cpu", "seed": 1234, "ent_dim": 32, "rel_dim": 32, "data_path": "/home/afandi/GitRepos/KGNET/Datasets/YAGO_3-10_isConnectedTo_FG/YAGO_3-10_isConnectedTo_FG.pkl", "db_path": "/home/afandi/GitRepos/KGNET/Datasets/YAGO_3-10_isConnectedTo_FG_subgraph", "num_rel": 37}
2025-01-28 12:51:44 | YAGO_3-10_isConnectedTo_FG | df_test_g_train len=25724
2025-01-28 12:51:44 | YAGO_3-10_isConnectedTo_FG | df_train_g_test len=203822
2025-01-28 12:51:44 | YAGO_3-10_isConnectedTo_FG | df_train_g_train len=853025
2025-01-28 12:51:44 | YAGO_3-10_isConnectedTo_FG | df_train_g_valid len=13
2025-01-28 12:51:44 | YAGO_3-10_isConnectedTo_FG | df_test_g_valid len=2143
2025-01-28 12:51:46 | YAGO_3-10_isConnectedTo_FG | Sampling Time Sec=5.715031
2025-01-28 12:51:47 | YAGO_3-10_isConnectedTo_FG | {"dataset_name": "YAGO_3-10_isConnectedTo_FG", "name": "YAGO_3-10_isConnectedTo_FG", "root_path": "/home/afandi/GitRepos/KGNET/Datasets/", "loadTrainedModel": 1, "modelID": "YAGO_3-10_isConnectedTo_FG.model", "NUM_NODES": 100, "step": "meta_train", "metatrain_state": "/home/afandi/GitRepos/KGNET/Datasets/trained_models/MorSE.best", "state_dir": "/home/afandi/GitRepos/KGNET/Datasets/trained_models/MorSE", "log_dir": "./log", "tb_log_dir": "./tb_log", "num_train_subgraph": 10000, "num_valid_subgraph": 200, "num_sample_for_estimate_size": 50, "rw_0": 10, "rw_1": 10, "rw_2": 5, "num_sample_cand": 5, "metatrain_num_neg": 64, "metatrain_num_epoch": 1, "metatrain_bs": 64, "metatrain_lr": 0.01, "metatrain_check_per_step": 5, "indtest_eval_bs": 512, "posttrain_num_neg": 64, "posttrain_bs": 512, "posttrain_lr": 0.001, "posttrain_num_epoch": 10, "posttrain_check_per_epoch": 1, "num_layers": 3, "num_bases": 4, "emb_dim": 32, "kge": "TransE", "gamma": 10, "adv_temp": 1, "gpu": "cpu", "seed": 1234, "ent_dim": 32, "rel_dim": 32, "data_path": "/home/afandi/GitRepos/KGNET/Datasets/YAGO_3-10_isConnectedTo_FG/YAGO_3-10_isConnectedTo_FG.pkl", "db_path": "/home/afandi/GitRepos/KGNET/Datasets/YAGO_3-10_isConnectedTo_FG_subgraph", "num_rel": 37}
2025-01-28 13:07:46 | YAGO_3-10_isConnectedTo_FG | df_test_g_train len=25724
2025-01-28 13:07:46 | YAGO_3-10_isConnectedTo_FG | df_train_g_test len=203732
2025-01-28 13:07:46 | YAGO_3-10_isConnectedTo_FG | df_train_g_train len=853115
2025-01-28 13:07:46 | YAGO_3-10_isConnectedTo_FG | df_train_g_valid len=13
2025-01-28 13:07:46 | YAGO_3-10_isConnectedTo_FG | df_test_g_valid len=2143
2025-01-28 13:07:48 | YAGO_3-10_isConnectedTo_FG | Sampling Time Sec=5.757791
2025-01-28 13:07:49 | YAGO_3-10_isConnectedTo_FG | {"dataset_name": "YAGO_3-10_isConnectedTo_FG", "name": "YAGO_3-10_isConnectedTo_FG", "root_path": "/home/afandi/GitRepos/KGNET/Datasets/", "loadTrainedModel": 1, "modelID": "YAGO_3-10_isConnectedTo_FG.model", "NUM_NODES": 100, "step": "meta_train", "metatrain_state": "/home/afandi/GitRepos/KGNET/Datasets/trained_models/MorSE.best", "state_dir": "/home/afandi/GitRepos/KGNET/Datasets/trained_models/MorSE", "log_dir": "./log", "tb_log_dir": "./tb_log", "num_train_subgraph": 10000, "num_valid_subgraph": 200, "num_sample_for_estimate_size": 50, "rw_0": 10, "rw_1": 10, "rw_2": 5, "num_sample_cand": 5, "metatrain_num_neg": 64, "metatrain_num_epoch": 1, "metatrain_bs": 64, "metatrain_lr": 0.01, "metatrain_check_per_step": 5, "indtest_eval_bs": 512, "posttrain_num_neg": 64, "posttrain_bs": 512, "posttrain_lr": 0.001, "posttrain_num_epoch": 10, "posttrain_check_per_epoch": 1, "num_layers": 3, "num_bases": 4, "emb_dim": 32, "kge": "TransE", "gamma": 10, "adv_temp": 1, "gpu": "cpu", "seed": 1234, "ent_dim": 32, "rel_dim": 32, "data_path": "/home/afandi/GitRepos/KGNET/Datasets/YAGO_3-10_isConnectedTo_FG/YAGO_3-10_isConnectedTo_FG.pkl", "db_path": "/home/afandi/GitRepos/KGNET/Datasets/YAGO_3-10_isConnectedTo_FG_subgraph", "num_rel": 37}
2025-01-28 13:08:05 | YAGO_3-10_isConnectedTo_FG | df_test_g_train len=25724
2025-01-28 13:08:06 | YAGO_3-10_isConnectedTo_FG | df_train_g_test len=203833
2025-01-28 13:08:06 | YAGO_3-10_isConnectedTo_FG | df_train_g_train len=853014
2025-01-28 13:08:06 | YAGO_3-10_isConnectedTo_FG | df_train_g_valid len=13
2025-01-28 13:08:06 | YAGO_3-10_isConnectedTo_FG | df_test_g_valid len=2143
2025-01-28 13:08:08 | YAGO_3-10_isConnectedTo_FG | Sampling Time Sec=6.916643
2025-01-28 13:08:09 | YAGO_3-10_isConnectedTo_FG | {"dataset_name": "YAGO_3-10_isConnectedTo_FG", "name": "YAGO_3-10_isConnectedTo_FG", "root_path": "/home/afandi/GitRepos/KGNET/Datasets/", "loadTrainedModel": 1, "modelID": "YAGO_3-10_isConnectedTo_FG.model", "NUM_NODES": 100, "step": "meta_train", "metatrain_state": "/home/afandi/GitRepos/KGNET/Datasets/trained_models/MorSE.best", "state_dir": "/home/afandi/GitRepos/KGNET/Datasets/trained_models/MorSE", "log_dir": "./log", "tb_log_dir": "./tb_log", "num_train_subgraph": 10000, "num_valid_subgraph": 200, "num_sample_for_estimate_size": 50, "rw_0": 10, "rw_1": 10, "rw_2": 5, "num_sample_cand": 5, "metatrain_num_neg": 64, "metatrain_num_epoch": 1, "metatrain_bs": 64, "metatrain_lr": 0.01, "metatrain_check_per_step": 5, "indtest_eval_bs": 512, "posttrain_num_neg": 64, "posttrain_bs": 512, "posttrain_lr": 0.001, "posttrain_num_epoch": 10, "posttrain_check_per_epoch": 1, "num_layers": 3, "num_bases": 4, "emb_dim": 32, "kge": "TransE", "gamma": 10, "adv_temp": 1, "gpu": "cpu", "seed": 1234, "ent_dim": 32, "rel_dim": 32, "data_path": "/home/afandi/GitRepos/KGNET/Datasets/YAGO_3-10_isConnectedTo_FG/YAGO_3-10_isConnectedTo_FG.pkl", "db_path": "/home/afandi/GitRepos/KGNET/Datasets/YAGO_3-10_isConnectedTo_FG_subgraph", "num_rel": 37}
2025-01-28 15:51:08 | YAGO_3-10_isConnectedTo_FG | df_test_g_train len=25724
2025-01-28 15:51:08 | YAGO_3-10_isConnectedTo_FG | df_train_g_test len=203688
2025-01-28 15:51:08 | YAGO_3-10_isConnectedTo_FG | df_train_g_train len=853159
2025-01-28 15:51:08 | YAGO_3-10_isConnectedTo_FG | df_train_g_valid len=13
2025-01-28 15:51:08 | YAGO_3-10_isConnectedTo_FG | df_test_g_valid len=2143
2025-01-28 15:51:10 | YAGO_3-10_isConnectedTo_FG | Sampling Time Sec=10.363203
2025-01-28 15:51:13 | YAGO_3-10_isConnectedTo_FG | {"dataset_name": "YAGO_3-10_isConnectedTo_FG", "name": "YAGO_3-10_isConnectedTo_FG", "root_path": "/home/afandi/GitRepos/KGNET/Datasets/", "loadTrainedModel": 0, "modelID": "YAGO_3-10_isConnectedTo_FG.model", "NUM_NODES": 100, "step": "meta_train", "metatrain_state": "/home/afandi/GitRepos/KGNET/Datasets/trained_models/MorSE.best", "state_dir": "/home/afandi/GitRepos/KGNET/Datasets/trained_models/MorSE", "log_dir": "./log", "tb_log_dir": "./tb_log", "num_train_subgraph": 10000, "num_valid_subgraph": 200, "num_sample_for_estimate_size": 50, "rw_0": 10, "rw_1": 10, "rw_2": 5, "num_sample_cand": 5, "metatrain_num_neg": 64, "metatrain_num_epoch": 1, "metatrain_bs": 64, "metatrain_lr": 0.01, "metatrain_check_per_step": 5, "indtest_eval_bs": 512, "posttrain_num_neg": 64, "posttrain_bs": 512, "posttrain_lr": 0.001, "posttrain_num_epoch": 10, "posttrain_check_per_epoch": 1, "num_layers": 3, "num_bases": 4, "emb_dim": 32, "kge": "TransE", "gamma": 10, "adv_temp": 1, "gpu": "cpu", "seed": 1234, "ent_dim": 32, "rel_dim": 32, "data_path": "/home/afandi/GitRepos/KGNET/Datasets/YAGO_3-10_isConnectedTo_FG/YAGO_3-10_isConnectedTo_FG.pkl", "db_path": "/home/afandi/GitRepos/KGNET/Datasets/YAGO_3-10_isConnectedTo_FG_subgraph", "num_rel": 37}
2025-01-28 16:30:16 | YAGO_3-10_isConnectedTo_FG | df_test_g_train len=25724
2025-01-28 16:30:17 | YAGO_3-10_isConnectedTo_FG | df_train_g_test len=203653
2025-01-28 16:30:17 | YAGO_3-10_isConnectedTo_FG | df_train_g_train len=853194
2025-01-28 16:30:17 | YAGO_3-10_isConnectedTo_FG | df_train_g_valid len=13
2025-01-28 16:30:17 | YAGO_3-10_isConnectedTo_FG | df_test_g_valid len=2143
2025-01-28 16:30:19 | YAGO_3-10_isConnectedTo_FG | Sampling Time Sec=10.891829
2025-01-28 16:30:22 | YAGO_3-10_isConnectedTo_FG | {"dataset_name": "YAGO_3-10_isConnectedTo_FG", "name": "YAGO_3-10_isConnectedTo_FG", "root_path": "/home/afandi/GitRepos/KGNET/Datasets/", "loadTrainedModel": 0, "modelID": "YAGO_3-10_isConnectedTo_FG.model", "NUM_NODES": 100, "step": "meta_train", "metatrain_state": "/home/afandi/GitRepos/KGNET/Datasets/trained_models/MorSE.best", "state_dir": "/home/afandi/GitRepos/KGNET/Datasets/trained_models/MorSE", "log_dir": "./log", "tb_log_dir": "./tb_log", "num_train_subgraph": 10000, "num_valid_subgraph": 200, "num_sample_for_estimate_size": 50, "rw_0": 10, "rw_1": 10, "rw_2": 5, "num_sample_cand": 5, "metatrain_num_neg": 64, "metatrain_num_epoch": 1, "metatrain_bs": 64, "metatrain_lr": 0.01, "metatrain_check_per_step": 5, "indtest_eval_bs": 512, "posttrain_num_neg": 64, "posttrain_bs": 512, "posttrain_lr": 0.001, "posttrain_num_epoch": 10, "posttrain_check_per_epoch": 1, "num_layers": 3, "num_bases": 4, "emb_dim": 32, "kge": "TransE", "gamma": 10, "adv_temp": 1, "gpu": "cpu", "seed": 1234, "ent_dim": 32, "rel_dim": 32, "data_path": "/home/afandi/GitRepos/KGNET/Datasets/YAGO_3-10_isConnectedTo_FG/YAGO_3-10_isConnectedTo_FG.pkl", "db_path": "/home/afandi/GitRepos/KGNET/Datasets/YAGO_3-10_isConnectedTo_FG_subgraph", "num_rel": 37}
2025-01-28 16:35:01 | YAGO_3-10_isConnectedTo_FG | start meta-training
2025-01-28 16:35:01 | YAGO_3-10_isConnectedTo_FG | resource.struct_rusage(ru_utime=14.715463, ru_stime=1.243096, ru_maxrss=3405684, ru_ixrss=0, ru_idrss=0, ru_isrss=0, ru_minflt=341868, ru_majflt=0, ru_nswap=0, ru_inblock=0, ru_oublock=30608, ru_msgsnd=0, ru_msgrcv=0, ru_nsignals=0, ru_nvcsw=32934, ru_nivcsw=380)
2025-01-28 16:35:11 | YAGO_3-10_isConnectedTo_FG | epoch:0 | step: 1 | loss: 1.8189
2025-01-28 16:35:14 | YAGO_3-10_isConnectedTo_FG | epoch:0 | step: 2 | loss: 2.0887
2025-01-28 16:35:17 | YAGO_3-10_isConnectedTo_FG | epoch:0 | step: 3 | loss: 1.6408
2025-01-28 16:35:20 | YAGO_3-10_isConnectedTo_FG | epoch:0 | step: 4 | loss: 1.4448
2025-01-28 16:35:23 | YAGO_3-10_isConnectedTo_FG | epoch:0 | step: 5 | loss: 1.3756
2025-01-28 16:41:03 | YAGO_3-10_isConnectedTo_FG | df_test_g_train len=25724
2025-01-28 16:41:03 | YAGO_3-10_isConnectedTo_FG | df_train_g_test len=203916
2025-01-28 16:41:03 | YAGO_3-10_isConnectedTo_FG | df_train_g_train len=852931
2025-01-28 16:41:03 | YAGO_3-10_isConnectedTo_FG | df_train_g_valid len=13
2025-01-28 16:41:03 | YAGO_3-10_isConnectedTo_FG | df_test_g_valid len=2143
2025-01-28 16:41:05 | YAGO_3-10_isConnectedTo_FG | Sampling Time Sec=5.816383
2025-01-28 16:41:06 | YAGO_3-10_isConnectedTo_FG | {"dataset_name": "YAGO_3-10_isConnectedTo_FG", "name": "YAGO_3-10_isConnectedTo_FG", "root_path": "/home/afandi/GitRepos/KGNET/Datasets/", "loadTrainedModel": 1, "modelID": "YAGO_3-10_isConnectedTo_FG.model", "NUM_NODES": 100, "step": "meta_train", "metatrain_state": "/home/afandi/GitRepos/KGNET/Datasets/trained_models/MorSE.best", "state_dir": "/home/afandi/GitRepos/KGNET/Datasets/trained_models/MorSE", "log_dir": "./log", "tb_log_dir": "./tb_log", "num_train_subgraph": 10000, "num_valid_subgraph": 200, "num_sample_for_estimate_size": 50, "rw_0": 10, "rw_1": 10, "rw_2": 5, "num_sample_cand": 5, "metatrain_num_neg": 64, "metatrain_num_epoch": 1, "metatrain_bs": 64, "metatrain_lr": 0.01, "metatrain_check_per_step": 5, "indtest_eval_bs": 512, "posttrain_num_neg": 64, "posttrain_bs": 512, "posttrain_lr": 0.001, "posttrain_num_epoch": 10, "posttrain_check_per_epoch": 1, "num_layers": 3, "num_bases": 4, "emb_dim": 32, "kge": "TransE", "gamma": 10, "adv_temp": 1, "gpu": "cpu", "seed": 1234, "ent_dim": 32, "rel_dim": 32, "data_path": "/home/afandi/GitRepos/KGNET/Datasets/YAGO_3-10_isConnectedTo_FG/YAGO_3-10_isConnectedTo_FG.pkl", "db_path": "/home/afandi/GitRepos/KGNET/Datasets/YAGO_3-10_isConnectedTo_FG_subgraph", "num_rel": 37}
